This file contains any messages produced by compilers while
running configure, to aid debugging if configure makes a mistake.

It was created by gnupg configure 2.2.5-unknown, which was
generated by GNU Autoconf 2.69.  Invocation command line was

  $ ./configure --host=m68k-atari-mint --prefix=/usr --disable-shared --libdir=${exec_prefix}/lib/m68020-60

## --------- ##
## Platform. ##
## --------- ##

hostname = earendil
uname -m = x86_64
uname -r = 4.15.13-1-default
uname -s = Linux
uname -v = #1 SMP PREEMPT Sun Mar 25 08:34:58 UTC 2018 (950fc49)

/usr/bin/uname -p = x86_64
/bin/uname -X     = unknown

/bin/arch              = x86_64
/usr/bin/arch -k       = unknown
/usr/convex/getsysinfo = unknown
/usr/bin/hostinfo      = unknown
/bin/machine           = unknown
/usr/bin/oslevel       = unknown
/bin/universe          = unknown

PATH: /home/sebilla/mintstd/binary7-package/usr/bin
PATH: /home/sebilla/bin
PATH: /usr/local/bin
PATH: /usr/bin
PATH: /bin
PATH: /sbin
PATH: /usr/sbin


## ----------- ##
## Core tests. ##
## ----------- ##

configure:2958: checking for a BSD-compatible install
configure:3026: result: /usr/bin/install -c
configure:3037: checking whether build environment is sane
configure:3092: result: yes
configure:3151: checking for m68k-atari-mint-strip
configure:3167: found /home/sebilla/mintstd/binary7-package/usr/bin/m68k-atari-mint-strip
configure:3178: result: m68k-atari-mint-strip
configure:3243: checking for a thread-safe mkdir -p
configure:3282: result: /usr/bin/mkdir -p
configure:3289: checking for gawk
configure:3305: found /usr/bin/gawk
configure:3316: result: gawk
configure:3327: checking whether make sets $(MAKE)
configure:3349: result: yes
configure:3378: checking whether make supports nested variables
configure:3395: result: yes
configure:3525: checking build system type
configure:3539: result: x86_64-pc-linux-gnu
configure:3559: checking host system type
configure:3572: result: m68k-atari-mint
configure:3596: autobuild project... gnupg
configure:3598: autobuild revision... 2.2.5-unknown
configure:3602: autobuild hostname... earendil
configure:3611: autobuild timestamp... 20180515-171834
configure:3620: checking whether make supports the include directive
configure:3635: make -f confmf.GNU && cat confinc.out
this is the am__doit target
configure:3638: $? = 0
configure:3657: result: yes (GNU style)
configure:3687: checking for m68k-atari-mint-gcc
configure:3703: found /home/sebilla/mintstd/binary7-package/usr/bin/m68k-atari-mint-gcc
configure:3714: result: m68k-atari-mint-gcc
configure:3983: checking for C compiler version
configure:3992: m68k-atari-mint-gcc --version >&5
m68k-atari-mint-gcc (MiNT 20180504) 8.1.0
Copyright (C) 2018 Free Software Foundation, Inc.
This is free software; see the source for copying conditions.  There is NO
warranty; not even for MERCHANTABILITY or FITNESS FOR A PARTICULAR PURPOSE.

configure:4003: $? = 0
configure:3992: m68k-atari-mint-gcc -v >&5
Using built-in specs.
COLLECT_GCC=m68k-atari-mint-gcc
COLLECT_LTO_WRAPPER=/home/sebilla/mintstd/binary7-package/usr/bin/../lib64/gcc/m68k-atari-mint/8/lto-wrapper
Target: m68k-atari-mint
Configured with: /home/sebilla/m68k-atari-mint-gcc/configure --target=m68k-atari-mint --build=x86_64-suse-linux-gnu --prefix=/usr --libdir=/usr/lib64 --bindir=/usr/bin --libexecdir='' 'CFLAGS_FOR_BUILD=-O2 -fomit-frame-pointer' CFLAGS='-O2 -fomit-frame-pointer' 'CXXFLAGS_FOR_BUILD=-O2 -fomit-frame-pointer' CXXFLAGS='-O2 -fomit-frame-pointer' 'BOOT_CFLAGS=-O2 -fomit-frame-pointer' 'CFLAGS_FOR_TARGET=-O2 -fomit-frame-pointer' 'CXXFLAGS_FOR_TARGET=-O2 -fomit-frame-pointer' LDFLAGS_FOR_BUILD= LDFLAGS= --with-pkgversion='MiNT 20180504' --disable-libvtv --disable-libmpx --disable-libcc1 --disable-werror --with-gxx-include-dir=/usr/m68k-atari-mint/sys-root/usr/include/c++/8 --with-gcc-major-version-only --with-gcc --with-gnu-as --with-gnu-ld --with-system-zlib --disable-libgomp --without-newlib --disable-libstdcxx-pch --disable-threads --disable-win32-registry --disable-lto --enable-ssp --enable-libssp --disable-plugin --enable-decimal-float --disable-nls --with-libiconv-prefix=/usr --with-libintl-prefix=/usr --with-sysroot=/usr/m68k-atari-mint/sys-root --enable-languages=c,c++
Thread model: single
gcc version 8.1.0 (MiNT 20180504) 
configure:4003: $? = 0
configure:3992: m68k-atari-mint-gcc -V >&5
m68k-atari-mint-gcc: error: unrecognized command line option '-V'
m68k-atari-mint-gcc: fatal error: no input files
compilation terminated.
configure:4003: $? = 1
configure:3992: m68k-atari-mint-gcc -qversion >&5
m68k-atari-mint-gcc: error: unrecognized command line option '-qversion'; did you mean '--version'?
m68k-atari-mint-gcc: fatal error: no input files
compilation terminated.
configure:4003: $? = 1
configure:4023: checking whether the C compiler works
configure:4045: m68k-atari-mint-gcc -m68020-60 -O2 -fomit-frame-pointer  -m68020-60 -O2 -fomit-frame-pointer conftest.c  >&5
configure:4049: $? = 0
configure:4097: result: yes
configure:4100: checking for C compiler default output file name
configure:4102: result: a.out
configure:4108: checking for suffix of executables
configure:4115: m68k-atari-mint-gcc -o conftest -m68020-60 -O2 -fomit-frame-pointer  -m68020-60 -O2 -fomit-frame-pointer conftest.c  >&5
configure:4119: $? = 0
configure:4141: result: 
configure:4163: checking whether we are cross compiling
configure:4171: m68k-atari-mint-gcc -o conftest -m68020-60 -O2 -fomit-frame-pointer  -m68020-60 -O2 -fomit-frame-pointer conftest.c  >&5
configure:4175: $? = 0
configure:4182: ./conftest
./configure: line 4184: ./conftest: cannot execute binary file: Exec format error
configure:4186: $? = 126
configure:4201: result: yes
configure:4206: checking for suffix of object files
configure:4228: m68k-atari-mint-gcc -c -m68020-60 -O2 -fomit-frame-pointer  conftest.c >&5
configure:4232: $? = 0
configure:4253: result: o
configure:4257: checking whether we are using the GNU C compiler
configure:4276: m68k-atari-mint-gcc -c -m68020-60 -O2 -fomit-frame-pointer  conftest.c >&5
configure:4276: $? = 0
configure:4285: result: yes
configure:4294: checking whether m68k-atari-mint-gcc accepts -g
configure:4314: m68k-atari-mint-gcc -c -g  conftest.c >&5
configure:4314: $? = 0
configure:4355: result: yes
configure:4372: checking for m68k-atari-mint-gcc option to accept ISO C89
configure:4435: m68k-atari-mint-gcc  -c -m68020-60 -O2 -fomit-frame-pointer  conftest.c >&5
configure:4435: $? = 0
configure:4448: result: none needed
configure:4473: checking whether m68k-atari-mint-gcc understands -c and -o together
configure:4495: m68k-atari-mint-gcc -c conftest.c -o conftest2.o
configure:4498: $? = 0
configure:4495: m68k-atari-mint-gcc -c conftest.c -o conftest2.o
configure:4498: $? = 0
configure:4510: result: yes
configure:4529: checking dependency style of m68k-atari-mint-gcc
configure:4640: result: gcc3
configure:4661: checking how to run the C preprocessor
configure:4692: m68k-atari-mint-gcc -E  conftest.c
configure:4692: $? = 0
configure:4706: m68k-atari-mint-gcc -E  conftest.c
conftest.c:12:10: fatal error: ac_nonexistent.h: No such file or directory
 #include <ac_nonexistent.h>
          ^~~~~~~~~~~~~~~~~~
compilation terminated.
configure:4706: $? = 1
configure: failed program was:
| /* confdefs.h */
| #define PACKAGE_NAME "gnupg"
| #define PACKAGE_TARNAME "gnupg"
| #define PACKAGE_VERSION "2.2.5-unknown"
| #define PACKAGE_STRING "gnupg 2.2.5-unknown"
| #define PACKAGE_BUGREPORT "https://bugs.gnupg.org"
| #define PACKAGE_URL ""
| #define GNUPG_SWDB_TAG "gnupg22"
| #define PACKAGE "gnupg"
| #define VERSION "2.2.5-unknown"
| /* end confdefs.h.  */
| #include <ac_nonexistent.h>
configure:4731: result: m68k-atari-mint-gcc -E
configure:4751: m68k-atari-mint-gcc -E  conftest.c
configure:4751: $? = 0
configure:4765: m68k-atari-mint-gcc -E  conftest.c
conftest.c:12:10: fatal error: ac_nonexistent.h: No such file or directory
 #include <ac_nonexistent.h>
          ^~~~~~~~~~~~~~~~~~
compilation terminated.
configure:4765: $? = 1
configure: failed program was:
| /* confdefs.h */
| #define PACKAGE_NAME "gnupg"
| #define PACKAGE_TARNAME "gnupg"
| #define PACKAGE_VERSION "2.2.5-unknown"
| #define PACKAGE_STRING "gnupg 2.2.5-unknown"
| #define PACKAGE_BUGREPORT "https://bugs.gnupg.org"
| #define PACKAGE_URL ""
| #define GNUPG_SWDB_TAG "gnupg22"
| #define PACKAGE "gnupg"
| #define VERSION "2.2.5-unknown"
| /* end confdefs.h.  */
| #include <ac_nonexistent.h>
configure:4794: checking for grep that handles long lines and -e
configure:4852: result: /usr/bin/grep
configure:4857: checking for egrep
configure:4919: result: /usr/bin/grep -E
configure:4924: checking for ANSI C header files
configure:4944: m68k-atari-mint-gcc -c -m68020-60 -O2 -fomit-frame-pointer  conftest.c >&5
configure:4944: $? = 0
configure:5028: result: yes
configure:5041: checking for sys/types.h
configure:5041: m68k-atari-mint-gcc -c -m68020-60 -O2 -fomit-frame-pointer  conftest.c >&5
configure:5041: $? = 0
configure:5041: result: yes
configure:5041: checking for sys/stat.h
configure:5041: m68k-atari-mint-gcc -c -m68020-60 -O2 -fomit-frame-pointer  conftest.c >&5
configure:5041: $? = 0
configure:5041: result: yes
configure:5041: checking for stdlib.h
configure:5041: m68k-atari-mint-gcc -c -m68020-60 -O2 -fomit-frame-pointer  conftest.c >&5
configure:5041: $? = 0
configure:5041: result: yes
configure:5041: checking for string.h
configure:5041: m68k-atari-mint-gcc -c -m68020-60 -O2 -fomit-frame-pointer  conftest.c >&5
configure:5041: $? = 0
configure:5041: result: yes
configure:5041: checking for memory.h
configure:5041: m68k-atari-mint-gcc -c -m68020-60 -O2 -fomit-frame-pointer  conftest.c >&5
configure:5041: $? = 0
configure:5041: result: yes
configure:5041: checking for strings.h
configure:5041: m68k-atari-mint-gcc -c -m68020-60 -O2 -fomit-frame-pointer  conftest.c >&5
configure:5041: $? = 0
configure:5041: result: yes
configure:5041: checking for inttypes.h
configure:5041: m68k-atari-mint-gcc -c -m68020-60 -O2 -fomit-frame-pointer  conftest.c >&5
configure:5041: $? = 0
configure:5041: result: yes
configure:5041: checking for stdint.h
configure:5041: m68k-atari-mint-gcc -c -m68020-60 -O2 -fomit-frame-pointer  conftest.c >&5
configure:5041: $? = 0
configure:5041: result: yes
configure:5041: checking for unistd.h
configure:5041: m68k-atari-mint-gcc -c -m68020-60 -O2 -fomit-frame-pointer  conftest.c >&5
configure:5041: $? = 0
configure:5041: result: yes
configure:5054: checking minix/config.h usability
configure:5054: m68k-atari-mint-gcc -c -m68020-60 -O2 -fomit-frame-pointer  conftest.c >&5
conftest.c:55:10: fatal error: minix/config.h: No such file or directory
 #include <minix/config.h>
          ^~~~~~~~~~~~~~~~
compilation terminated.
configure:5054: $? = 1
configure: failed program was:
| /* confdefs.h */
| #define PACKAGE_NAME "gnupg"
| #define PACKAGE_TARNAME "gnupg"
| #define PACKAGE_VERSION "2.2.5-unknown"
| #define PACKAGE_STRING "gnupg 2.2.5-unknown"
| #define PACKAGE_BUGREPORT "https://bugs.gnupg.org"
| #define PACKAGE_URL ""
| #define GNUPG_SWDB_TAG "gnupg22"
| #define PACKAGE "gnupg"
| #define VERSION "2.2.5-unknown"
| #define STDC_HEADERS 1
| #define HAVE_SYS_TYPES_H 1
| #define HAVE_SYS_STAT_H 1
| #define HAVE_STDLIB_H 1
| #define HAVE_STRING_H 1
| #define HAVE_MEMORY_H 1
| #define HAVE_STRINGS_H 1
| #define HAVE_INTTYPES_H 1
| #define HAVE_STDINT_H 1
| #define HAVE_UNISTD_H 1
| /* end confdefs.h.  */
| #include <stdio.h>
| #ifdef HAVE_SYS_TYPES_H
| # include <sys/types.h>
| #endif
| #ifdef HAVE_SYS_STAT_H
| # include <sys/stat.h>
| #endif
| #ifdef STDC_HEADERS
| # include <stdlib.h>
| # include <stddef.h>
| #else
| # ifdef HAVE_STDLIB_H
| #  include <stdlib.h>
| # endif
| #endif
| #ifdef HAVE_STRING_H
| # if !defined STDC_HEADERS && defined HAVE_MEMORY_H
| #  include <memory.h>
| # endif
| # include <string.h>
| #endif
| #ifdef HAVE_STRINGS_H
| # include <strings.h>
| #endif
| #ifdef HAVE_INTTYPES_H
| # include <inttypes.h>
| #endif
| #ifdef HAVE_STDINT_H
| # include <stdint.h>
| #endif
| #ifdef HAVE_UNISTD_H
| # include <unistd.h>
| #endif
| #include <minix/config.h>
configure:5054: result: no
configure:5054: checking minix/config.h presence
configure:5054: m68k-atari-mint-gcc -E  conftest.c
conftest.c:22:10: fatal error: minix/config.h: No such file or directory
 #include <minix/config.h>
          ^~~~~~~~~~~~~~~~
compilation terminated.
configure:5054: $? = 1
configure: failed program was:
| /* confdefs.h */
| #define PACKAGE_NAME "gnupg"
| #define PACKAGE_TARNAME "gnupg"
| #define PACKAGE_VERSION "2.2.5-unknown"
| #define PACKAGE_STRING "gnupg 2.2.5-unknown"
| #define PACKAGE_BUGREPORT "https://bugs.gnupg.org"
| #define PACKAGE_URL ""
| #define GNUPG_SWDB_TAG "gnupg22"
| #define PACKAGE "gnupg"
| #define VERSION "2.2.5-unknown"
| #define STDC_HEADERS 1
| #define HAVE_SYS_TYPES_H 1
| #define HAVE_SYS_STAT_H 1
| #define HAVE_STDLIB_H 1
| #define HAVE_STRING_H 1
| #define HAVE_MEMORY_H 1
| #define HAVE_STRINGS_H 1
| #define HAVE_INTTYPES_H 1
| #define HAVE_STDINT_H 1
| #define HAVE_UNISTD_H 1
| /* end confdefs.h.  */
| #include <minix/config.h>
configure:5054: result: no
configure:5054: checking for minix/config.h
configure:5054: result: no
configure:5075: checking whether it is safe to define __EXTENSIONS__
configure:5093: m68k-atari-mint-gcc -c -m68020-60 -O2 -fomit-frame-pointer  conftest.c >&5
configure:5093: $? = 0
configure:5100: result: yes
configure:5526: checking whether SELinux support is requested
configure:5535: result: no
configure:5539: checking whether to allocate extra secure memory
configure:5548: result: no
configure:5561: checking whether to enable trust models
configure:5568: result: yes
configure:5576: checking whether to enable TOFU
configure:5585: result: yes
configure:5591: checking whether to enable libdns
configure:5600: result: yes
configure:5621: checking whether to enable the RSA public key for gpg
configure:5630: result: yes
configure:5640: checking whether to enable the ECDH public key for gpg
configure:5649: result: yes
configure:5657: checking whether to enable the ECDSA public key for gpg
configure:5666: result: yes
configure:5674: checking whether to enable the EdDSA public key for gpg
configure:5683: result: yes
configure:5692: checking whether to enable the IDEA cipher for gpg
configure:5701: result: yes
configure:5710: checking whether to enable the CAST5 cipher for gpg
configure:5719: result: yes
configure:5727: checking whether to enable the BLOWFISH cipher for gpg
configure:5736: result: yes
configure:5744: checking whether to enable the AES128 cipher for gpg
configure:5753: result: yes
configure:5761: checking whether to enable the AES192 cipher for gpg
configure:5770: result: yes
configure:5778: checking whether to enable the AES256 cipher for gpg
configure:5787: result: yes
configure:5795: checking whether to enable the TWOFISH cipher for gpg
configure:5804: result: yes
configure:5812: checking whether to enable the CAMELLIA128 cipher for gpg
configure:5821: result: yes
configure:5829: checking whether to enable the CAMELLIA192 cipher for gpg
configure:5838: result: yes
configure:5846: checking whether to enable the CAMELLIA256 cipher for gpg
configure:5855: result: yes
configure:5864: checking whether to enable the MD5 hash for gpg
configure:5873: result: yes
configure:5882: checking whether to enable the RIPE-MD160 hash for gpg
configure:5891: result: yes
configure:5899: checking whether to enable the SHA-224 hash for gpg
configure:5908: result: yes
configure:5917: checking whether to enable the SHA-384 hash for gpg
configure:5926: result: yes
configure:5934: checking whether to enable the SHA-512 hash for gpg
configure:5943: result: yes
configure:5956: checking whether to enable the ZIP and ZLIB compression algorithm
configure:5963: result: yes
configure:5968: checking whether to enable the BZIP2 compression algorithm
configure:5975: result: yes
configure:5980: checking whether to enable external program execution
configure:5987: result: yes
configure:5996: checking whether to enable photo ID viewing
configure:6010: result: yes
configure:6014: checking whether to use a fixed photo ID viewer
configure:6032: result: no
configure:6042: checking for the size of the key and uid cache
configure:6060: result: 4096
configure:6073: checking whether use of capabilities is requested
configure:6083: result: no
configure:6088: checking whether smartcard support is requested
configure:6095: result: yes
configure:6109: checking whether to enable the internal CCID driver
configure:6116: result: auto
configure:6119: checking whether to auto start dirmngr
configure:6126: result: yes
configure:6149: checking whether to enable maintainer-specific portions of Makefiles
configure:6158: result: no
configure:6174: checking for programs
configure:6176: checking whether make sets $(MAKE)
configure:6198: result: yes
configure:6207: checking whether build environment is sane
configure:6262: result: yes
configure:6301: checking whether make supports nested variables
configure:6318: result: yes
configure:6333: checking for gawk
configure:6360: result: gawk
configure:6379: checking for m68k-atari-mint-gcc
configure:6406: result: m68k-atari-mint-gcc
configure:6675: checking for C compiler version
configure:6684: m68k-atari-mint-gcc --version >&5
m68k-atari-mint-gcc (MiNT 20180504) 8.1.0
Copyright (C) 2018 Free Software Foundation, Inc.
This is free software; see the source for copying conditions.  There is NO
warranty; not even for MERCHANTABILITY or FITNESS FOR A PARTICULAR PURPOSE.

configure:6695: $? = 0
configure:6684: m68k-atari-mint-gcc -v >&5
Using built-in specs.
COLLECT_GCC=m68k-atari-mint-gcc
COLLECT_LTO_WRAPPER=/home/sebilla/mintstd/binary7-package/usr/bin/../lib64/gcc/m68k-atari-mint/8/lto-wrapper
Target: m68k-atari-mint
Configured with: /home/sebilla/m68k-atari-mint-gcc/configure --target=m68k-atari-mint --build=x86_64-suse-linux-gnu --prefix=/usr --libdir=/usr/lib64 --bindir=/usr/bin --libexecdir='' 'CFLAGS_FOR_BUILD=-O2 -fomit-frame-pointer' CFLAGS='-O2 -fomit-frame-pointer' 'CXXFLAGS_FOR_BUILD=-O2 -fomit-frame-pointer' CXXFLAGS='-O2 -fomit-frame-pointer' 'BOOT_CFLAGS=-O2 -fomit-frame-pointer' 'CFLAGS_FOR_TARGET=-O2 -fomit-frame-pointer' 'CXXFLAGS_FOR_TARGET=-O2 -fomit-frame-pointer' LDFLAGS_FOR_BUILD= LDFLAGS= --with-pkgversion='MiNT 20180504' --disable-libvtv --disable-libmpx --disable-libcc1 --disable-werror --with-gxx-include-dir=/usr/m68k-atari-mint/sys-root/usr/include/c++/8 --with-gcc-major-version-only --with-gcc --with-gnu-as --with-gnu-ld --with-system-zlib --disable-libgomp --without-newlib --disable-libstdcxx-pch --disable-threads --disable-win32-registry --disable-lto --enable-ssp --enable-libssp --disable-plugin --enable-decimal-float --disable-nls --with-libiconv-prefix=/usr --with-libintl-prefix=/usr --with-sysroot=/usr/m68k-atari-mint/sys-root --enable-languages=c,c++
Thread model: single
gcc version 8.1.0 (MiNT 20180504) 
configure:6695: $? = 0
configure:6684: m68k-atari-mint-gcc -V >&5
m68k-atari-mint-gcc: error: unrecognized command line option '-V'
m68k-atari-mint-gcc: fatal error: no input files
compilation terminated.
configure:6695: $? = 1
configure:6684: m68k-atari-mint-gcc -qversion >&5
m68k-atari-mint-gcc: error: unrecognized command line option '-qversion'; did you mean '--version'?
m68k-atari-mint-gcc: fatal error: no input files
compilation terminated.
configure:6695: $? = 1
configure:6699: checking whether we are using the GNU C compiler
configure:6727: result: yes
configure:6736: checking whether m68k-atari-mint-gcc accepts -g
configure:6797: result: yes
configure:6814: checking for m68k-atari-mint-gcc option to accept ISO C89
configure:6890: result: none needed
configure:6915: checking whether m68k-atari-mint-gcc understands -c and -o together
configure:6952: result: yes
configure:6971: checking dependency style of m68k-atari-mint-gcc
configure:7082: result: gcc3
configure:7102: checking how to run the C preprocessor
configure:7172: result: m68k-atari-mint-gcc -E
configure:7192: m68k-atari-mint-gcc -E  conftest.c
configure:7192: $? = 0
configure:7206: m68k-atari-mint-gcc -E  conftest.c
conftest.c:58:10: fatal error: ac_nonexistent.h: No such file or directory
 #include <ac_nonexistent.h>
          ^~~~~~~~~~~~~~~~~~
compilation terminated.
configure:7206: $? = 1
configure: failed program was:
| /* confdefs.h */
| #define PACKAGE_NAME "gnupg"
| #define PACKAGE_TARNAME "gnupg"
| #define PACKAGE_VERSION "2.2.5-unknown"
| #define PACKAGE_STRING "gnupg 2.2.5-unknown"
| #define PACKAGE_BUGREPORT "https://bugs.gnupg.org"
| #define PACKAGE_URL ""
| #define GNUPG_SWDB_TAG "gnupg22"
| #define PACKAGE "gnupg"
| #define VERSION "2.2.5-unknown"
| #define STDC_HEADERS 1
| #define HAVE_SYS_TYPES_H 1
| #define HAVE_SYS_STAT_H 1
| #define HAVE_STDLIB_H 1
| #define HAVE_STRING_H 1
| #define HAVE_MEMORY_H 1
| #define HAVE_STRINGS_H 1
| #define HAVE_INTTYPES_H 1
| #define HAVE_STDINT_H 1
| #define HAVE_UNISTD_H 1
| #define __EXTENSIONS__ 1
| #define _ALL_SOURCE 1
| #define _GNU_SOURCE 1
| #define _POSIX_PTHREAD_SEMANTICS 1
| #define _TANDEM_SOURCE 1
| #define PACKAGE "gnupg"
| #define PACKAGE_GT "gnupg2"
| #define VERSION "2.2.5-unknown"
| #define PACKAGE_BUGREPORT "https://bugs.gnupg.org"
| #define NEED_LIBGCRYPT_VERSION "1.7.0"
| #define NEED_KSBA_VERSION "1.3.4"
| #define NEED_NTBTLS_VERSION "0.1.0"
| #define SECMEM_BUFFER_SIZE 32768
| #define USE_LIBDNS 1
| #define GPG_USE_RSA 1
| #define GPG_USE_ECDH 1
| #define GPG_USE_ECDSA 1
| #define GPG_USE_EDDSA 1
| #define GPG_USE_IDEA 1
| #define GPG_USE_CAST5 1
| #define GPG_USE_BLOWFISH 1
| #define GPG_USE_AES128 1
| #define GPG_USE_AES192 1
| #define GPG_USE_AES256 1
| #define GPG_USE_TWOFISH 1
| #define GPG_USE_CAMELLIA128 1
| #define GPG_USE_CAMELLIA192 1
| #define GPG_USE_CAMELLIA256 1
| #define GPG_USE_MD5 1
| #define GPG_USE_RMD160 1
| #define GPG_USE_SHA224 1
| #define GPG_USE_SHA384 1
| #define GPG_USE_SHA512 1
| #define PK_UID_CACHE_SIZE 4096
| #define ENABLE_CARD_SUPPORT 1
| #define USE_DIRMNGR_AUTO_START 1
| /* end confdefs.h.  */
| #include <ac_nonexistent.h>
configure:7239: checking whether ln -s works
configure:7243: result: yes
configure:7253: checking for m68k-atari-mint-ranlib
configure:7269: found /home/sebilla/mintstd/binary7-package/usr/bin/m68k-atari-mint-ranlib
configure:7280: result: m68k-atari-mint-ranlib
configure:7345: checking for m68k-atari-mint-ar
configure:7361: found /home/sebilla/mintstd/binary7-package/usr/bin/m68k-atari-mint-ar
configure:7372: result: m68k-atari-mint-ar
configure:7436: checking for perl
configure:7454: found /usr/bin/perl
configure:7466: result: /usr/bin/perl
configure:7477: checking for m68k-atari-mint-windres
configure:7507: result: no
configure:7517: checking for windres
configure:7547: result: no
configure:7568: checking for yat2m
configure:7586: found /usr/bin/yat2m
configure:7598: result: /usr/bin/yat2m
configure:7616: checking for strerror in -lcposix
configure:7641: m68k-atari-mint-gcc -o conftest -m68020-60 -O2 -fomit-frame-pointer  -m68020-60 -O2 -fomit-frame-pointer conftest.c -lcposix   >&5
/home/sebilla/mintstd/binary7-package/usr/bin/../lib64/gcc/m68k-atari-mint/8/../../../../m68k-atari-mint/bin/ld: cannot find -lcposix
collect2: error: ld returned 1 exit status
configure:7641: $? = 1
configure: failed program was:
| /* confdefs.h */
| #define PACKAGE_NAME "gnupg"
| #define PACKAGE_TARNAME "gnupg"
| #define PACKAGE_VERSION "2.2.5-unknown"
| #define PACKAGE_STRING "gnupg 2.2.5-unknown"
| #define PACKAGE_BUGREPORT "https://bugs.gnupg.org"
| #define PACKAGE_URL ""
| #define GNUPG_SWDB_TAG "gnupg22"
| #define PACKAGE "gnupg"
| #define VERSION "2.2.5-unknown"
| #define STDC_HEADERS 1
| #define HAVE_SYS_TYPES_H 1
| #define HAVE_SYS_STAT_H 1
| #define HAVE_STDLIB_H 1
| #define HAVE_STRING_H 1
| #define HAVE_MEMORY_H 1
| #define HAVE_STRINGS_H 1
| #define HAVE_INTTYPES_H 1
| #define HAVE_STDINT_H 1
| #define HAVE_UNISTD_H 1
| #define __EXTENSIONS__ 1
| #define _ALL_SOURCE 1
| #define _GNU_SOURCE 1
| #define _POSIX_PTHREAD_SEMANTICS 1
| #define _TANDEM_SOURCE 1
| #define PACKAGE "gnupg"
| #define PACKAGE_GT "gnupg2"
| #define VERSION "2.2.5-unknown"
| #define PACKAGE_BUGREPORT "https://bugs.gnupg.org"
| #define NEED_LIBGCRYPT_VERSION "1.7.0"
| #define NEED_KSBA_VERSION "1.3.4"
| #define NEED_NTBTLS_VERSION "0.1.0"
| #define SECMEM_BUFFER_SIZE 32768
| #define USE_LIBDNS 1
| #define GPG_USE_RSA 1
| #define GPG_USE_ECDH 1
| #define GPG_USE_ECDSA 1
| #define GPG_USE_EDDSA 1
| #define GPG_USE_IDEA 1
| #define GPG_USE_CAST5 1
| #define GPG_USE_BLOWFISH 1
| #define GPG_USE_AES128 1
| #define GPG_USE_AES192 1
| #define GPG_USE_AES256 1
| #define GPG_USE_TWOFISH 1
| #define GPG_USE_CAMELLIA128 1
| #define GPG_USE_CAMELLIA192 1
| #define GPG_USE_CAMELLIA256 1
| #define GPG_USE_MD5 1
| #define GPG_USE_RMD160 1
| #define GPG_USE_SHA224 1
| #define GPG_USE_SHA384 1
| #define GPG_USE_SHA512 1
| #define PK_UID_CACHE_SIZE 4096
| #define ENABLE_CARD_SUPPORT 1
| #define USE_DIRMNGR_AUTO_START 1
| /* end confdefs.h.  */
| 
| /* Override any GCC internal prototype to avoid an error.
|    Use char because int might match the return type of a GCC
|    builtin and then its argument prototype would still apply.  */
| #ifdef __cplusplus
| extern "C"
| #endif
| char strerror ();
| int
| main ()
| {
| return strerror ();
|   ;
|   return 0;
| }
configure:7650: result: no
configure:7665: checking for special C compiler options needed for large files
configure:7710: result: no
configure:7716: checking for _FILE_OFFSET_BITS value needed for large files
configure:7741: m68k-atari-mint-gcc -c -m68020-60 -O2 -fomit-frame-pointer  conftest.c >&5
conftest.c:63:33: warning: left shift count >= width of type [-Wshift-count-overflow]
 #define LARGE_OFF_T (((off_t) 1 << 62) - 1 + ((off_t) 1 << 62))
                                 ^~
conftest.c:64:23: note: in expansion of macro 'LARGE_OFF_T'
   int off_t_is_large[(LARGE_OFF_T % 2147483629 == 721
                       ^~~~~~~~~~~
conftest.c:63:57: warning: left shift count >= width of type [-Wshift-count-overflow]
 #define LARGE_OFF_T (((off_t) 1 << 62) - 1 + ((off_t) 1 << 62))
                                                         ^~
conftest.c:64:23: note: in expansion of macro 'LARGE_OFF_T'
   int off_t_is_large[(LARGE_OFF_T % 2147483629 == 721
                       ^~~~~~~~~~~
conftest.c:63:33: warning: left shift count >= width of type [-Wshift-count-overflow]
 #define LARGE_OFF_T (((off_t) 1 << 62) - 1 + ((off_t) 1 << 62))
                                 ^~
conftest.c:65:13: note: in expansion of macro 'LARGE_OFF_T'
          && LARGE_OFF_T % 2147483647 == 1)
             ^~~~~~~~~~~
conftest.c:63:57: warning: left shift count >= width of type [-Wshift-count-overflow]
 #define LARGE_OFF_T (((off_t) 1 << 62) - 1 + ((off_t) 1 << 62))
                                                         ^~
conftest.c:65:13: note: in expansion of macro 'LARGE_OFF_T'
          && LARGE_OFF_T % 2147483647 == 1)
             ^~~~~~~~~~~
conftest.c:64:7: error: variably modified 'off_t_is_large' at file scope
   int off_t_is_large[(LARGE_OFF_T % 2147483629 == 721
       ^~~~~~~~~~~~~~
configure:7741: $? = 1
configure: failed program was:
| /* confdefs.h */
| #define PACKAGE_NAME "gnupg"
| #define PACKAGE_TARNAME "gnupg"
| #define PACKAGE_VERSION "2.2.5-unknown"
| #define PACKAGE_STRING "gnupg 2.2.5-unknown"
| #define PACKAGE_BUGREPORT "https://bugs.gnupg.org"
| #define PACKAGE_URL ""
| #define GNUPG_SWDB_TAG "gnupg22"
| #define PACKAGE "gnupg"
| #define VERSION "2.2.5-unknown"
| #define STDC_HEADERS 1
| #define HAVE_SYS_TYPES_H 1
| #define HAVE_SYS_STAT_H 1
| #define HAVE_STDLIB_H 1
| #define HAVE_STRING_H 1
| #define HAVE_MEMORY_H 1
| #define HAVE_STRINGS_H 1
| #define HAVE_INTTYPES_H 1
| #define HAVE_STDINT_H 1
| #define HAVE_UNISTD_H 1
| #define __EXTENSIONS__ 1
| #define _ALL_SOURCE 1
| #define _GNU_SOURCE 1
| #define _POSIX_PTHREAD_SEMANTICS 1
| #define _TANDEM_SOURCE 1
| #define PACKAGE "gnupg"
| #define PACKAGE_GT "gnupg2"
| #define VERSION "2.2.5-unknown"
| #define PACKAGE_BUGREPORT "https://bugs.gnupg.org"
| #define NEED_LIBGCRYPT_VERSION "1.7.0"
| #define NEED_KSBA_VERSION "1.3.4"
| #define NEED_NTBTLS_VERSION "0.1.0"
| #define SECMEM_BUFFER_SIZE 32768
| #define USE_LIBDNS 1
| #define GPG_USE_RSA 1
| #define GPG_USE_ECDH 1
| #define GPG_USE_ECDSA 1
| #define GPG_USE_EDDSA 1
| #define GPG_USE_IDEA 1
| #define GPG_USE_CAST5 1
| #define GPG_USE_BLOWFISH 1
| #define GPG_USE_AES128 1
| #define GPG_USE_AES192 1
| #define GPG_USE_AES256 1
| #define GPG_USE_TWOFISH 1
| #define GPG_USE_CAMELLIA128 1
| #define GPG_USE_CAMELLIA192 1
| #define GPG_USE_CAMELLIA256 1
| #define GPG_USE_MD5 1
| #define GPG_USE_RMD160 1
| #define GPG_USE_SHA224 1
| #define GPG_USE_SHA384 1
| #define GPG_USE_SHA512 1
| #define PK_UID_CACHE_SIZE 4096
| #define ENABLE_CARD_SUPPORT 1
| #define USE_DIRMNGR_AUTO_START 1
| /* end confdefs.h.  */
| #include <sys/types.h>
|  /* Check that off_t can represent 2**63 - 1 correctly.
|     We can't simply define LARGE_OFF_T to be 9223372036854775807,
|     since some C++ compilers masquerading as C compilers
|     incorrectly reject 9223372036854775807.  */
| #define LARGE_OFF_T (((off_t) 1 << 62) - 1 + ((off_t) 1 << 62))
|   int off_t_is_large[(LARGE_OFF_T % 2147483629 == 721
| 		       && LARGE_OFF_T % 2147483647 == 1)
| 		      ? 1 : -1];
| int
| main ()
| {
| 
|   ;
|   return 0;
| }
configure:7765: m68k-atari-mint-gcc -c -m68020-60 -O2 -fomit-frame-pointer  conftest.c >&5
conftest.c:64:33: warning: left shift count >= width of type [-Wshift-count-overflow]
 #define LARGE_OFF_T (((off_t) 1 << 62) - 1 + ((off_t) 1 << 62))
                                 ^~
conftest.c:65:23: note: in expansion of macro 'LARGE_OFF_T'
   int off_t_is_large[(LARGE_OFF_T % 2147483629 == 721
                       ^~~~~~~~~~~
conftest.c:64:57: warning: left shift count >= width of type [-Wshift-count-overflow]
 #define LARGE_OFF_T (((off_t) 1 << 62) - 1 + ((off_t) 1 << 62))
                                                         ^~
conftest.c:65:23: note: in expansion of macro 'LARGE_OFF_T'
   int off_t_is_large[(LARGE_OFF_T % 2147483629 == 721
                       ^~~~~~~~~~~
conftest.c:64:33: warning: left shift count >= width of type [-Wshift-count-overflow]
 #define LARGE_OFF_T (((off_t) 1 << 62) - 1 + ((off_t) 1 << 62))
                                 ^~
conftest.c:66:13: note: in expansion of macro 'LARGE_OFF_T'
          && LARGE_OFF_T % 2147483647 == 1)
             ^~~~~~~~~~~
conftest.c:64:57: warning: left shift count >= width of type [-Wshift-count-overflow]
 #define LARGE_OFF_T (((off_t) 1 << 62) - 1 + ((off_t) 1 << 62))
                                                         ^~
conftest.c:66:13: note: in expansion of macro 'LARGE_OFF_T'
          && LARGE_OFF_T % 2147483647 == 1)
             ^~~~~~~~~~~
conftest.c:65:7: error: variably modified 'off_t_is_large' at file scope
   int off_t_is_large[(LARGE_OFF_T % 2147483629 == 721
       ^~~~~~~~~~~~~~
configure:7765: $? = 1
configure: failed program was:
| /* confdefs.h */
| #define PACKAGE_NAME "gnupg"
| #define PACKAGE_TARNAME "gnupg"
| #define PACKAGE_VERSION "2.2.5-unknown"
| #define PACKAGE_STRING "gnupg 2.2.5-unknown"
| #define PACKAGE_BUGREPORT "https://bugs.gnupg.org"
| #define PACKAGE_URL ""
| #define GNUPG_SWDB_TAG "gnupg22"
| #define PACKAGE "gnupg"
| #define VERSION "2.2.5-unknown"
| #define STDC_HEADERS 1
| #define HAVE_SYS_TYPES_H 1
| #define HAVE_SYS_STAT_H 1
| #define HAVE_STDLIB_H 1
| #define HAVE_STRING_H 1
| #define HAVE_MEMORY_H 1
| #define HAVE_STRINGS_H 1
| #define HAVE_INTTYPES_H 1
| #define HAVE_STDINT_H 1
| #define HAVE_UNISTD_H 1
| #define __EXTENSIONS__ 1
| #define _ALL_SOURCE 1
| #define _GNU_SOURCE 1
| #define _POSIX_PTHREAD_SEMANTICS 1
| #define _TANDEM_SOURCE 1
| #define PACKAGE "gnupg"
| #define PACKAGE_GT "gnupg2"
| #define VERSION "2.2.5-unknown"
| #define PACKAGE_BUGREPORT "https://bugs.gnupg.org"
| #define NEED_LIBGCRYPT_VERSION "1.7.0"
| #define NEED_KSBA_VERSION "1.3.4"
| #define NEED_NTBTLS_VERSION "0.1.0"
| #define SECMEM_BUFFER_SIZE 32768
| #define USE_LIBDNS 1
| #define GPG_USE_RSA 1
| #define GPG_USE_ECDH 1
| #define GPG_USE_ECDSA 1
| #define GPG_USE_EDDSA 1
| #define GPG_USE_IDEA 1
| #define GPG_USE_CAST5 1
| #define GPG_USE_BLOWFISH 1
| #define GPG_USE_AES128 1
| #define GPG_USE_AES192 1
| #define GPG_USE_AES256 1
| #define GPG_USE_TWOFISH 1
| #define GPG_USE_CAMELLIA128 1
| #define GPG_USE_CAMELLIA192 1
| #define GPG_USE_CAMELLIA256 1
| #define GPG_USE_MD5 1
| #define GPG_USE_RMD160 1
| #define GPG_USE_SHA224 1
| #define GPG_USE_SHA384 1
| #define GPG_USE_SHA512 1
| #define PK_UID_CACHE_SIZE 4096
| #define ENABLE_CARD_SUPPORT 1
| #define USE_DIRMNGR_AUTO_START 1
| /* end confdefs.h.  */
| #define _FILE_OFFSET_BITS 64
| #include <sys/types.h>
|  /* Check that off_t can represent 2**63 - 1 correctly.
|     We can't simply define LARGE_OFF_T to be 9223372036854775807,
|     since some C++ compilers masquerading as C compilers
|     incorrectly reject 9223372036854775807.  */
| #define LARGE_OFF_T (((off_t) 1 << 62) - 1 + ((off_t) 1 << 62))
|   int off_t_is_large[(LARGE_OFF_T % 2147483629 == 721
| 		       && LARGE_OFF_T % 2147483647 == 1)
| 		      ? 1 : -1];
| int
| main ()
| {
| 
|   ;
|   return 0;
| }
configure:7773: result: unknown
configure:7785: checking for _LARGE_FILES value needed for large files
configure:7810: m68k-atari-mint-gcc -c -m68020-60 -O2 -fomit-frame-pointer  conftest.c >&5
conftest.c:63:33: warning: left shift count >= width of type [-Wshift-count-overflow]
 #define LARGE_OFF_T (((off_t) 1 << 62) - 1 + ((off_t) 1 << 62))
                                 ^~
conftest.c:64:23: note: in expansion of macro 'LARGE_OFF_T'
   int off_t_is_large[(LARGE_OFF_T % 2147483629 == 721
                       ^~~~~~~~~~~
conftest.c:63:57: warning: left shift count >= width of type [-Wshift-count-overflow]
 #define LARGE_OFF_T (((off_t) 1 << 62) - 1 + ((off_t) 1 << 62))
                                                         ^~
conftest.c:64:23: note: in expansion of macro 'LARGE_OFF_T'
   int off_t_is_large[(LARGE_OFF_T % 2147483629 == 721
                       ^~~~~~~~~~~
conftest.c:63:33: warning: left shift count >= width of type [-Wshift-count-overflow]
 #define LARGE_OFF_T (((off_t) 1 << 62) - 1 + ((off_t) 1 << 62))
                                 ^~
conftest.c:65:13: note: in expansion of macro 'LARGE_OFF_T'
          && LARGE_OFF_T % 2147483647 == 1)
             ^~~~~~~~~~~
conftest.c:63:57: warning: left shift count >= width of type [-Wshift-count-overflow]
 #define LARGE_OFF_T (((off_t) 1 << 62) - 1 + ((off_t) 1 << 62))
                                                         ^~
conftest.c:65:13: note: in expansion of macro 'LARGE_OFF_T'
          && LARGE_OFF_T % 2147483647 == 1)
             ^~~~~~~~~~~
conftest.c:64:7: error: variably modified 'off_t_is_large' at file scope
   int off_t_is_large[(LARGE_OFF_T % 2147483629 == 721
       ^~~~~~~~~~~~~~
configure:7810: $? = 1
configure: failed program was:
| /* confdefs.h */
| #define PACKAGE_NAME "gnupg"
| #define PACKAGE_TARNAME "gnupg"
| #define PACKAGE_VERSION "2.2.5-unknown"
| #define PACKAGE_STRING "gnupg 2.2.5-unknown"
| #define PACKAGE_BUGREPORT "https://bugs.gnupg.org"
| #define PACKAGE_URL ""
| #define GNUPG_SWDB_TAG "gnupg22"
| #define PACKAGE "gnupg"
| #define VERSION "2.2.5-unknown"
| #define STDC_HEADERS 1
| #define HAVE_SYS_TYPES_H 1
| #define HAVE_SYS_STAT_H 1
| #define HAVE_STDLIB_H 1
| #define HAVE_STRING_H 1
| #define HAVE_MEMORY_H 1
| #define HAVE_STRINGS_H 1
| #define HAVE_INTTYPES_H 1
| #define HAVE_STDINT_H 1
| #define HAVE_UNISTD_H 1
| #define __EXTENSIONS__ 1
| #define _ALL_SOURCE 1
| #define _GNU_SOURCE 1
| #define _POSIX_PTHREAD_SEMANTICS 1
| #define _TANDEM_SOURCE 1
| #define PACKAGE "gnupg"
| #define PACKAGE_GT "gnupg2"
| #define VERSION "2.2.5-unknown"
| #define PACKAGE_BUGREPORT "https://bugs.gnupg.org"
| #define NEED_LIBGCRYPT_VERSION "1.7.0"
| #define NEED_KSBA_VERSION "1.3.4"
| #define NEED_NTBTLS_VERSION "0.1.0"
| #define SECMEM_BUFFER_SIZE 32768
| #define USE_LIBDNS 1
| #define GPG_USE_RSA 1
| #define GPG_USE_ECDH 1
| #define GPG_USE_ECDSA 1
| #define GPG_USE_EDDSA 1
| #define GPG_USE_IDEA 1
| #define GPG_USE_CAST5 1
| #define GPG_USE_BLOWFISH 1
| #define GPG_USE_AES128 1
| #define GPG_USE_AES192 1
| #define GPG_USE_AES256 1
| #define GPG_USE_TWOFISH 1
| #define GPG_USE_CAMELLIA128 1
| #define GPG_USE_CAMELLIA192 1
| #define GPG_USE_CAMELLIA256 1
| #define GPG_USE_MD5 1
| #define GPG_USE_RMD160 1
| #define GPG_USE_SHA224 1
| #define GPG_USE_SHA384 1
| #define GPG_USE_SHA512 1
| #define PK_UID_CACHE_SIZE 4096
| #define ENABLE_CARD_SUPPORT 1
| #define USE_DIRMNGR_AUTO_START 1
| /* end confdefs.h.  */
| #include <sys/types.h>
|  /* Check that off_t can represent 2**63 - 1 correctly.
|     We can't simply define LARGE_OFF_T to be 9223372036854775807,
|     since some C++ compilers masquerading as C compilers
|     incorrectly reject 9223372036854775807.  */
| #define LARGE_OFF_T (((off_t) 1 << 62) - 1 + ((off_t) 1 << 62))
|   int off_t_is_large[(LARGE_OFF_T % 2147483629 == 721
| 		       && LARGE_OFF_T % 2147483647 == 1)
| 		      ? 1 : -1];
| int
| main ()
| {
| 
|   ;
|   return 0;
| }
configure:7834: m68k-atari-mint-gcc -c -m68020-60 -O2 -fomit-frame-pointer  conftest.c >&5
conftest.c:64:33: warning: left shift count >= width of type [-Wshift-count-overflow]
 #define LARGE_OFF_T (((off_t) 1 << 62) - 1 + ((off_t) 1 << 62))
                                 ^~
conftest.c:65:23: note: in expansion of macro 'LARGE_OFF_T'
   int off_t_is_large[(LARGE_OFF_T % 2147483629 == 721
                       ^~~~~~~~~~~
conftest.c:64:57: warning: left shift count >= width of type [-Wshift-count-overflow]
 #define LARGE_OFF_T (((off_t) 1 << 62) - 1 + ((off_t) 1 << 62))
                                                         ^~
conftest.c:65:23: note: in expansion of macro 'LARGE_OFF_T'
   int off_t_is_large[(LARGE_OFF_T % 2147483629 == 721
                       ^~~~~~~~~~~
conftest.c:64:33: warning: left shift count >= width of type [-Wshift-count-overflow]
 #define LARGE_OFF_T (((off_t) 1 << 62) - 1 + ((off_t) 1 << 62))
                                 ^~
conftest.c:66:13: note: in expansion of macro 'LARGE_OFF_T'
          && LARGE_OFF_T % 2147483647 == 1)
             ^~~~~~~~~~~
conftest.c:64:57: warning: left shift count >= width of type [-Wshift-count-overflow]
 #define LARGE_OFF_T (((off_t) 1 << 62) - 1 + ((off_t) 1 << 62))
                                                         ^~
conftest.c:66:13: note: in expansion of macro 'LARGE_OFF_T'
          && LARGE_OFF_T % 2147483647 == 1)
             ^~~~~~~~~~~
conftest.c:65:7: error: variably modified 'off_t_is_large' at file scope
   int off_t_is_large[(LARGE_OFF_T % 2147483629 == 721
       ^~~~~~~~~~~~~~
configure:7834: $? = 1
configure: failed program was:
| /* confdefs.h */
| #define PACKAGE_NAME "gnupg"
| #define PACKAGE_TARNAME "gnupg"
| #define PACKAGE_VERSION "2.2.5-unknown"
| #define PACKAGE_STRING "gnupg 2.2.5-unknown"
| #define PACKAGE_BUGREPORT "https://bugs.gnupg.org"
| #define PACKAGE_URL ""
| #define GNUPG_SWDB_TAG "gnupg22"
| #define PACKAGE "gnupg"
| #define VERSION "2.2.5-unknown"
| #define STDC_HEADERS 1
| #define HAVE_SYS_TYPES_H 1
| #define HAVE_SYS_STAT_H 1
| #define HAVE_STDLIB_H 1
| #define HAVE_STRING_H 1
| #define HAVE_MEMORY_H 1
| #define HAVE_STRINGS_H 1
| #define HAVE_INTTYPES_H 1
| #define HAVE_STDINT_H 1
| #define HAVE_UNISTD_H 1
| #define __EXTENSIONS__ 1
| #define _ALL_SOURCE 1
| #define _GNU_SOURCE 1
| #define _POSIX_PTHREAD_SEMANTICS 1
| #define _TANDEM_SOURCE 1
| #define PACKAGE "gnupg"
| #define PACKAGE_GT "gnupg2"
| #define VERSION "2.2.5-unknown"
| #define PACKAGE_BUGREPORT "https://bugs.gnupg.org"
| #define NEED_LIBGCRYPT_VERSION "1.7.0"
| #define NEED_KSBA_VERSION "1.3.4"
| #define NEED_NTBTLS_VERSION "0.1.0"
| #define SECMEM_BUFFER_SIZE 32768
| #define USE_LIBDNS 1
| #define GPG_USE_RSA 1
| #define GPG_USE_ECDH 1
| #define GPG_USE_ECDSA 1
| #define GPG_USE_EDDSA 1
| #define GPG_USE_IDEA 1
| #define GPG_USE_CAST5 1
| #define GPG_USE_BLOWFISH 1
| #define GPG_USE_AES128 1
| #define GPG_USE_AES192 1
| #define GPG_USE_AES256 1
| #define GPG_USE_TWOFISH 1
| #define GPG_USE_CAMELLIA128 1
| #define GPG_USE_CAMELLIA192 1
| #define GPG_USE_CAMELLIA256 1
| #define GPG_USE_MD5 1
| #define GPG_USE_RMD160 1
| #define GPG_USE_SHA224 1
| #define GPG_USE_SHA384 1
| #define GPG_USE_SHA512 1
| #define PK_UID_CACHE_SIZE 4096
| #define ENABLE_CARD_SUPPORT 1
| #define USE_DIRMNGR_AUTO_START 1
| /* end confdefs.h.  */
| #define _LARGE_FILES 1
| #include <sys/types.h>
|  /* Check that off_t can represent 2**63 - 1 correctly.
|     We can't simply define LARGE_OFF_T to be 9223372036854775807,
|     since some C++ compilers masquerading as C compilers
|     incorrectly reject 9223372036854775807.  */
| #define LARGE_OFF_T (((off_t) 1 << 62) - 1 + ((off_t) 1 << 62))
|   int off_t_is_large[(LARGE_OFF_T % 2147483629 == 721
| 		       && LARGE_OFF_T % 2147483647 == 1)
| 		      ? 1 : -1];
| int
| main ()
| {
| 
|   ;
|   return 0;
| }
configure:7842: result: unknown
configure:7871: checking for tar
configure:7889: found /usr/bin/tar
configure:7901: result: /usr/bin/tar
configure:7917: checking whether /usr/bin/tar speaks USTAR
configure:7925: result: yes
configure:7951: checking for cc for build
configure:7958: result: cc
configure:7975: checking for m68k-atari-mint-pkg-config
configure:8008: result: no
configure:8018: checking for pkg-config
configure:8036: found /usr/bin/pkg-config
configure:8048: result: /usr/bin/pkg-config
configure:8060: WARNING: using cross tools not prefixed with host triplet
configure:8073: checking pkg-config is at least version 0.9.0
configure:8076: result: yes
configure:8271: checking for libraries
configure:8280: $PKG_CONFIG --exists --print-errors ""
Must specify package names on the command line
configure:8283: $? = 1
configure:8293: checking for GPG_ERROR
configure:8300: $PKG_CONFIG --exists --print-errors "libgpg-error >= $min_gpg_error_version"
configure:8303: $? = 0
configure:8317: $PKG_CONFIG --exists --print-errors "libgpg-error >= $min_gpg_error_version"
configure:8320: $? = 0
configure:8378: result: yes
configure:8385: checking for pthread_create in -lpthread
configure:8410: m68k-atari-mint-gcc -o conftest -m68020-60 -O2 -fomit-frame-pointer  -m68020-60 -O2 -fomit-frame-pointer conftest.c -lpthread   >&5
/home/sebilla/mintstd/binary7-package/usr/bin/../lib64/gcc/m68k-atari-mint/8/../../../../m68k-atari-mint/bin/ld: cannot find -lpthread
collect2: error: ld returned 1 exit status
configure:8410: $? = 1
configure: failed program was:
| /* confdefs.h */
| #define PACKAGE_NAME "gnupg"
| #define PACKAGE_TARNAME "gnupg"
| #define PACKAGE_VERSION "2.2.5-unknown"
| #define PACKAGE_STRING "gnupg 2.2.5-unknown"
| #define PACKAGE_BUGREPORT "https://bugs.gnupg.org"
| #define PACKAGE_URL ""
| #define GNUPG_SWDB_TAG "gnupg22"
| #define PACKAGE "gnupg"
| #define VERSION "2.2.5-unknown"
| #define STDC_HEADERS 1
| #define HAVE_SYS_TYPES_H 1
| #define HAVE_SYS_STAT_H 1
| #define HAVE_STDLIB_H 1
| #define HAVE_STRING_H 1
| #define HAVE_MEMORY_H 1
| #define HAVE_STRINGS_H 1
| #define HAVE_INTTYPES_H 1
| #define HAVE_STDINT_H 1
| #define HAVE_UNISTD_H 1
| #define __EXTENSIONS__ 1
| #define _ALL_SOURCE 1
| #define _GNU_SOURCE 1
| #define _POSIX_PTHREAD_SEMANTICS 1
| #define _TANDEM_SOURCE 1
| #define PACKAGE "gnupg"
| #define PACKAGE_GT "gnupg2"
| #define VERSION "2.2.5-unknown"
| #define PACKAGE_BUGREPORT "https://bugs.gnupg.org"
| #define NEED_LIBGCRYPT_VERSION "1.7.0"
| #define NEED_KSBA_VERSION "1.3.4"
| #define NEED_NTBTLS_VERSION "0.1.0"
| #define SECMEM_BUFFER_SIZE 32768
| #define USE_LIBDNS 1
| #define GPG_USE_RSA 1
| #define GPG_USE_ECDH 1
| #define GPG_USE_ECDSA 1
| #define GPG_USE_EDDSA 1
| #define GPG_USE_IDEA 1
| #define GPG_USE_CAST5 1
| #define GPG_USE_BLOWFISH 1
| #define GPG_USE_AES128 1
| #define GPG_USE_AES192 1
| #define GPG_USE_AES256 1
| #define GPG_USE_TWOFISH 1
| #define GPG_USE_CAMELLIA128 1
| #define GPG_USE_CAMELLIA192 1
| #define GPG_USE_CAMELLIA256 1
| #define GPG_USE_MD5 1
| #define GPG_USE_RMD160 1
| #define GPG_USE_SHA224 1
| #define GPG_USE_SHA384 1
| #define GPG_USE_SHA512 1
| #define PK_UID_CACHE_SIZE 4096
| #define ENABLE_CARD_SUPPORT 1
| #define USE_DIRMNGR_AUTO_START 1
| #define HAVE_DRIVE_LETTERS 1
| #define EXEEXT ""
| /* end confdefs.h.  */
| 
| /* Override any GCC internal prototype to avoid an error.
|    Use char because int might match the return type of a GCC
|    builtin and then its argument prototype would still apply.  */
| #ifdef __cplusplus
| extern "C"
| #endif
| char pthread_create ();
| int
| main ()
| {
| return pthread_create ();
|   ;
|   return 0;
| }
configure:8419: result: no
configure:8457: checking for LIBGRYCPT
configure:8464: $PKG_CONFIG --exists --print-errors "libgcrypt >= $min_libgcrypt_version"
configure:8467: $? = 0
configure:8481: $PKG_CONFIG --exists --print-errors "libgcrypt >= $min_libgcrypt_version"
configure:8484: $? = 0
configure:8542: result: yes
configure:8575: checking for LIBASSUAN
configure:8582: $PKG_CONFIG --exists --print-errors "libassuan >= $min_libassuan_version"
configure:8585: $? = 0
configure:8599: $PKG_CONFIG --exists --print-errors "libassuan >= $min_libassuan_version"
configure:8602: $? = 0
configure:8660: result: yes
configure:8700: checking for KSBA
configure:8707: $PKG_CONFIG --exists --print-errors "libksba >= $min_ksba_version"
configure:8710: $? = 0
configure:8724: $PKG_CONFIG --exists --print-errors "libksba >= $min_ksba_version"
configure:8727: $? = 0
configure:8785: result: yes
configure:8829: checking for libusb_init in -lusb-1.0
configure:8854: m68k-atari-mint-gcc -o conftest -m68020-60 -O2 -fomit-frame-pointer  -m68020-60 -O2 -fomit-frame-pointer conftest.c -lusb-1.0   >&5
/home/sebilla/mintstd/binary7-package/usr/bin/../lib64/gcc/m68k-atari-mint/8/../../../../m68k-atari-mint/bin/ld: cannot find -lusb-1.0
collect2: error: ld returned 1 exit status
configure:8854: $? = 1
configure: failed program was:
| /* confdefs.h */
| #define PACKAGE_NAME "gnupg"
| #define PACKAGE_TARNAME "gnupg"
| #define PACKAGE_VERSION "2.2.5-unknown"
| #define PACKAGE_STRING "gnupg 2.2.5-unknown"
| #define PACKAGE_BUGREPORT "https://bugs.gnupg.org"
| #define PACKAGE_URL ""
| #define GNUPG_SWDB_TAG "gnupg22"
| #define PACKAGE "gnupg"
| #define VERSION "2.2.5-unknown"
| #define STDC_HEADERS 1
| #define HAVE_SYS_TYPES_H 1
| #define HAVE_SYS_STAT_H 1
| #define HAVE_STDLIB_H 1
| #define HAVE_STRING_H 1
| #define HAVE_MEMORY_H 1
| #define HAVE_STRINGS_H 1
| #define HAVE_INTTYPES_H 1
| #define HAVE_STDINT_H 1
| #define HAVE_UNISTD_H 1
| #define __EXTENSIONS__ 1
| #define _ALL_SOURCE 1
| #define _GNU_SOURCE 1
| #define _POSIX_PTHREAD_SEMANTICS 1
| #define _TANDEM_SOURCE 1
| #define PACKAGE "gnupg"
| #define PACKAGE_GT "gnupg2"
| #define VERSION "2.2.5-unknown"
| #define PACKAGE_BUGREPORT "https://bugs.gnupg.org"
| #define NEED_LIBGCRYPT_VERSION "1.7.0"
| #define NEED_KSBA_VERSION "1.3.4"
| #define NEED_NTBTLS_VERSION "0.1.0"
| #define SECMEM_BUFFER_SIZE 32768
| #define USE_LIBDNS 1
| #define GPG_USE_RSA 1
| #define GPG_USE_ECDH 1
| #define GPG_USE_ECDSA 1
| #define GPG_USE_EDDSA 1
| #define GPG_USE_IDEA 1
| #define GPG_USE_CAST5 1
| #define GPG_USE_BLOWFISH 1
| #define GPG_USE_AES128 1
| #define GPG_USE_AES192 1
| #define GPG_USE_AES256 1
| #define GPG_USE_TWOFISH 1
| #define GPG_USE_CAMELLIA128 1
| #define GPG_USE_CAMELLIA192 1
| #define GPG_USE_CAMELLIA256 1
| #define GPG_USE_MD5 1
| #define GPG_USE_RMD160 1
| #define GPG_USE_SHA224 1
| #define GPG_USE_SHA384 1
| #define GPG_USE_SHA512 1
| #define PK_UID_CACHE_SIZE 4096
| #define ENABLE_CARD_SUPPORT 1
| #define USE_DIRMNGR_AUTO_START 1
| #define HAVE_DRIVE_LETTERS 1
| #define EXEEXT ""
| #define GNUPG_LIBASSUAN_VERSION ""
| /* end confdefs.h.  */
| 
| /* Override any GCC internal prototype to avoid an error.
|    Use char because int might match the return type of a GCC
|    builtin and then its argument prototype would still apply.  */
| #ifdef __cplusplus
| extern "C"
| #endif
| char libusb_init ();
| int
| main ()
| {
| return libusb_init ();
|   ;
|   return 0;
| }
configure:8864: result: no
configure:8871: checking libusb include dir
configure:8884: m68k-atari-mint-gcc -E  conftest.c
conftest.c:61:10: fatal error: libusb.h: No such file or directory
 #include <libusb.h>
          ^~~~~~~~~~
compilation terminated.
configure:8884: $? = 1
configure: failed program was:
| /* confdefs.h */
| #define PACKAGE_NAME "gnupg"
| #define PACKAGE_TARNAME "gnupg"
| #define PACKAGE_VERSION "2.2.5-unknown"
| #define PACKAGE_STRING "gnupg 2.2.5-unknown"
| #define PACKAGE_BUGREPORT "https://bugs.gnupg.org"
| #define PACKAGE_URL ""
| #define GNUPG_SWDB_TAG "gnupg22"
| #define PACKAGE "gnupg"
| #define VERSION "2.2.5-unknown"
| #define STDC_HEADERS 1
| #define HAVE_SYS_TYPES_H 1
| #define HAVE_SYS_STAT_H 1
| #define HAVE_STDLIB_H 1
| #define HAVE_STRING_H 1
| #define HAVE_MEMORY_H 1
| #define HAVE_STRINGS_H 1
| #define HAVE_INTTYPES_H 1
| #define HAVE_STDINT_H 1
| #define HAVE_UNISTD_H 1
| #define __EXTENSIONS__ 1
| #define _ALL_SOURCE 1
| #define _GNU_SOURCE 1
| #define _POSIX_PTHREAD_SEMANTICS 1
| #define _TANDEM_SOURCE 1
| #define PACKAGE "gnupg"
| #define PACKAGE_GT "gnupg2"
| #define VERSION "2.2.5-unknown"
| #define PACKAGE_BUGREPORT "https://bugs.gnupg.org"
| #define NEED_LIBGCRYPT_VERSION "1.7.0"
| #define NEED_KSBA_VERSION "1.3.4"
| #define NEED_NTBTLS_VERSION "0.1.0"
| #define SECMEM_BUFFER_SIZE 32768
| #define USE_LIBDNS 1
| #define GPG_USE_RSA 1
| #define GPG_USE_ECDH 1
| #define GPG_USE_ECDSA 1
| #define GPG_USE_EDDSA 1
| #define GPG_USE_IDEA 1
| #define GPG_USE_CAST5 1
| #define GPG_USE_BLOWFISH 1
| #define GPG_USE_AES128 1
| #define GPG_USE_AES192 1
| #define GPG_USE_AES256 1
| #define GPG_USE_TWOFISH 1
| #define GPG_USE_CAMELLIA128 1
| #define GPG_USE_CAMELLIA192 1
| #define GPG_USE_CAMELLIA256 1
| #define GPG_USE_MD5 1
| #define GPG_USE_RMD160 1
| #define GPG_USE_SHA224 1
| #define GPG_USE_SHA384 1
| #define GPG_USE_SHA512 1
| #define PK_UID_CACHE_SIZE 4096
| #define ENABLE_CARD_SUPPORT 1
| #define USE_DIRMNGR_AUTO_START 1
| #define HAVE_DRIVE_LETTERS 1
| #define EXEEXT ""
| #define GNUPG_LIBASSUAN_VERSION ""
| /* end confdefs.h.  */
| #include <libusb.h>
configure:8884: m68k-atari-mint-gcc -E -I/usr/include/libusb-1.0  conftest.c
configure:8884: $? = 0
configure:8894: result: /usr/include/libusb-1.0
configure:8927: checking for library containing dlopen
configure:8958: m68k-atari-mint-gcc -o conftest -m68020-60 -O2 -fomit-frame-pointer  -m68020-60 -O2 -fomit-frame-pointer conftest.c  >&5
/tmp/ccJV17Jg.o:/tmp/ccJV17Jg.o:(.text+0x8): undefined reference to `dlopen'
collect2: error: ld returned 1 exit status
configure:8958: $? = 1
configure: failed program was:
| /* confdefs.h */
| #define PACKAGE_NAME "gnupg"
| #define PACKAGE_TARNAME "gnupg"
| #define PACKAGE_VERSION "2.2.5-unknown"
| #define PACKAGE_STRING "gnupg 2.2.5-unknown"
| #define PACKAGE_BUGREPORT "https://bugs.gnupg.org"
| #define PACKAGE_URL ""
| #define GNUPG_SWDB_TAG "gnupg22"
| #define PACKAGE "gnupg"
| #define VERSION "2.2.5-unknown"
| #define STDC_HEADERS 1
| #define HAVE_SYS_TYPES_H 1
| #define HAVE_SYS_STAT_H 1
| #define HAVE_STDLIB_H 1
| #define HAVE_STRING_H 1
| #define HAVE_MEMORY_H 1
| #define HAVE_STRINGS_H 1
| #define HAVE_INTTYPES_H 1
| #define HAVE_STDINT_H 1
| #define HAVE_UNISTD_H 1
| #define __EXTENSIONS__ 1
| #define _ALL_SOURCE 1
| #define _GNU_SOURCE 1
| #define _POSIX_PTHREAD_SEMANTICS 1
| #define _TANDEM_SOURCE 1
| #define PACKAGE "gnupg"
| #define PACKAGE_GT "gnupg2"
| #define VERSION "2.2.5-unknown"
| #define PACKAGE_BUGREPORT "https://bugs.gnupg.org"
| #define NEED_LIBGCRYPT_VERSION "1.7.0"
| #define NEED_KSBA_VERSION "1.3.4"
| #define NEED_NTBTLS_VERSION "0.1.0"
| #define SECMEM_BUFFER_SIZE 32768
| #define USE_LIBDNS 1
| #define GPG_USE_RSA 1
| #define GPG_USE_ECDH 1
| #define GPG_USE_ECDSA 1
| #define GPG_USE_EDDSA 1
| #define GPG_USE_IDEA 1
| #define GPG_USE_CAST5 1
| #define GPG_USE_BLOWFISH 1
| #define GPG_USE_AES128 1
| #define GPG_USE_AES192 1
| #define GPG_USE_AES256 1
| #define GPG_USE_TWOFISH 1
| #define GPG_USE_CAMELLIA128 1
| #define GPG_USE_CAMELLIA192 1
| #define GPG_USE_CAMELLIA256 1
| #define GPG_USE_MD5 1
| #define GPG_USE_RMD160 1
| #define GPG_USE_SHA224 1
| #define GPG_USE_SHA384 1
| #define GPG_USE_SHA512 1
| #define PK_UID_CACHE_SIZE 4096
| #define ENABLE_CARD_SUPPORT 1
| #define USE_DIRMNGR_AUTO_START 1
| #define HAVE_DRIVE_LETTERS 1
| #define EXEEXT ""
| #define GNUPG_LIBASSUAN_VERSION ""
| /* end confdefs.h.  */
| 
| /* Override any GCC internal prototype to avoid an error.
|    Use char because int might match the return type of a GCC
|    builtin and then its argument prototype would still apply.  */
| #ifdef __cplusplus
| extern "C"
| #endif
| char dlopen ();
| int
| main ()
| {
| return dlopen ();
|   ;
|   return 0;
| }
configure:8958: m68k-atari-mint-gcc -o conftest -m68020-60 -O2 -fomit-frame-pointer  -m68020-60 -O2 -fomit-frame-pointer conftest.c -lc   >&5
/tmp/ccNTJhrf.o:/tmp/ccNTJhrf.o:(.text+0x8): undefined reference to `dlopen'
collect2: error: ld returned 1 exit status
configure:8958: $? = 1
configure: failed program was:
| /* confdefs.h */
| #define PACKAGE_NAME "gnupg"
| #define PACKAGE_TARNAME "gnupg"
| #define PACKAGE_VERSION "2.2.5-unknown"
| #define PACKAGE_STRING "gnupg 2.2.5-unknown"
| #define PACKAGE_BUGREPORT "https://bugs.gnupg.org"
| #define PACKAGE_URL ""
| #define GNUPG_SWDB_TAG "gnupg22"
| #define PACKAGE "gnupg"
| #define VERSION "2.2.5-unknown"
| #define STDC_HEADERS 1
| #define HAVE_SYS_TYPES_H 1
| #define HAVE_SYS_STAT_H 1
| #define HAVE_STDLIB_H 1
| #define HAVE_STRING_H 1
| #define HAVE_MEMORY_H 1
| #define HAVE_STRINGS_H 1
| #define HAVE_INTTYPES_H 1
| #define HAVE_STDINT_H 1
| #define HAVE_UNISTD_H 1
| #define __EXTENSIONS__ 1
| #define _ALL_SOURCE 1
| #define _GNU_SOURCE 1
| #define _POSIX_PTHREAD_SEMANTICS 1
| #define _TANDEM_SOURCE 1
| #define PACKAGE "gnupg"
| #define PACKAGE_GT "gnupg2"
| #define VERSION "2.2.5-unknown"
| #define PACKAGE_BUGREPORT "https://bugs.gnupg.org"
| #define NEED_LIBGCRYPT_VERSION "1.7.0"
| #define NEED_KSBA_VERSION "1.3.4"
| #define NEED_NTBTLS_VERSION "0.1.0"
| #define SECMEM_BUFFER_SIZE 32768
| #define USE_LIBDNS 1
| #define GPG_USE_RSA 1
| #define GPG_USE_ECDH 1
| #define GPG_USE_ECDSA 1
| #define GPG_USE_EDDSA 1
| #define GPG_USE_IDEA 1
| #define GPG_USE_CAST5 1
| #define GPG_USE_BLOWFISH 1
| #define GPG_USE_AES128 1
| #define GPG_USE_AES192 1
| #define GPG_USE_AES256 1
| #define GPG_USE_TWOFISH 1
| #define GPG_USE_CAMELLIA128 1
| #define GPG_USE_CAMELLIA192 1
| #define GPG_USE_CAMELLIA256 1
| #define GPG_USE_MD5 1
| #define GPG_USE_RMD160 1
| #define GPG_USE_SHA224 1
| #define GPG_USE_SHA384 1
| #define GPG_USE_SHA512 1
| #define PK_UID_CACHE_SIZE 4096
| #define ENABLE_CARD_SUPPORT 1
| #define USE_DIRMNGR_AUTO_START 1
| #define HAVE_DRIVE_LETTERS 1
| #define EXEEXT ""
| #define GNUPG_LIBASSUAN_VERSION ""
| /* end confdefs.h.  */
| 
| /* Override any GCC internal prototype to avoid an error.
|    Use char because int might match the return type of a GCC
|    builtin and then its argument prototype would still apply.  */
| #ifdef __cplusplus
| extern "C"
| #endif
| char dlopen ();
| int
| main ()
| {
| return dlopen ();
|   ;
|   return 0;
| }
configure:8958: m68k-atari-mint-gcc -o conftest -m68020-60 -O2 -fomit-frame-pointer  -m68020-60 -O2 -fomit-frame-pointer conftest.c -ldl   >&5
/home/sebilla/mintstd/binary7-package/usr/bin/../lib64/gcc/m68k-atari-mint/8/../../../../m68k-atari-mint/bin/ld: cannot find -ldl
collect2: error: ld returned 1 exit status
configure:8958: $? = 1
configure: failed program was:
| /* confdefs.h */
| #define PACKAGE_NAME "gnupg"
| #define PACKAGE_TARNAME "gnupg"
| #define PACKAGE_VERSION "2.2.5-unknown"
| #define PACKAGE_STRING "gnupg 2.2.5-unknown"
| #define PACKAGE_BUGREPORT "https://bugs.gnupg.org"
| #define PACKAGE_URL ""
| #define GNUPG_SWDB_TAG "gnupg22"
| #define PACKAGE "gnupg"
| #define VERSION "2.2.5-unknown"
| #define STDC_HEADERS 1
| #define HAVE_SYS_TYPES_H 1
| #define HAVE_SYS_STAT_H 1
| #define HAVE_STDLIB_H 1
| #define HAVE_STRING_H 1
| #define HAVE_MEMORY_H 1
| #define HAVE_STRINGS_H 1
| #define HAVE_INTTYPES_H 1
| #define HAVE_STDINT_H 1
| #define HAVE_UNISTD_H 1
| #define __EXTENSIONS__ 1
| #define _ALL_SOURCE 1
| #define _GNU_SOURCE 1
| #define _POSIX_PTHREAD_SEMANTICS 1
| #define _TANDEM_SOURCE 1
| #define PACKAGE "gnupg"
| #define PACKAGE_GT "gnupg2"
| #define VERSION "2.2.5-unknown"
| #define PACKAGE_BUGREPORT "https://bugs.gnupg.org"
| #define NEED_LIBGCRYPT_VERSION "1.7.0"
| #define NEED_KSBA_VERSION "1.3.4"
| #define NEED_NTBTLS_VERSION "0.1.0"
| #define SECMEM_BUFFER_SIZE 32768
| #define USE_LIBDNS 1
| #define GPG_USE_RSA 1
| #define GPG_USE_ECDH 1
| #define GPG_USE_ECDSA 1
| #define GPG_USE_EDDSA 1
| #define GPG_USE_IDEA 1
| #define GPG_USE_CAST5 1
| #define GPG_USE_BLOWFISH 1
| #define GPG_USE_AES128 1
| #define GPG_USE_AES192 1
| #define GPG_USE_AES256 1
| #define GPG_USE_TWOFISH 1
| #define GPG_USE_CAMELLIA128 1
| #define GPG_USE_CAMELLIA192 1
| #define GPG_USE_CAMELLIA256 1
| #define GPG_USE_MD5 1
| #define GPG_USE_RMD160 1
| #define GPG_USE_SHA224 1
| #define GPG_USE_SHA384 1
| #define GPG_USE_SHA512 1
| #define PK_UID_CACHE_SIZE 4096
| #define ENABLE_CARD_SUPPORT 1
| #define USE_DIRMNGR_AUTO_START 1
| #define HAVE_DRIVE_LETTERS 1
| #define EXEEXT ""
| #define GNUPG_LIBASSUAN_VERSION ""
| /* end confdefs.h.  */
| 
| /* Override any GCC internal prototype to avoid an error.
|    Use char because int might match the return type of a GCC
|    builtin and then its argument prototype would still apply.  */
| #ifdef __cplusplus
| extern "C"
| #endif
| char dlopen ();
| int
| main ()
| {
| return dlopen ();
|   ;
|   return 0;
| }
configure:8975: result: no
configure:9002: checking for SQLITE3
configure:9009: $PKG_CONFIG --exists --print-errors "sqlite3 >= $NEED_SQLITE_VERSION"
Package sqlite3 was not found in the pkg-config search path.
Perhaps you should add the directory containing `sqlite3.pc'
to the PKG_CONFIG_PATH environment variable
No package 'sqlite3' found
configure:9012: $? = 1
configure:9026: $PKG_CONFIG --exists --print-errors "sqlite3 >= $NEED_SQLITE_VERSION"
Package sqlite3 was not found in the pkg-config search path.
Perhaps you should add the directory containing `sqlite3.pc'
to the PKG_CONFIG_PATH environment variable
No package 'sqlite3' found
configure:9029: $? = 1
configure:9043: result: no
No package 'sqlite3' found
configure:9083: WARNING:
***
*** Building without SQLite support - TOFU disabled
***
*** No package 'sqlite3' found
*** 
configure:9112: checking for encfs
configure:9143: result: /usr/bin/encfs
configure:9159: checking for fusermount
configure:9177: found /usr/bin/fusermount
configure:9190: result: /usr/bin/fusermount
configure:9213: checking for openpty in -lutil
configure:9238: m68k-atari-mint-gcc -o conftest -m68020-60 -O2 -fomit-frame-pointer  -m68020-60 -O2 -fomit-frame-pointer conftest.c -lutil   >&5
/home/sebilla/mintstd/binary7-package/usr/bin/../lib64/gcc/m68k-atari-mint/8/../../../../m68k-atari-mint/bin/ld: cannot find -lutil
collect2: error: ld returned 1 exit status
configure:9238: $? = 1
configure: failed program was:
| /* confdefs.h */
| #define PACKAGE_NAME "gnupg"
| #define PACKAGE_TARNAME "gnupg"
| #define PACKAGE_VERSION "2.2.5-unknown"
| #define PACKAGE_STRING "gnupg 2.2.5-unknown"
| #define PACKAGE_BUGREPORT "https://bugs.gnupg.org"
| #define PACKAGE_URL ""
| #define GNUPG_SWDB_TAG "gnupg22"
| #define PACKAGE "gnupg"
| #define VERSION "2.2.5-unknown"
| #define STDC_HEADERS 1
| #define HAVE_SYS_TYPES_H 1
| #define HAVE_SYS_STAT_H 1
| #define HAVE_STDLIB_H 1
| #define HAVE_STRING_H 1
| #define HAVE_MEMORY_H 1
| #define HAVE_STRINGS_H 1
| #define HAVE_INTTYPES_H 1
| #define HAVE_STDINT_H 1
| #define HAVE_UNISTD_H 1
| #define __EXTENSIONS__ 1
| #define _ALL_SOURCE 1
| #define _GNU_SOURCE 1
| #define _POSIX_PTHREAD_SEMANTICS 1
| #define _TANDEM_SOURCE 1
| #define PACKAGE "gnupg"
| #define PACKAGE_GT "gnupg2"
| #define VERSION "2.2.5-unknown"
| #define PACKAGE_BUGREPORT "https://bugs.gnupg.org"
| #define NEED_LIBGCRYPT_VERSION "1.7.0"
| #define NEED_KSBA_VERSION "1.3.4"
| #define NEED_NTBTLS_VERSION "0.1.0"
| #define SECMEM_BUFFER_SIZE 32768
| #define USE_LIBDNS 1
| #define GPG_USE_RSA 1
| #define GPG_USE_ECDH 1
| #define GPG_USE_ECDSA 1
| #define GPG_USE_EDDSA 1
| #define GPG_USE_IDEA 1
| #define GPG_USE_CAST5 1
| #define GPG_USE_BLOWFISH 1
| #define GPG_USE_AES128 1
| #define GPG_USE_AES192 1
| #define GPG_USE_AES256 1
| #define GPG_USE_TWOFISH 1
| #define GPG_USE_CAMELLIA128 1
| #define GPG_USE_CAMELLIA192 1
| #define GPG_USE_CAMELLIA256 1
| #define GPG_USE_MD5 1
| #define GPG_USE_RMD160 1
| #define GPG_USE_SHA224 1
| #define GPG_USE_SHA384 1
| #define GPG_USE_SHA512 1
| #define PK_UID_CACHE_SIZE 4096
| #define ENABLE_CARD_SUPPORT 1
| #define USE_DIRMNGR_AUTO_START 1
| #define HAVE_DRIVE_LETTERS 1
| #define EXEEXT ""
| #define GNUPG_LIBASSUAN_VERSION ""
| #define ENCFS "/usr/bin/encfs"
| #define FUSERMOUNT "/usr/bin/fusermount"
| /* end confdefs.h.  */
| 
| /* Override any GCC internal prototype to avoid an error.
|    Use char because int might match the return type of a GCC
|    builtin and then its argument prototype would still apply.  */
| #ifdef __cplusplus
| extern "C"
| #endif
| char openpty ();
| int
| main ()
| {
| return openpty ();
|   ;
|   return 0;
| }
configure:9247: result: no
configure:9262: checking for shred
configure:9280: found /usr/bin/shred
configure:9293: result: /usr/bin/shred
configure:9321: checking npth.h usability
configure:9321: m68k-atari-mint-gcc -c -m68020-60 -O2 -fomit-frame-pointer  conftest.c >&5
conftest.c:97:10: fatal error: npth.h: No such file or directory
 #include <npth.h>
          ^~~~~~~~
compilation terminated.
configure:9321: $? = 1
configure: failed program was:
| /* confdefs.h */
| #define PACKAGE_NAME "gnupg"
| #define PACKAGE_TARNAME "gnupg"
| #define PACKAGE_VERSION "2.2.5-unknown"
| #define PACKAGE_STRING "gnupg 2.2.5-unknown"
| #define PACKAGE_BUGREPORT "https://bugs.gnupg.org"
| #define PACKAGE_URL ""
| #define GNUPG_SWDB_TAG "gnupg22"
| #define PACKAGE "gnupg"
| #define VERSION "2.2.5-unknown"
| #define STDC_HEADERS 1
| #define HAVE_SYS_TYPES_H 1
| #define HAVE_SYS_STAT_H 1
| #define HAVE_STDLIB_H 1
| #define HAVE_STRING_H 1
| #define HAVE_MEMORY_H 1
| #define HAVE_STRINGS_H 1
| #define HAVE_INTTYPES_H 1
| #define HAVE_STDINT_H 1
| #define HAVE_UNISTD_H 1
| #define __EXTENSIONS__ 1
| #define _ALL_SOURCE 1
| #define _GNU_SOURCE 1
| #define _POSIX_PTHREAD_SEMANTICS 1
| #define _TANDEM_SOURCE 1
| #define PACKAGE "gnupg"
| #define PACKAGE_GT "gnupg2"
| #define VERSION "2.2.5-unknown"
| #define PACKAGE_BUGREPORT "https://bugs.gnupg.org"
| #define NEED_LIBGCRYPT_VERSION "1.7.0"
| #define NEED_KSBA_VERSION "1.3.4"
| #define NEED_NTBTLS_VERSION "0.1.0"
| #define SECMEM_BUFFER_SIZE 32768
| #define USE_LIBDNS 1
| #define GPG_USE_RSA 1
| #define GPG_USE_ECDH 1
| #define GPG_USE_ECDSA 1
| #define GPG_USE_EDDSA 1
| #define GPG_USE_IDEA 1
| #define GPG_USE_CAST5 1
| #define GPG_USE_BLOWFISH 1
| #define GPG_USE_AES128 1
| #define GPG_USE_AES192 1
| #define GPG_USE_AES256 1
| #define GPG_USE_TWOFISH 1
| #define GPG_USE_CAMELLIA128 1
| #define GPG_USE_CAMELLIA192 1
| #define GPG_USE_CAMELLIA256 1
| #define GPG_USE_MD5 1
| #define GPG_USE_RMD160 1
| #define GPG_USE_SHA224 1
| #define GPG_USE_SHA384 1
| #define GPG_USE_SHA512 1
| #define PK_UID_CACHE_SIZE 4096
| #define ENABLE_CARD_SUPPORT 1
| #define USE_DIRMNGR_AUTO_START 1
| #define HAVE_DRIVE_LETTERS 1
| #define EXEEXT ""
| #define GNUPG_LIBASSUAN_VERSION ""
| #define ENCFS "/usr/bin/encfs"
| #define FUSERMOUNT "/usr/bin/fusermount"
| #define SHRED "/usr/bin/shred"
| /* end confdefs.h.  */
| #include <stdio.h>
| #ifdef HAVE_SYS_TYPES_H
| # include <sys/types.h>
| #endif
| #ifdef HAVE_SYS_STAT_H
| # include <sys/stat.h>
| #endif
| #ifdef STDC_HEADERS
| # include <stdlib.h>
| # include <stddef.h>
| #else
| # ifdef HAVE_STDLIB_H
| #  include <stdlib.h>
| # endif
| #endif
| #ifdef HAVE_STRING_H
| # if !defined STDC_HEADERS && defined HAVE_MEMORY_H
| #  include <memory.h>
| # endif
| # include <string.h>
| #endif
| #ifdef HAVE_STRINGS_H
| # include <strings.h>
| #endif
| #ifdef HAVE_INTTYPES_H
| # include <inttypes.h>
| #endif
| #ifdef HAVE_STDINT_H
| # include <stdint.h>
| #endif
| #ifdef HAVE_UNISTD_H
| # include <unistd.h>
| #endif
| #include <npth.h>
configure:9321: result: no
configure:9321: checking npth.h presence
configure:9321: m68k-atari-mint-gcc -E  conftest.c
conftest.c:64:10: fatal error: npth.h: No such file or directory
 #include <npth.h>
          ^~~~~~~~
compilation terminated.
configure:9321: $? = 1
configure: failed program was:
| /* confdefs.h */
| #define PACKAGE_NAME "gnupg"
| #define PACKAGE_TARNAME "gnupg"
| #define PACKAGE_VERSION "2.2.5-unknown"
| #define PACKAGE_STRING "gnupg 2.2.5-unknown"
| #define PACKAGE_BUGREPORT "https://bugs.gnupg.org"
| #define PACKAGE_URL ""
| #define GNUPG_SWDB_TAG "gnupg22"
| #define PACKAGE "gnupg"
| #define VERSION "2.2.5-unknown"
| #define STDC_HEADERS 1
| #define HAVE_SYS_TYPES_H 1
| #define HAVE_SYS_STAT_H 1
| #define HAVE_STDLIB_H 1
| #define HAVE_STRING_H 1
| #define HAVE_MEMORY_H 1
| #define HAVE_STRINGS_H 1
| #define HAVE_INTTYPES_H 1
| #define HAVE_STDINT_H 1
| #define HAVE_UNISTD_H 1
| #define __EXTENSIONS__ 1
| #define _ALL_SOURCE 1
| #define _GNU_SOURCE 1
| #define _POSIX_PTHREAD_SEMANTICS 1
| #define _TANDEM_SOURCE 1
| #define PACKAGE "gnupg"
| #define PACKAGE_GT "gnupg2"
| #define VERSION "2.2.5-unknown"
| #define PACKAGE_BUGREPORT "https://bugs.gnupg.org"
| #define NEED_LIBGCRYPT_VERSION "1.7.0"
| #define NEED_KSBA_VERSION "1.3.4"
| #define NEED_NTBTLS_VERSION "0.1.0"
| #define SECMEM_BUFFER_SIZE 32768
| #define USE_LIBDNS 1
| #define GPG_USE_RSA 1
| #define GPG_USE_ECDH 1
| #define GPG_USE_ECDSA 1
| #define GPG_USE_EDDSA 1
| #define GPG_USE_IDEA 1
| #define GPG_USE_CAST5 1
| #define GPG_USE_BLOWFISH 1
| #define GPG_USE_AES128 1
| #define GPG_USE_AES192 1
| #define GPG_USE_AES256 1
| #define GPG_USE_TWOFISH 1
| #define GPG_USE_CAMELLIA128 1
| #define GPG_USE_CAMELLIA192 1
| #define GPG_USE_CAMELLIA256 1
| #define GPG_USE_MD5 1
| #define GPG_USE_RMD160 1
| #define GPG_USE_SHA224 1
| #define GPG_USE_SHA384 1
| #define GPG_USE_SHA512 1
| #define PK_UID_CACHE_SIZE 4096
| #define ENABLE_CARD_SUPPORT 1
| #define USE_DIRMNGR_AUTO_START 1
| #define HAVE_DRIVE_LETTERS 1
| #define EXEEXT ""
| #define GNUPG_LIBASSUAN_VERSION ""
| #define ENCFS "/usr/bin/encfs"
| #define FUSERMOUNT "/usr/bin/fusermount"
| #define SHRED "/usr/bin/shred"
| /* end confdefs.h.  */
| #include <npth.h>
configure:9321: result: no
configure:9321: checking for npth.h
configure:9321: result: no
configure:9368: checking for NPTH
configure:9374: result: no
configure:9401: WARNING:
***
*** To support concurrent access for example in gpg-agent and the SCdaemon
*** we need the support of the New Portable Threads Library.
***
configure:9436: checking for KSBA
configure:9443: $PKG_CONFIG --exists --print-errors "ntbtls >= $min_ntbtls_version"
Package ntbtls was not found in the pkg-config search path.
Perhaps you should add the directory containing `ntbtls.pc'
to the PKG_CONFIG_PATH environment variable
No package 'ntbtls' found
configure:9446: $? = 1
configure:9477: result: no
No package 'ntbtls' found
configure:9493: error: Package requirements (ntbtls >= 0.1.0) were not met:

No package 'ntbtls' found

Consider adjusting the PKG_CONFIG_PATH environment variable if you
installed software in a non-standard prefix.

Alternatively, you may set the environment variables KSBA_CFLAGS
and KSBA_LIBS to avoid the need to call pkg-config.
See the pkg-config man page for more details.

## ---------------- ##
## Cache variables. ##
## ---------------- ##

ac_cv_build=x86_64-pc-linux-gnu
ac_cv_c_compiler_gnu=yes
ac_cv_env_CC_FOR_BUILD_set=
ac_cv_env_CC_FOR_BUILD_value=
ac_cv_env_CC_set=
ac_cv_env_CC_value=
ac_cv_env_CFLAGS_set=set
ac_cv_env_CFLAGS_value='-m68020-60 -O2 -fomit-frame-pointer'
ac_cv_env_CPPFLAGS_set=
ac_cv_env_CPPFLAGS_value=
ac_cv_env_CPP_set=
ac_cv_env_CPP_value=
ac_cv_env_GPG_ERROR_CFLAGS_set=
ac_cv_env_GPG_ERROR_CFLAGS_value=
ac_cv_env_GPG_ERROR_LIBS_set=
ac_cv_env_GPG_ERROR_LIBS_value=
ac_cv_env_KSBA_CFLAGS_set=
ac_cv_env_KSBA_CFLAGS_value=
ac_cv_env_KSBA_LIBS_set=
ac_cv_env_KSBA_LIBS_value=
ac_cv_env_LDFLAGS_set=set
ac_cv_env_LDFLAGS_value='-m68020-60 -O2 -fomit-frame-pointer'
ac_cv_env_LIBASSUAN_CFLAGS_set=
ac_cv_env_LIBASSUAN_CFLAGS_value=
ac_cv_env_LIBASSUAN_LIBS_set=
ac_cv_env_LIBASSUAN_LIBS_value=
ac_cv_env_LIBGNUTLS_CFLAGS_set=
ac_cv_env_LIBGNUTLS_CFLAGS_value=
ac_cv_env_LIBGNUTLS_LIBS_set=
ac_cv_env_LIBGNUTLS_LIBS_value=
ac_cv_env_LIBGRYCPT_CFLAGS_set=
ac_cv_env_LIBGRYCPT_CFLAGS_value=
ac_cv_env_LIBGRYCPT_LIBS_set=
ac_cv_env_LIBGRYCPT_LIBS_value=
ac_cv_env_LIBS_set=
ac_cv_env_LIBS_value=
ac_cv_env_PKG_CONFIG_LIBDIR_set=set
ac_cv_env_PKG_CONFIG_LIBDIR_value=/usr/m68k-atari-mint/lib/pkgconfig
ac_cv_env_PKG_CONFIG_PATH_set=set
ac_cv_env_PKG_CONFIG_PATH_value=/usr/m68k-atari-mint/lib/pkgconfig
ac_cv_env_PKG_CONFIG_set=
ac_cv_env_PKG_CONFIG_value=
ac_cv_env_SQLITE3_CFLAGS_set=
ac_cv_env_SQLITE3_CFLAGS_value=
ac_cv_env_SQLITE3_LIBS_set=
ac_cv_env_SQLITE3_LIBS_value=
ac_cv_env_SYSROOT_set=
ac_cv_env_SYSROOT_value=
ac_cv_env_YAT2M_set=
ac_cv_env_YAT2M_value=
ac_cv_env_build_alias_set=
ac_cv_env_build_alias_value=
ac_cv_env_host_alias_set=set
ac_cv_env_host_alias_value=m68k-atari-mint
ac_cv_env_target_alias_set=
ac_cv_env_target_alias_value=
ac_cv_have_dev_random=no
ac_cv_header_inttypes_h=yes
ac_cv_header_memory_h=yes
ac_cv_header_minix_config_h=no
ac_cv_header_npth_h=no
ac_cv_header_stdc=yes
ac_cv_header_stdint_h=yes
ac_cv_header_stdlib_h=yes
ac_cv_header_string_h=yes
ac_cv_header_strings_h=yes
ac_cv_header_sys_stat_h=yes
ac_cv_header_sys_types_h=yes
ac_cv_header_unistd_h=yes
ac_cv_host=m68k-atari-mint
ac_cv_lib_cposix_strerror=no
ac_cv_lib_pthread_pthread_create=no
ac_cv_lib_usb_1_0___libusb_init=no
ac_cv_lib_util_openpty=no
ac_cv_objext=o
ac_cv_path_EGREP='/usr/bin/grep -E'
ac_cv_path_ENCFS=/usr/bin/encfs
ac_cv_path_FUSERMOUNT=/usr/bin/fusermount
ac_cv_path_GREP=/usr/bin/grep
ac_cv_path_PERL=/usr/bin/perl
ac_cv_path_SHRED=/usr/bin/shred
ac_cv_path_TAR=/usr/bin/tar
ac_cv_path_YAT2M=/usr/bin/yat2m
ac_cv_path_ac_pt_PKG_CONFIG=/usr/bin/pkg-config
ac_cv_path_install='/usr/bin/install -c'
ac_cv_path_mkdir=/usr/bin/mkdir
ac_cv_prog_AR=m68k-atari-mint-ar
ac_cv_prog_AWK=gawk
ac_cv_prog_CC=m68k-atari-mint-gcc
ac_cv_prog_CPP='m68k-atari-mint-gcc -E'
ac_cv_prog_RANLIB=m68k-atari-mint-ranlib
ac_cv_prog_STRIP=m68k-atari-mint-strip
ac_cv_prog_cc_c89=
ac_cv_prog_cc_g=yes
ac_cv_prog_make_make_set=yes
ac_cv_safe_to_define___extensions__=yes
ac_cv_search_dlopen=no
ac_cv_sys_file_offset_bits=unknown
ac_cv_sys_large_files=unknown
ac_cv_sys_largefile_CC=no
am_cv_CC_dependencies_compiler_type=gcc3
am_cv_make_support_nested_variables=yes
am_cv_prog_cc_c_o=yes
gnupg_cv_enable_photo_viewers=yes
pkg_cv_GPG_ERROR_CFLAGS=
pkg_cv_GPG_ERROR_LIBS=-lgpg-error
pkg_cv_KSBA_CFLAGS=
pkg_cv_KSBA_LIBS=-lksba
pkg_cv_LIBASSUAN_CFLAGS=
pkg_cv_LIBASSUAN_LIBS='-lassuan -lgpg-error'
pkg_cv_LIBGRYCPT_CFLAGS=
pkg_cv_LIBGRYCPT_LIBS='-lgcrypt -lgpg-error'

## ----------------- ##
## Output variables. ##
## ----------------- ##

ACLOCAL='${SHELL} /home/sebilla/mintstd/gnupg-2.2.5/build-aux/missing aclocal-1.16'
AMDEPBACKSLASH='\'
AMDEP_FALSE='#'
AMDEP_TRUE=''
AMTAR='$${TAR-tar}'
AM_BACKSLASH='\'
AM_DEFAULT_V='$(AM_DEFAULT_VERBOSITY)'
AM_DEFAULT_VERBOSITY='1'
AM_V='$(V)'
AR='m68k-atari-mint-ar'
AUTOCONF='${SHELL} /home/sebilla/mintstd/gnupg-2.2.5/build-aux/missing autoconf'
AUTOHEADER='${SHELL} /home/sebilla/mintstd/gnupg-2.2.5/build-aux/missing autoheader'
AUTOMAKE='${SHELL} /home/sebilla/mintstd/gnupg-2.2.5/build-aux/missing automake-1.16'
AWK='gawk'
BUILD_AGENT_FALSE=''
BUILD_AGENT_TRUE=''
BUILD_DIRMNGR_FALSE=''
BUILD_DIRMNGR_TRUE=''
BUILD_DOC_FALSE=''
BUILD_DOC_TRUE=''
BUILD_FILEVERSION=''
BUILD_G13_FALSE=''
BUILD_G13_TRUE=''
BUILD_GPGSM_FALSE=''
BUILD_GPGSM_TRUE=''
BUILD_GPGTAR_FALSE=''
BUILD_GPGTAR_TRUE=''
BUILD_GPG_FALSE=''
BUILD_GPG_TRUE=''
BUILD_HOSTNAME=''
BUILD_INCLUDED_LIBINTL=''
BUILD_REVISION=''
BUILD_SCDAEMON_FALSE=''
BUILD_SCDAEMON_TRUE=''
BUILD_SYMCRYPTRUN_FALSE=''
BUILD_SYMCRYPTRUN_TRUE=''
BUILD_TIMESTAMP=''
BUILD_VERSION=''
BUILD_WKS_TOOLS_FALSE=''
BUILD_WKS_TOOLS_TRUE=''
CC='m68k-atari-mint-gcc'
CCDEPMODE='depmode=gcc3'
CC_FOR_BUILD='cc'
CFLAGS='-m68020-60 -O2 -fomit-frame-pointer'
CPP='m68k-atari-mint-gcc -E'
CPPFLAGS=''
CROSS_COMPILING_FALSE=''
CROSS_COMPILING_TRUE=''
CYGPATH_W='echo'
DEFS=''
DEPDIR='.deps'
DISABLE_REGEX_FALSE=''
DISABLE_REGEX_TRUE=''
DL_LIBS=''
DNSLIBS=''
ECHO_C=''
ECHO_N='-n'
ECHO_T=''
EGREP='/usr/bin/grep -E'
ENABLE_BZIP2_SUPPORT_FALSE=''
ENABLE_BZIP2_SUPPORT_TRUE=''
ENABLE_CARD_SUPPORT_FALSE=''
ENABLE_CARD_SUPPORT_TRUE=''
ENCFS='/usr/bin/encfs'
EXEEXT=''
FUSERMOUNT='/usr/bin/fusermount'
GETTEXT_MACRO_VERSION=''
GMSGFMT=''
GMSGFMT_015=''
GNUPG_AGENT_PGM=''
GNUPG_AGENT_PGM_FALSE=''
GNUPG_AGENT_PGM_TRUE='#'
GNUPG_DIRMNGR_LDAP_PGM=''
GNUPG_DIRMNGR_LDAP_PGM_FALSE=''
GNUPG_DIRMNGR_LDAP_PGM_TRUE='#'
GNUPG_DIRMNGR_PGM=''
GNUPG_DIRMNGR_PGM_FALSE=''
GNUPG_DIRMNGR_PGM_TRUE='#'
GNUPG_PINENTRY_PGM=''
GNUPG_PINENTRY_PGM_FALSE=''
GNUPG_PINENTRY_PGM_TRUE='#'
GNUPG_PROTECT_TOOL_PGM=''
GNUPG_PROTECT_TOOL_PGM_FALSE=''
GNUPG_PROTECT_TOOL_PGM_TRUE='#'
GNUPG_SCDAEMON_PGM=''
GNUPG_SCDAEMON_PGM_FALSE=''
GNUPG_SCDAEMON_PGM_TRUE='#'
GPGKEYS_LDAP=''
GPG_ERROR_CFLAGS=''
GPG_ERROR_LIBS='-lgpg-error'
GPG_ERROR_MT_CFLAGS=''
GPG_ERROR_MT_LIBS='-lgpg-error'
GREP='/usr/bin/grep'
HAVE_ANDROID_SYSTEM_FALSE=''
HAVE_ANDROID_SYSTEM_TRUE='#'
HAVE_DOSISH_SYSTEM_FALSE=''
HAVE_DOSISH_SYSTEM_TRUE='#'
HAVE_USTAR_FALSE='#'
HAVE_USTAR_TRUE=''
HAVE_W32CE_SYSTEM_FALSE=''
HAVE_W32CE_SYSTEM_TRUE='#'
HAVE_W32_SYSTEM_FALSE=''
HAVE_W32_SYSTEM_TRUE='#'
HAVE_YAT2M_FALSE='#'
HAVE_YAT2M_TRUE=''
INSTALL_DATA='${INSTALL} -m 644'
INSTALL_PROGRAM='${INSTALL}'
INSTALL_SCRIPT='${INSTALL}'
INSTALL_STRIP_PROGRAM='$(install_sh) -c -s'
INTLLIBS=''
INTL_MACOSX_LIBS=''
KSBA_CFLAGS=''
KSBA_LIBS='-lksba'
LBER_LIBS=''
LDAPLIBS=''
LDAP_CPPFLAGS=''
LDFLAGS='-m68020-60 -O2 -fomit-frame-pointer'
LIBASSUAN_CFLAGS=''
LIBASSUAN_LIBS='-lassuan -lgpg-error'
LIBGCRYPT_CFLAGS=''
LIBGCRYPT_LIBS=''
LIBGNUTLS_CFLAGS=''
LIBGNUTLS_LIBS=''
LIBGRYCPT_CFLAGS=''
LIBGRYCPT_LIBS='-lgcrypt -lgpg-error'
LIBICONV=''
LIBINTL=''
LIBOBJS=''
LIBREADLINE=''
LIBS=''
LIBUSB_CPPFLAGS='-I/usr/include/libusb-1.0'
LIBUSB_LIBS=''
LIBUTIL_LIBS=''
LN_S='ln -s'
LTLIBICONV=''
LTLIBINTL=''
LTLIBOBJS=''
MAINT='#'
MAINTAINER_MODE_FALSE=''
MAINTAINER_MODE_TRUE='#'
MAKEINFO='${SHELL} /home/sebilla/mintstd/gnupg-2.2.5/build-aux/missing makeinfo'
MKDIR_P='/usr/bin/mkdir -p'
MSGFMT=''
MSGFMT_015=''
MSGMERGE=''
NETLIBS=''
NO_TRUST_MODELS_FALSE=''
NO_TRUST_MODELS_TRUE=''
NPTH_CFLAGS=''
NPTH_LIBS=''
NTBTLS_CFLAGS=''
NTBTLS_LIBS=''
OBJEXT='o'
PACKAGE='gnupg'
PACKAGE_BUGREPORT='https://bugs.gnupg.org'
PACKAGE_GT='gnupg2'
PACKAGE_NAME='gnupg'
PACKAGE_STRING='gnupg 2.2.5-unknown'
PACKAGE_TARNAME='gnupg'
PACKAGE_URL=''
PACKAGE_VERSION='2.2.5-unknown'
PATH_SEPARATOR=':'
PERL='/usr/bin/perl'
PKG_CONFIG='/usr/bin/pkg-config'
PKG_CONFIG_LIBDIR='/usr/m68k-atari-mint/lib/pkgconfig'
PKG_CONFIG_PATH='/usr/m68k-atari-mint/lib/pkgconfig'
POSUB=''
RANLIB='m68k-atari-mint-ranlib'
SENDMAIL=''
SET_MAKE=''
SHELL='/bin/sh'
SHRED='/usr/bin/shred'
SQLITE3_CFLAGS=''
SQLITE3_FALSE=''
SQLITE3_LIBS=''
SQLITE3_TRUE='#'
STRIP='m68k-atari-mint-strip'
SYSROOT=''
SYS_SOCKET_H=''
TAR='/usr/bin/tar'
USE_C99_CFLAGS=''
USE_GPG2_HACK_FALSE=''
USE_GPG2_HACK_TRUE='#'
USE_INCLUDED_LIBINTL=''
USE_LDAPWRAPPER_FALSE=''
USE_LDAPWRAPPER_TRUE=''
USE_LDAP_FALSE=''
USE_LDAP_TRUE=''
USE_LIBDNS_FALSE='#'
USE_LIBDNS_TRUE=''
USE_NLS=''
USE_SIMPLE_GETTEXT_FALSE=''
USE_SIMPLE_GETTEXT_TRUE='#'
USE_TOFU_FALSE=''
USE_TOFU_TRUE=''
VERSION='2.2.5-unknown'
W32SOCKLIBS=''
WINDRES=':'
XGETTEXT=''
XGETTEXT_015=''
XGETTEXT_EXTRA_OPTIONS=''
YAT2M='/usr/bin/yat2m'
ZLIBS=''
ac_ct_CC=''
am__EXEEXT_FALSE=''
am__EXEEXT_TRUE=''
am__fastdepCC_FALSE='#'
am__fastdepCC_TRUE=''
am__include='-include'
am__isrc=''
am__leading_dot='.'
am__nodep='_no'
am__quote=''
am__tar='$${TAR-tar} chof - "$$tardir"'
am__untar='$${TAR-tar} xf -'
bindir='${exec_prefix}/bin'
build='x86_64-pc-linux-gnu'
build_alias=''
build_cpu='x86_64'
build_os='linux-gnu'
build_vendor='pc'
datadir='${datarootdir}'
datarootdir='${prefix}/share'
docdir='${datarootdir}/doc/${PACKAGE_TARNAME}'
dvidir='${docdir}'
exec_prefix='NONE'
host='m68k-atari-mint'
host_alias='m68k-atari-mint'
host_cpu='m68k'
host_os='mint'
host_vendor='atari'
htmldir='${docdir}'
includedir='${prefix}/include'
infodir='${datarootdir}/info'
install_sh='${SHELL} /home/sebilla/mintstd/gnupg-2.2.5/build-aux/install-sh'
libdir='${exec_prefix}/lib/m68020-60'
libexecdir='${exec_prefix}/libexec'
localedir='${datarootdir}/locale'
localstatedir='${prefix}/var'
mandir='${datarootdir}/man'
mkdir_p='$(MKDIR_P)'
oldincludedir='/usr/include'
pdfdir='${docdir}'
prefix='/usr'
program_transform_name='s,x,x,'
psdir='${docdir}'
sbindir='${exec_prefix}/sbin'
sharedstatedir='${prefix}/com'
sysconfdir='${prefix}/etc'
target_alias=''

## ----------- ##
## confdefs.h. ##
## ----------- ##

/* confdefs.h */
#define PACKAGE_NAME "gnupg"
#define PACKAGE_TARNAME "gnupg"
#define PACKAGE_VERSION "2.2.5-unknown"
#define PACKAGE_STRING "gnupg 2.2.5-unknown"
#define PACKAGE_BUGREPORT "https://bugs.gnupg.org"
#define PACKAGE_URL ""
#define GNUPG_SWDB_TAG "gnupg22"
#define PACKAGE "gnupg"
#define VERSION "2.2.5-unknown"
#define STDC_HEADERS 1
#define HAVE_SYS_TYPES_H 1
#define HAVE_SYS_STAT_H 1
#define HAVE_STDLIB_H 1
#define HAVE_STRING_H 1
#define HAVE_MEMORY_H 1
#define HAVE_STRINGS_H 1
#define HAVE_INTTYPES_H 1
#define HAVE_STDINT_H 1
#define HAVE_UNISTD_H 1
#define __EXTENSIONS__ 1
#define _ALL_SOURCE 1
#define _GNU_SOURCE 1
#define _POSIX_PTHREAD_SEMANTICS 1
#define _TANDEM_SOURCE 1
#define PACKAGE "gnupg"
#define PACKAGE_GT "gnupg2"
#define VERSION "2.2.5-unknown"
#define PACKAGE_BUGREPORT "https://bugs.gnupg.org"
#define NEED_LIBGCRYPT_VERSION "1.7.0"
#define NEED_KSBA_VERSION "1.3.4"
#define NEED_NTBTLS_VERSION "0.1.0"
#define SECMEM_BUFFER_SIZE 32768
#define USE_LIBDNS 1
#define GPG_USE_RSA 1
#define GPG_USE_ECDH 1
#define GPG_USE_ECDSA 1
#define GPG_USE_EDDSA 1
#define GPG_USE_IDEA 1
#define GPG_USE_CAST5 1
#define GPG_USE_BLOWFISH 1
#define GPG_USE_AES128 1
#define GPG_USE_AES192 1
#define GPG_USE_AES256 1
#define GPG_USE_TWOFISH 1
#define GPG_USE_CAMELLIA128 1
#define GPG_USE_CAMELLIA192 1
#define GPG_USE_CAMELLIA256 1
#define GPG_USE_MD5 1
#define GPG_USE_RMD160 1
#define GPG_USE_SHA224 1
#define GPG_USE_SHA384 1
#define GPG_USE_SHA512 1
#define PK_UID_CACHE_SIZE 4096
#define ENABLE_CARD_SUPPORT 1
#define USE_DIRMNGR_AUTO_START 1
#define HAVE_DRIVE_LETTERS 1
#define EXEEXT ""
#define GNUPG_LIBASSUAN_VERSION ""
#define ENCFS "/usr/bin/encfs"
#define FUSERMOUNT "/usr/bin/fusermount"
#define SHRED "/usr/bin/shred"

configure: exit 1
