This file contains any messages produced by compilers while
running configure, to aid debugging if configure makes a mistake.

It was created by npth configure 1.5, which was
generated by GNU Autoconf 2.69.  Invocation command line was

  $ ./configure --host=m68k-atari-mint --prefix=/usr --disable-shared --libdir=${exec_prefix}/lib/m68020-60

## --------- ##
## Platform. ##
## --------- ##

hostname = earendil
uname -m = x86_64
uname -r = 4.15.13-1-default
uname -s = Linux
uname -v = #1 SMP PREEMPT Sun Mar 25 08:34:58 UTC 2018 (950fc49)

/usr/bin/uname -p = x86_64
/bin/uname -X     = unknown

/bin/arch              = x86_64
/usr/bin/arch -k       = unknown
/usr/convex/getsysinfo = unknown
/usr/bin/hostinfo      = unknown
/bin/machine           = unknown
/usr/bin/oslevel       = unknown
/bin/universe          = unknown

PATH: /home/sebilla/mintstd/binary7-package/usr/bin
PATH: /home/sebilla/bin
PATH: /usr/local/bin
PATH: /usr/bin
PATH: /bin
PATH: /sbin
PATH: /usr/sbin


## ----------- ##
## Core tests. ##
## ----------- ##

configure:2373: checking for a BSD-compatible install
configure:2441: result: /usr/bin/install -c
configure:2452: checking whether build environment is sane
configure:2507: result: yes
configure:2566: checking for m68k-atari-mint-strip
configure:2582: found /home/sebilla/mintstd/binary7-package/usr/bin/m68k-atari-mint-strip
configure:2593: result: m68k-atari-mint-strip
configure:2658: checking for a thread-safe mkdir -p
configure:2697: result: /usr/bin/mkdir -p
configure:2704: checking for gawk
configure:2720: found /usr/bin/gawk
configure:2731: result: gawk
configure:2742: checking whether make sets $(MAKE)
configure:2764: result: yes
configure:2793: checking whether make supports nested variables
configure:2810: result: yes
configure:2937: checking whether to enable maintainer-specific portions of Makefiles
configure:2946: result: no
configure:2963: checking build system type
configure:2977: result: x86_64-pc-linux-gnu
configure:2997: checking host system type
configure:3010: result: m68k-atari-mint
configure:3041: checking whether make supports nested variables
configure:3058: result: yes
configure:3075: checking whether make supports the include directive
configure:3090: make -f confmf.GNU && cat confinc.out
this is the am__doit target
configure:3093: $? = 0
configure:3112: result: yes (GNU style)
configure:3142: checking for m68k-atari-mint-gcc
configure:3158: found /home/sebilla/mintstd/binary7-package/usr/bin/m68k-atari-mint-gcc
configure:3169: result: m68k-atari-mint-gcc
configure:3438: checking for C compiler version
configure:3447: m68k-atari-mint-gcc --version >&5
m68k-atari-mint-gcc (MiNT 20180215) 7.3.0
Copyright (C) 2017 Free Software Foundation, Inc.
This is free software; see the source for copying conditions.  There is NO
warranty; not even for MERCHANTABILITY or FITNESS FOR A PARTICULAR PURPOSE.

configure:3458: $? = 0
configure:3447: m68k-atari-mint-gcc -v >&5
Using built-in specs.
COLLECT_GCC=m68k-atari-mint-gcc
COLLECT_LTO_WRAPPER=/home/sebilla/mintstd/binary7-package/usr/bin/../lib64/gcc/m68k-atari-mint/7/lto-wrapper
Target: m68k-atari-mint
Configured with: /home/sebilla/m68k-atari-mint-gcc/configure --target=m68k-atari-mint --build=x86_64-pc-linux-gnu --prefix=/usr --libdir=/usr/lib64 --bindir=/usr/bin --libexecdir='' 'CFLAGS_FOR_BUILD=-O2 -fomit-frame-pointer' CFLAGS='-O2 -fomit-frame-pointer' 'CXXFLAGS_FOR_BUILD=-O2 -fomit-frame-pointer' CXXFLAGS='-O2 -fomit-frame-pointer' 'BOOT_CFLAGS=-O2 -fomit-frame-pointer' 'CFLAGS_FOR_TARGET=-O2 -fomit-frame-pointer' 'CXXFLAGS_FOR_TARGET=-O2 -fomit-frame-pointer' LDFLAGS_FOR_BUILD= LDFLAGS= --with-pkgversion='MiNT 20180215' --disable-libvtv --disable-libmpx --disable-libcc1 --disable-werror --with-gxx-include-dir=/usr/m68k-atari-mint/sys-root/usr/include/c++/7 --with-gcc-major-version-only --with-gcc --with-gnu-as --with-gnu-ld --with-system-zlib --disable-libgomp --without-newlib --disable-libstdcxx-pch --disable-threads --disable-win32-registry --disable-lto --enable-ssp --enable-libssp --disable-plugin --enable-decimal-float --disable-nls --with-libiconv-prefix=/usr --with-libintl-prefix=/usr --with-sysroot=/usr/m68k-atari-mint/sys-root --enable-languages=c,c++
Thread model: single
gcc version 7.3.0 (MiNT 20180215) 
configure:3458: $? = 0
configure:3447: m68k-atari-mint-gcc -V >&5
m68k-atari-mint-gcc: error: unrecognized command line option '-V'
m68k-atari-mint-gcc: fatal error: no input files
compilation terminated.
configure:3458: $? = 1
configure:3447: m68k-atari-mint-gcc -qversion >&5
m68k-atari-mint-gcc: error: unrecognized command line option '-qversion'; did you mean '--version'?
m68k-atari-mint-gcc: fatal error: no input files
compilation terminated.
configure:3458: $? = 1
configure:3478: checking whether the C compiler works
configure:3500: m68k-atari-mint-gcc -m68020-60 -O2 -fomit-frame-pointer  -m68020-60 -O2 -fomit-frame-pointer conftest.c  >&5
configure:3504: $? = 0
configure:3552: result: yes
configure:3555: checking for C compiler default output file name
configure:3557: result: a.out
configure:3563: checking for suffix of executables
configure:3570: m68k-atari-mint-gcc -o conftest -m68020-60 -O2 -fomit-frame-pointer  -m68020-60 -O2 -fomit-frame-pointer conftest.c  >&5
configure:3574: $? = 0
configure:3596: result: 
configure:3618: checking whether we are cross compiling
configure:3626: m68k-atari-mint-gcc -o conftest -m68020-60 -O2 -fomit-frame-pointer  -m68020-60 -O2 -fomit-frame-pointer conftest.c  >&5
configure:3630: $? = 0
configure:3637: ./conftest
./configure: line 3639: ./conftest: cannot execute binary file: Exec format error
configure:3641: $? = 126
configure:3656: result: yes
configure:3661: checking for suffix of object files
configure:3683: m68k-atari-mint-gcc -c -m68020-60 -O2 -fomit-frame-pointer  conftest.c >&5
configure:3687: $? = 0
configure:3708: result: o
configure:3712: checking whether we are using the GNU C compiler
configure:3731: m68k-atari-mint-gcc -c -m68020-60 -O2 -fomit-frame-pointer  conftest.c >&5
configure:3731: $? = 0
configure:3740: result: yes
configure:3749: checking whether m68k-atari-mint-gcc accepts -g
configure:3769: m68k-atari-mint-gcc -c -g  conftest.c >&5
configure:3769: $? = 0
configure:3810: result: yes
configure:3827: checking for m68k-atari-mint-gcc option to accept ISO C89
configure:3890: m68k-atari-mint-gcc  -c -m68020-60 -O2 -fomit-frame-pointer  conftest.c >&5
configure:3890: $? = 0
configure:3903: result: none needed
configure:3928: checking whether m68k-atari-mint-gcc understands -c and -o together
configure:3950: m68k-atari-mint-gcc -c conftest.c -o conftest2.o
configure:3953: $? = 0
configure:3950: m68k-atari-mint-gcc -c conftest.c -o conftest2.o
configure:3953: $? = 0
configure:3965: result: yes
configure:3984: checking dependency style of m68k-atari-mint-gcc
configure:4095: result: gcc3
configure:4116: checking how to run the C preprocessor
configure:4147: m68k-atari-mint-gcc -E  conftest.c
configure:4147: $? = 0
configure:4161: m68k-atari-mint-gcc -E  conftest.c
conftest.c:11:10: fatal error: ac_nonexistent.h: No such file or directory
 #include <ac_nonexistent.h>
          ^~~~~~~~~~~~~~~~~~
compilation terminated.
configure:4161: $? = 1
configure: failed program was:
| /* confdefs.h */
| #define PACKAGE_NAME "npth"
| #define PACKAGE_TARNAME "npth"
| #define PACKAGE_VERSION "1.5"
| #define PACKAGE_STRING "npth 1.5"
| #define PACKAGE_BUGREPORT "gnupg-devel@gnupg.org"
| #define PACKAGE_URL ""
| #define PACKAGE "npth"
| #define VERSION "1.5"
| /* end confdefs.h.  */
| #include <ac_nonexistent.h>
configure:4186: result: m68k-atari-mint-gcc -E
configure:4206: m68k-atari-mint-gcc -E  conftest.c
configure:4206: $? = 0
configure:4220: m68k-atari-mint-gcc -E  conftest.c
conftest.c:11:10: fatal error: ac_nonexistent.h: No such file or directory
 #include <ac_nonexistent.h>
          ^~~~~~~~~~~~~~~~~~
compilation terminated.
configure:4220: $? = 1
configure: failed program was:
| /* confdefs.h */
| #define PACKAGE_NAME "npth"
| #define PACKAGE_TARNAME "npth"
| #define PACKAGE_VERSION "1.5"
| #define PACKAGE_STRING "npth 1.5"
| #define PACKAGE_BUGREPORT "gnupg-devel@gnupg.org"
| #define PACKAGE_URL ""
| #define PACKAGE "npth"
| #define VERSION "1.5"
| /* end confdefs.h.  */
| #include <ac_nonexistent.h>
configure:4249: checking for grep that handles long lines and -e
configure:4307: result: /usr/bin/grep
configure:4312: checking for egrep
configure:4374: result: /usr/bin/grep -E
configure:4379: checking for ANSI C header files
configure:4399: m68k-atari-mint-gcc -c -m68020-60 -O2 -fomit-frame-pointer  conftest.c >&5
configure:4399: $? = 0
configure:4483: result: yes
configure:4496: checking for sys/types.h
configure:4496: m68k-atari-mint-gcc -c -m68020-60 -O2 -fomit-frame-pointer  conftest.c >&5
configure:4496: $? = 0
configure:4496: result: yes
configure:4496: checking for sys/stat.h
configure:4496: m68k-atari-mint-gcc -c -m68020-60 -O2 -fomit-frame-pointer  conftest.c >&5
configure:4496: $? = 0
configure:4496: result: yes
configure:4496: checking for stdlib.h
configure:4496: m68k-atari-mint-gcc -c -m68020-60 -O2 -fomit-frame-pointer  conftest.c >&5
configure:4496: $? = 0
configure:4496: result: yes
configure:4496: checking for string.h
configure:4496: m68k-atari-mint-gcc -c -m68020-60 -O2 -fomit-frame-pointer  conftest.c >&5
configure:4496: $? = 0
configure:4496: result: yes
configure:4496: checking for memory.h
configure:4496: m68k-atari-mint-gcc -c -m68020-60 -O2 -fomit-frame-pointer  conftest.c >&5
configure:4496: $? = 0
configure:4496: result: yes
configure:4496: checking for strings.h
configure:4496: m68k-atari-mint-gcc -c -m68020-60 -O2 -fomit-frame-pointer  conftest.c >&5
configure:4496: $? = 0
configure:4496: result: yes
configure:4496: checking for inttypes.h
configure:4496: m68k-atari-mint-gcc -c -m68020-60 -O2 -fomit-frame-pointer  conftest.c >&5
configure:4496: $? = 0
configure:4496: result: yes
configure:4496: checking for stdint.h
configure:4496: m68k-atari-mint-gcc -c -m68020-60 -O2 -fomit-frame-pointer  conftest.c >&5
configure:4496: $? = 0
configure:4496: result: yes
configure:4496: checking for unistd.h
configure:4496: m68k-atari-mint-gcc -c -m68020-60 -O2 -fomit-frame-pointer  conftest.c >&5
configure:4496: $? = 0
configure:4496: result: yes
configure:4509: checking minix/config.h usability
configure:4509: m68k-atari-mint-gcc -c -m68020-60 -O2 -fomit-frame-pointer  conftest.c >&5
conftest.c:54:10: fatal error: minix/config.h: No such file or directory
 #include <minix/config.h>
          ^~~~~~~~~~~~~~~~
compilation terminated.
configure:4509: $? = 1
configure: failed program was:
| /* confdefs.h */
| #define PACKAGE_NAME "npth"
| #define PACKAGE_TARNAME "npth"
| #define PACKAGE_VERSION "1.5"
| #define PACKAGE_STRING "npth 1.5"
| #define PACKAGE_BUGREPORT "gnupg-devel@gnupg.org"
| #define PACKAGE_URL ""
| #define PACKAGE "npth"
| #define VERSION "1.5"
| #define STDC_HEADERS 1
| #define HAVE_SYS_TYPES_H 1
| #define HAVE_SYS_STAT_H 1
| #define HAVE_STDLIB_H 1
| #define HAVE_STRING_H 1
| #define HAVE_MEMORY_H 1
| #define HAVE_STRINGS_H 1
| #define HAVE_INTTYPES_H 1
| #define HAVE_STDINT_H 1
| #define HAVE_UNISTD_H 1
| /* end confdefs.h.  */
| #include <stdio.h>
| #ifdef HAVE_SYS_TYPES_H
| # include <sys/types.h>
| #endif
| #ifdef HAVE_SYS_STAT_H
| # include <sys/stat.h>
| #endif
| #ifdef STDC_HEADERS
| # include <stdlib.h>
| # include <stddef.h>
| #else
| # ifdef HAVE_STDLIB_H
| #  include <stdlib.h>
| # endif
| #endif
| #ifdef HAVE_STRING_H
| # if !defined STDC_HEADERS && defined HAVE_MEMORY_H
| #  include <memory.h>
| # endif
| # include <string.h>
| #endif
| #ifdef HAVE_STRINGS_H
| # include <strings.h>
| #endif
| #ifdef HAVE_INTTYPES_H
| # include <inttypes.h>
| #endif
| #ifdef HAVE_STDINT_H
| # include <stdint.h>
| #endif
| #ifdef HAVE_UNISTD_H
| # include <unistd.h>
| #endif
| #include <minix/config.h>
configure:4509: result: no
configure:4509: checking minix/config.h presence
configure:4509: m68k-atari-mint-gcc -E  conftest.c
conftest.c:21:10: fatal error: minix/config.h: No such file or directory
 #include <minix/config.h>
          ^~~~~~~~~~~~~~~~
compilation terminated.
configure:4509: $? = 1
configure: failed program was:
| /* confdefs.h */
| #define PACKAGE_NAME "npth"
| #define PACKAGE_TARNAME "npth"
| #define PACKAGE_VERSION "1.5"
| #define PACKAGE_STRING "npth 1.5"
| #define PACKAGE_BUGREPORT "gnupg-devel@gnupg.org"
| #define PACKAGE_URL ""
| #define PACKAGE "npth"
| #define VERSION "1.5"
| #define STDC_HEADERS 1
| #define HAVE_SYS_TYPES_H 1
| #define HAVE_SYS_STAT_H 1
| #define HAVE_STDLIB_H 1
| #define HAVE_STRING_H 1
| #define HAVE_MEMORY_H 1
| #define HAVE_STRINGS_H 1
| #define HAVE_INTTYPES_H 1
| #define HAVE_STDINT_H 1
| #define HAVE_UNISTD_H 1
| /* end confdefs.h.  */
| #include <minix/config.h>
configure:4509: result: no
configure:4509: checking for minix/config.h
configure:4509: result: no
configure:4530: checking whether it is safe to define __EXTENSIONS__
configure:4548: m68k-atari-mint-gcc -c -m68020-60 -O2 -fomit-frame-pointer  conftest.c >&5
configure:4548: $? = 0
configure:4555: result: yes
configure:4582: checking for m68k-atari-mint-gcc
configure:4609: result: m68k-atari-mint-gcc
configure:4878: checking for C compiler version
configure:4887: m68k-atari-mint-gcc --version >&5
m68k-atari-mint-gcc (MiNT 20180215) 7.3.0
Copyright (C) 2017 Free Software Foundation, Inc.
This is free software; see the source for copying conditions.  There is NO
warranty; not even for MERCHANTABILITY or FITNESS FOR A PARTICULAR PURPOSE.

configure:4898: $? = 0
configure:4887: m68k-atari-mint-gcc -v >&5
Using built-in specs.
COLLECT_GCC=m68k-atari-mint-gcc
COLLECT_LTO_WRAPPER=/home/sebilla/mintstd/binary7-package/usr/bin/../lib64/gcc/m68k-atari-mint/7/lto-wrapper
Target: m68k-atari-mint
Configured with: /home/sebilla/m68k-atari-mint-gcc/configure --target=m68k-atari-mint --build=x86_64-pc-linux-gnu --prefix=/usr --libdir=/usr/lib64 --bindir=/usr/bin --libexecdir='' 'CFLAGS_FOR_BUILD=-O2 -fomit-frame-pointer' CFLAGS='-O2 -fomit-frame-pointer' 'CXXFLAGS_FOR_BUILD=-O2 -fomit-frame-pointer' CXXFLAGS='-O2 -fomit-frame-pointer' 'BOOT_CFLAGS=-O2 -fomit-frame-pointer' 'CFLAGS_FOR_TARGET=-O2 -fomit-frame-pointer' 'CXXFLAGS_FOR_TARGET=-O2 -fomit-frame-pointer' LDFLAGS_FOR_BUILD= LDFLAGS= --with-pkgversion='MiNT 20180215' --disable-libvtv --disable-libmpx --disable-libcc1 --disable-werror --with-gxx-include-dir=/usr/m68k-atari-mint/sys-root/usr/include/c++/7 --with-gcc-major-version-only --with-gcc --with-gnu-as --with-gnu-ld --with-system-zlib --disable-libgomp --without-newlib --disable-libstdcxx-pch --disable-threads --disable-win32-registry --disable-lto --enable-ssp --enable-libssp --disable-plugin --enable-decimal-float --disable-nls --with-libiconv-prefix=/usr --with-libintl-prefix=/usr --with-sysroot=/usr/m68k-atari-mint/sys-root --enable-languages=c,c++
Thread model: single
gcc version 7.3.0 (MiNT 20180215) 
configure:4898: $? = 0
configure:4887: m68k-atari-mint-gcc -V >&5
m68k-atari-mint-gcc: error: unrecognized command line option '-V'
m68k-atari-mint-gcc: fatal error: no input files
compilation terminated.
configure:4898: $? = 1
configure:4887: m68k-atari-mint-gcc -qversion >&5
m68k-atari-mint-gcc: error: unrecognized command line option '-qversion'; did you mean '--version'?
m68k-atari-mint-gcc: fatal error: no input files
compilation terminated.
configure:4898: $? = 1
configure:4902: checking whether we are using the GNU C compiler
configure:4930: result: yes
configure:4939: checking whether m68k-atari-mint-gcc accepts -g
configure:5000: result: yes
configure:5017: checking for m68k-atari-mint-gcc option to accept ISO C89
configure:5093: result: none needed
configure:5118: checking whether m68k-atari-mint-gcc understands -c and -o together
configure:5155: result: yes
configure:5174: checking dependency style of m68k-atari-mint-gcc
configure:5285: result: gcc3
configure:5382: checking how to print strings
configure:5409: result: printf
configure:5430: checking for a sed that does not truncate output
configure:5494: result: /usr/bin/sed
configure:5512: checking for fgrep
configure:5574: result: /usr/bin/grep -F
configure:5609: checking for ld used by m68k-atari-mint-gcc
configure:5676: result: /home/sebilla/mintstd/binary7-package/usr/m68k-atari-mint/bin/ld
configure:5683: checking if the linker (/home/sebilla/mintstd/binary7-package/usr/m68k-atari-mint/bin/ld) is GNU ld
configure:5698: result: yes
configure:5710: checking for BSD- or MS-compatible name lister (nm)
configure:5759: result: /home/sebilla/mintstd/binary7-package/usr/bin/m68k-atari-mint-nm -B
configure:5889: checking the name lister (/home/sebilla/mintstd/binary7-package/usr/bin/m68k-atari-mint-nm -B) interface
configure:5896: m68k-atari-mint-gcc -c -m68020-60 -O2 -fomit-frame-pointer  conftest.c >&5
configure:5899: /home/sebilla/mintstd/binary7-package/usr/bin/m68k-atari-mint-nm -B "conftest.o"
configure:5902: output
00000000 B _some_variable
configure:5909: result: BSD nm
configure:5912: checking whether ln -s works
configure:5916: result: yes
configure:5924: checking the maximum length of command line arguments
configure:6054: result: 1572864
configure:6071: checking whether the shell understands some XSI constructs
configure:6081: result: yes
configure:6085: checking whether the shell understands "+="
configure:6091: result: yes
configure:6126: checking how to convert x86_64-pc-linux-gnu file names to m68k-atari-mint format
configure:6166: result: func_convert_file_noop
configure:6173: checking how to convert x86_64-pc-linux-gnu file names to toolchain format
configure:6193: result: func_convert_file_noop
configure:6200: checking for /home/sebilla/mintstd/binary7-package/usr/m68k-atari-mint/bin/ld option to reload object files
configure:6207: result: -r
configure:6241: checking for m68k-atari-mint-objdump
configure:6257: found /home/sebilla/mintstd/binary7-package/usr/bin/m68k-atari-mint-objdump
configure:6268: result: m68k-atari-mint-objdump
configure:6337: checking how to recognize dependent libraries
configure:6535: result: unknown
configure:6580: checking for m68k-atari-mint-dlltool
configure:6610: result: no
configure:6620: checking for dlltool
configure:6650: result: no
configure:6677: checking how to associate runtime and link libraries
configure:6704: result: printf %s\n
configure:6720: checking for m68k-atari-mint-ar
configure:6736: found /home/sebilla/mintstd/binary7-package/usr/bin/m68k-atari-mint-ar
configure:6747: result: m68k-atari-mint-ar
configure:6828: checking for archiver @FILE support
configure:6845: m68k-atari-mint-gcc -c -m68020-60 -O2 -fomit-frame-pointer  conftest.c >&5
configure:6845: $? = 0
configure:6848: m68k-atari-mint-ar cru libconftest.a @conftest.lst >&5
configure:6851: $? = 0
configure:6856: m68k-atari-mint-ar cru libconftest.a @conftest.lst >&5
m68k-atari-mint-ar: conftest.o: No such file or directory
configure:6859: $? = 1
configure:6871: result: @
configure:6889: checking for m68k-atari-mint-strip
configure:6916: result: m68k-atari-mint-strip
configure:6988: checking for m68k-atari-mint-ranlib
configure:7004: found /home/sebilla/mintstd/binary7-package/usr/bin/m68k-atari-mint-ranlib
configure:7015: result: m68k-atari-mint-ranlib
configure:7157: checking command to parse /home/sebilla/mintstd/binary7-package/usr/bin/m68k-atari-mint-nm -B output from m68k-atari-mint-gcc object
configure:7277: m68k-atari-mint-gcc -c -m68020-60 -O2 -fomit-frame-pointer  conftest.c >&5
configure:7280: $? = 0
configure:7284: /home/sebilla/mintstd/binary7-package/usr/bin/m68k-atari-mint-nm -B conftest.o \| sed -n -e 's/^.*[ ]\([ABCDGIRSTW][ABCDGIRSTW]*\)[ ][ ]*\([_A-Za-z][_A-Za-z0-9]*\)$/\1 \2 \2/p' | sed '/ __gnu_lto/d' \> conftest.nm
configure:7287: $? = 0
cannot find nm_test_var in conftest.nm
configure:7277: m68k-atari-mint-gcc -c -m68020-60 -O2 -fomit-frame-pointer  conftest.c >&5
configure:7280: $? = 0
configure:7284: /home/sebilla/mintstd/binary7-package/usr/bin/m68k-atari-mint-nm -B conftest.o \| sed -n -e 's/^.*[ ]\([ABCDGIRSTW][ABCDGIRSTW]*\)[ ][ ]*_\([_A-Za-z][_A-Za-z0-9]*\)$/\1 _\2 \2/p' | sed '/ __gnu_lto/d' \> conftest.nm
configure:7287: $? = 0
configure:7353: m68k-atari-mint-gcc -o conftest -m68020-60 -O2 -fomit-frame-pointer  -m68020-60 -O2 -fomit-frame-pointer conftest.c conftstm.o >&5
configure:7356: $? = 0
configure:7394: result: ok
configure:7431: checking for sysroot
configure:7461: result: no
configure:7677: checking for m68k-atari-mint-mt
configure:7707: result: no
configure:7717: checking for mt
configure:7733: found /usr/bin/mt
configure:7744: result: mt
configure:7756: WARNING: using cross tools not prefixed with host triplet
configure:7767: checking if mt is a manifest tool
configure:7773: mt '-?'
mt: Bad Option: '-?'.
Usage: mt [ -f device ] [options] command [ count ]
Options:
	-help		print this online help
	-version	print version number
	-wready		wait for the tape to become ready before doing command

Commands are:
weof          write EOF mark
eof           write EOF mark
fsf           forward skip FILE mark
bsf           backward skip FILE mark
asf           absolute FILE mark pos
fsr           forward skip record
bsr           backward skip record
rewind        rewind tape
offline       rewind and unload
rewoffl       rewind and unload
status        get tape status
nop           no operation
retension     retension tape cartridge
erase         erase tape
eom           position to EOM
load          load tape
configure:7781: result: no
configure:8420: checking for dlfcn.h
configure:8420: m68k-atari-mint-gcc -c -m68020-60 -O2 -fomit-frame-pointer  conftest.c >&5
conftest.c:62:10: fatal error: dlfcn.h: No such file or directory
 #include <dlfcn.h>
          ^~~~~~~~~
compilation terminated.
configure:8420: $? = 1
configure: failed program was:
| /* confdefs.h */
| #define PACKAGE_NAME "npth"
| #define PACKAGE_TARNAME "npth"
| #define PACKAGE_VERSION "1.5"
| #define PACKAGE_STRING "npth 1.5"
| #define PACKAGE_BUGREPORT "gnupg-devel@gnupg.org"
| #define PACKAGE_URL ""
| #define PACKAGE "npth"
| #define VERSION "1.5"
| #define STDC_HEADERS 1
| #define HAVE_SYS_TYPES_H 1
| #define HAVE_SYS_STAT_H 1
| #define HAVE_STDLIB_H 1
| #define HAVE_STRING_H 1
| #define HAVE_MEMORY_H 1
| #define HAVE_STRINGS_H 1
| #define HAVE_INTTYPES_H 1
| #define HAVE_STDINT_H 1
| #define HAVE_UNISTD_H 1
| #define __EXTENSIONS__ 1
| #define _ALL_SOURCE 1
| #define _GNU_SOURCE 1
| #define _POSIX_PTHREAD_SEMANTICS 1
| #define _TANDEM_SOURCE 1
| #define PACKAGE "npth"
| #define VERSION "1.5"
| /* end confdefs.h.  */
| #include <stdio.h>
| #ifdef HAVE_SYS_TYPES_H
| # include <sys/types.h>
| #endif
| #ifdef HAVE_SYS_STAT_H
| # include <sys/stat.h>
| #endif
| #ifdef STDC_HEADERS
| # include <stdlib.h>
| # include <stddef.h>
| #else
| # ifdef HAVE_STDLIB_H
| #  include <stdlib.h>
| # endif
| #endif
| #ifdef HAVE_STRING_H
| # if !defined STDC_HEADERS && defined HAVE_MEMORY_H
| #  include <memory.h>
| # endif
| # include <string.h>
| #endif
| #ifdef HAVE_STRINGS_H
| # include <strings.h>
| #endif
| #ifdef HAVE_INTTYPES_H
| # include <inttypes.h>
| #endif
| #ifdef HAVE_STDINT_H
| # include <stdint.h>
| #endif
| #ifdef HAVE_UNISTD_H
| # include <unistd.h>
| #endif
| 
| #include <dlfcn.h>
configure:8420: result: no
configure:8923: checking for objdir
configure:8938: result: .libs
configure:9209: checking if m68k-atari-mint-gcc supports -fno-rtti -fno-exceptions
configure:9227: m68k-atari-mint-gcc -c -m68020-60 -O2 -fomit-frame-pointer  -fno-rtti -fno-exceptions conftest.c >&5
cc1: warning: command line option '-fno-rtti' is valid for C++/ObjC++ but not for C
configure:9231: $? = 0
configure:9244: result: no
configure:9571: checking for m68k-atari-mint-gcc option to produce PIC
configure:9578: result: -fPIC -DPIC
configure:9586: checking if m68k-atari-mint-gcc PIC flag -fPIC -DPIC works
configure:9604: m68k-atari-mint-gcc -c -m68020-60 -O2 -fomit-frame-pointer  -fPIC -DPIC -DPIC conftest.c >&5
cc1: error: -fPIC is not supported on this target
configure:9608: $? = 1
configure:9621: result: no
configure:9650: checking if m68k-atari-mint-gcc static flag -static works
configure:9678: result: yes
configure:9693: checking if m68k-atari-mint-gcc supports -c -o file.o
configure:9714: m68k-atari-mint-gcc -c -m68020-60 -O2 -fomit-frame-pointer  -o out/conftest2.o conftest.c >&5
configure:9718: $? = 0
configure:9740: result: yes
configure:9748: checking if m68k-atari-mint-gcc supports -c -o file.o
configure:9795: result: yes
configure:9828: checking whether the m68k-atari-mint-gcc linker (/home/sebilla/mintstd/binary7-package/usr/m68k-atari-mint/bin/ld) supports shared libraries
configure:10985: result: yes
configure:11225: checking dynamic linker characteristics
configure:11979: result: no
configure:12086: checking how to hardcode library paths into programs
configure:12111: result: immediate
configure:12651: checking whether stripping libraries is possible
configure:12656: result: yes
configure:12691: checking if libtool supports shared libraries
configure:12693: result: no
configure:12696: checking whether to build shared libraries
configure:12717: result: no
configure:12720: checking whether to build static libraries
configure:12724: result: yes
configure:12764: checking for m68k-atari-mint-windres
configure:12794: result: no
configure:12804: checking for windres
configure:12834: result: no
configure:13176: checking sys/socket.h usability
configure:13176: m68k-atari-mint-gcc -c -m68020-60 -O2 -fomit-frame-pointer  conftest.c >&5
configure:13176: $? = 0
configure:13176: result: yes
configure:13176: checking sys/socket.h presence
configure:13176: m68k-atari-mint-gcc -E  conftest.c
configure:13176: $? = 0
configure:13176: result: yes
configure:13176: checking for sys/socket.h
configure:13176: result: yes
configure:13176: checking sys/select.h usability
configure:13176: m68k-atari-mint-gcc -c -m68020-60 -O2 -fomit-frame-pointer  conftest.c >&5
configure:13176: $? = 0
configure:13176: result: yes
configure:13176: checking sys/select.h presence
configure:13176: m68k-atari-mint-gcc -E  conftest.c
configure:13176: $? = 0
configure:13176: result: yes
configure:13176: checking for sys/select.h
configure:13176: result: yes
configure:13176: checking for unistd.h
configure:13176: result: yes
configure:13176: checking sys/time.h usability
configure:13176: m68k-atari-mint-gcc -c -m68020-60 -O2 -fomit-frame-pointer  conftest.c >&5
configure:13176: $? = 0
configure:13176: result: yes
configure:13176: checking sys/time.h presence
configure:13176: m68k-atari-mint-gcc -E  conftest.c
configure:13176: $? = 0
configure:13176: result: yes
configure:13176: checking for sys/time.h
configure:13176: result: yes
configure:13176: checking time.h usability
configure:13176: m68k-atari-mint-gcc -c -m68020-60 -O2 -fomit-frame-pointer  conftest.c >&5
configure:13176: $? = 0
configure:13176: result: yes
configure:13176: checking time.h presence
configure:13176: m68k-atari-mint-gcc -E  conftest.c
configure:13176: $? = 0
configure:13176: result: yes
configure:13176: checking for time.h
configure:13176: result: yes
configure:13176: checking signal.h usability
configure:13176: m68k-atari-mint-gcc -c -m68020-60 -O2 -fomit-frame-pointer  conftest.c >&5
configure:13176: $? = 0
configure:13176: result: yes
configure:13176: checking signal.h presence
configure:13176: m68k-atari-mint-gcc -E  conftest.c
configure:13176: $? = 0
configure:13176: result: yes
configure:13176: checking for signal.h
configure:13176: result: yes
configure:13215: checking for sys/socket.h
configure:13215: result: yes
configure:13250: checking for socklen_t
configure:13250: m68k-atari-mint-gcc -c -m68020-60 -O2 -fomit-frame-pointer  conftest.c >&5
configure:13250: $? = 0
configure:13250: m68k-atari-mint-gcc -c -m68020-60 -O2 -fomit-frame-pointer  conftest.c >&5
conftest.c: In function 'main':
conftest.c:47:24: error: expected expression before ')' token
 if (sizeof ((socklen_t)))
                        ^
configure:13250: $? = 1
configure: failed program was:
| /* confdefs.h */
| #define PACKAGE_NAME "npth"
| #define PACKAGE_TARNAME "npth"
| #define PACKAGE_VERSION "1.5"
| #define PACKAGE_STRING "npth 1.5"
| #define PACKAGE_BUGREPORT "gnupg-devel@gnupg.org"
| #define PACKAGE_URL ""
| #define PACKAGE "npth"
| #define VERSION "1.5"
| #define STDC_HEADERS 1
| #define HAVE_SYS_TYPES_H 1
| #define HAVE_SYS_STAT_H 1
| #define HAVE_STDLIB_H 1
| #define HAVE_STRING_H 1
| #define HAVE_MEMORY_H 1
| #define HAVE_STRINGS_H 1
| #define HAVE_INTTYPES_H 1
| #define HAVE_STDINT_H 1
| #define HAVE_UNISTD_H 1
| #define __EXTENSIONS__ 1
| #define _ALL_SOURCE 1
| #define _GNU_SOURCE 1
| #define _POSIX_PTHREAD_SEMANTICS 1
| #define _TANDEM_SOURCE 1
| #define PACKAGE "npth"
| #define VERSION "1.5"
| #define LT_OBJDIR ".libs/"
| #define BUILD_TIMESTAMP "<none>"
| #define HAVE_SYS_SOCKET_H 1
| #define HAVE_SYS_SELECT_H 1
| #define HAVE_UNISTD_H 1
| #define HAVE_SYS_TIME_H 1
| #define HAVE_TIME_H 1
| #define HAVE_SIGNAL_H 1
| #define HAVE_SYS_SOCKET_H 1
| /* end confdefs.h.  */
| #include <sys/types.h>
|       #if HAVE_SYS_SOCKET_H
|       # include <sys/socket.h>
|       #elif HAVE_WS2TCPIP_H
|       # include <ws2tcpip.h>
|       #endif
| 
| int
| main ()
| {
| if (sizeof ((socklen_t)))
| 	    return 0;
|   ;
|   return 0;
| }
configure:13250: result: yes
configure:13327: checking for pid_t
configure:13327: m68k-atari-mint-gcc -c -m68020-60 -O2 -fomit-frame-pointer  conftest.c >&5
configure:13327: $? = 0
configure:13327: m68k-atari-mint-gcc -c -m68020-60 -O2 -fomit-frame-pointer  conftest.c >&5
conftest.c: In function 'main':
conftest.c:73:20: error: expected expression before ')' token
 if (sizeof ((pid_t)))
                    ^
configure:13327: $? = 1
configure: failed program was:
| /* confdefs.h */
| #define PACKAGE_NAME "npth"
| #define PACKAGE_TARNAME "npth"
| #define PACKAGE_VERSION "1.5"
| #define PACKAGE_STRING "npth 1.5"
| #define PACKAGE_BUGREPORT "gnupg-devel@gnupg.org"
| #define PACKAGE_URL ""
| #define PACKAGE "npth"
| #define VERSION "1.5"
| #define STDC_HEADERS 1
| #define HAVE_SYS_TYPES_H 1
| #define HAVE_SYS_STAT_H 1
| #define HAVE_STDLIB_H 1
| #define HAVE_STRING_H 1
| #define HAVE_MEMORY_H 1
| #define HAVE_STRINGS_H 1
| #define HAVE_INTTYPES_H 1
| #define HAVE_STDINT_H 1
| #define HAVE_UNISTD_H 1
| #define __EXTENSIONS__ 1
| #define _ALL_SOURCE 1
| #define _GNU_SOURCE 1
| #define _POSIX_PTHREAD_SEMANTICS 1
| #define _TANDEM_SOURCE 1
| #define PACKAGE "npth"
| #define VERSION "1.5"
| #define LT_OBJDIR ".libs/"
| #define BUILD_TIMESTAMP "<none>"
| #define HAVE_SYS_SOCKET_H 1
| #define HAVE_SYS_SELECT_H 1
| #define HAVE_UNISTD_H 1
| #define HAVE_SYS_TIME_H 1
| #define HAVE_TIME_H 1
| #define HAVE_SIGNAL_H 1
| #define HAVE_SYS_SOCKET_H 1
| /* end confdefs.h.  */
| #include <stdio.h>
| #ifdef HAVE_SYS_TYPES_H
| # include <sys/types.h>
| #endif
| #ifdef HAVE_SYS_STAT_H
| # include <sys/stat.h>
| #endif
| #ifdef STDC_HEADERS
| # include <stdlib.h>
| # include <stddef.h>
| #else
| # ifdef HAVE_STDLIB_H
| #  include <stdlib.h>
| # endif
| #endif
| #ifdef HAVE_STRING_H
| # if !defined STDC_HEADERS && defined HAVE_MEMORY_H
| #  include <memory.h>
| # endif
| # include <string.h>
| #endif
| #ifdef HAVE_STRINGS_H
| # include <strings.h>
| #endif
| #ifdef HAVE_INTTYPES_H
| # include <inttypes.h>
| #endif
| #ifdef HAVE_STDINT_H
| # include <stdint.h>
| #endif
| #ifdef HAVE_UNISTD_H
| # include <unistd.h>
| #endif
| int
| main ()
| {
| if (sizeof ((pid_t)))
| 	    return 0;
|   ;
|   return 0;
| }
configure:13327: result: yes
configure:13338: checking for size_t
configure:13338: m68k-atari-mint-gcc -c -m68020-60 -O2 -fomit-frame-pointer  conftest.c >&5
configure:13338: $? = 0
configure:13338: m68k-atari-mint-gcc -c -m68020-60 -O2 -fomit-frame-pointer  conftest.c >&5
conftest.c: In function 'main':
conftest.c:73:21: error: expected expression before ')' token
 if (sizeof ((size_t)))
                     ^
configure:13338: $? = 1
configure: failed program was:
| /* confdefs.h */
| #define PACKAGE_NAME "npth"
| #define PACKAGE_TARNAME "npth"
| #define PACKAGE_VERSION "1.5"
| #define PACKAGE_STRING "npth 1.5"
| #define PACKAGE_BUGREPORT "gnupg-devel@gnupg.org"
| #define PACKAGE_URL ""
| #define PACKAGE "npth"
| #define VERSION "1.5"
| #define STDC_HEADERS 1
| #define HAVE_SYS_TYPES_H 1
| #define HAVE_SYS_STAT_H 1
| #define HAVE_STDLIB_H 1
| #define HAVE_STRING_H 1
| #define HAVE_MEMORY_H 1
| #define HAVE_STRINGS_H 1
| #define HAVE_INTTYPES_H 1
| #define HAVE_STDINT_H 1
| #define HAVE_UNISTD_H 1
| #define __EXTENSIONS__ 1
| #define _ALL_SOURCE 1
| #define _GNU_SOURCE 1
| #define _POSIX_PTHREAD_SEMANTICS 1
| #define _TANDEM_SOURCE 1
| #define PACKAGE "npth"
| #define VERSION "1.5"
| #define LT_OBJDIR ".libs/"
| #define BUILD_TIMESTAMP "<none>"
| #define HAVE_SYS_SOCKET_H 1
| #define HAVE_SYS_SELECT_H 1
| #define HAVE_UNISTD_H 1
| #define HAVE_SYS_TIME_H 1
| #define HAVE_TIME_H 1
| #define HAVE_SIGNAL_H 1
| #define HAVE_SYS_SOCKET_H 1
| /* end confdefs.h.  */
| #include <stdio.h>
| #ifdef HAVE_SYS_TYPES_H
| # include <sys/types.h>
| #endif
| #ifdef HAVE_SYS_STAT_H
| # include <sys/stat.h>
| #endif
| #ifdef STDC_HEADERS
| # include <stdlib.h>
| # include <stddef.h>
| #else
| # ifdef HAVE_STDLIB_H
| #  include <stdlib.h>
| # endif
| #endif
| #ifdef HAVE_STRING_H
| # if !defined STDC_HEADERS && defined HAVE_MEMORY_H
| #  include <memory.h>
| # endif
| # include <string.h>
| #endif
| #ifdef HAVE_STRINGS_H
| # include <strings.h>
| #endif
| #ifdef HAVE_INTTYPES_H
| # include <inttypes.h>
| #endif
| #ifdef HAVE_STDINT_H
| # include <stdint.h>
| #endif
| #ifdef HAVE_UNISTD_H
| # include <unistd.h>
| #endif
| int
| main ()
| {
| if (sizeof ((size_t)))
| 	    return 0;
|   ;
|   return 0;
| }
configure:13338: result: yes
configure:13349: checking for ssize_t
configure:13349: m68k-atari-mint-gcc -c -m68020-60 -O2 -fomit-frame-pointer  conftest.c >&5
configure:13349: $? = 0
configure:13349: m68k-atari-mint-gcc -c -m68020-60 -O2 -fomit-frame-pointer  conftest.c >&5
conftest.c: In function 'main':
conftest.c:73:22: error: expected expression before ')' token
 if (sizeof ((ssize_t)))
                      ^
configure:13349: $? = 1
configure: failed program was:
| /* confdefs.h */
| #define PACKAGE_NAME "npth"
| #define PACKAGE_TARNAME "npth"
| #define PACKAGE_VERSION "1.5"
| #define PACKAGE_STRING "npth 1.5"
| #define PACKAGE_BUGREPORT "gnupg-devel@gnupg.org"
| #define PACKAGE_URL ""
| #define PACKAGE "npth"
| #define VERSION "1.5"
| #define STDC_HEADERS 1
| #define HAVE_SYS_TYPES_H 1
| #define HAVE_SYS_STAT_H 1
| #define HAVE_STDLIB_H 1
| #define HAVE_STRING_H 1
| #define HAVE_MEMORY_H 1
| #define HAVE_STRINGS_H 1
| #define HAVE_INTTYPES_H 1
| #define HAVE_STDINT_H 1
| #define HAVE_UNISTD_H 1
| #define __EXTENSIONS__ 1
| #define _ALL_SOURCE 1
| #define _GNU_SOURCE 1
| #define _POSIX_PTHREAD_SEMANTICS 1
| #define _TANDEM_SOURCE 1
| #define PACKAGE "npth"
| #define VERSION "1.5"
| #define LT_OBJDIR ".libs/"
| #define BUILD_TIMESTAMP "<none>"
| #define HAVE_SYS_SOCKET_H 1
| #define HAVE_SYS_SELECT_H 1
| #define HAVE_UNISTD_H 1
| #define HAVE_SYS_TIME_H 1
| #define HAVE_TIME_H 1
| #define HAVE_SIGNAL_H 1
| #define HAVE_SYS_SOCKET_H 1
| /* end confdefs.h.  */
| #include <stdio.h>
| #ifdef HAVE_SYS_TYPES_H
| # include <sys/types.h>
| #endif
| #ifdef HAVE_SYS_STAT_H
| # include <sys/stat.h>
| #endif
| #ifdef STDC_HEADERS
| # include <stdlib.h>
| # include <stddef.h>
| #else
| # ifdef HAVE_STDLIB_H
| #  include <stdlib.h>
| # endif
| #endif
| #ifdef HAVE_STRING_H
| # if !defined STDC_HEADERS && defined HAVE_MEMORY_H
| #  include <memory.h>
| # endif
| # include <string.h>
| #endif
| #ifdef HAVE_STRINGS_H
| # include <strings.h>
| #endif
| #ifdef HAVE_INTTYPES_H
| # include <inttypes.h>
| #endif
| #ifdef HAVE_STDINT_H
| # include <stdint.h>
| #endif
| #ifdef HAVE_UNISTD_H
| # include <unistd.h>
| #endif
| int
| main ()
| {
| if (sizeof ((ssize_t)))
| 	    return 0;
|   ;
|   return 0;
| }
configure:13349: result: yes
configure:13368: checking for library containing pthread_detach
configure:13399: m68k-atari-mint-gcc -o conftest -m68020-60 -O2 -fomit-frame-pointer  -m68020-60 -O2 -fomit-frame-pointer conftest.c  >&5
/tmp/ccYUf7yo.o:/tmp/ccYUf7yo.o:(.text+0x8): undefined reference to `pthread_detach'
collect2: error: ld returned 1 exit status
configure:13399: $? = 1
configure: failed program was:
| /* confdefs.h */
| #define PACKAGE_NAME "npth"
| #define PACKAGE_TARNAME "npth"
| #define PACKAGE_VERSION "1.5"
| #define PACKAGE_STRING "npth 1.5"
| #define PACKAGE_BUGREPORT "gnupg-devel@gnupg.org"
| #define PACKAGE_URL ""
| #define PACKAGE "npth"
| #define VERSION "1.5"
| #define STDC_HEADERS 1
| #define HAVE_SYS_TYPES_H 1
| #define HAVE_SYS_STAT_H 1
| #define HAVE_STDLIB_H 1
| #define HAVE_STRING_H 1
| #define HAVE_MEMORY_H 1
| #define HAVE_STRINGS_H 1
| #define HAVE_INTTYPES_H 1
| #define HAVE_STDINT_H 1
| #define HAVE_UNISTD_H 1
| #define __EXTENSIONS__ 1
| #define _ALL_SOURCE 1
| #define _GNU_SOURCE 1
| #define _POSIX_PTHREAD_SEMANTICS 1
| #define _TANDEM_SOURCE 1
| #define PACKAGE "npth"
| #define VERSION "1.5"
| #define LT_OBJDIR ".libs/"
| #define BUILD_TIMESTAMP "<none>"
| #define HAVE_SYS_SOCKET_H 1
| #define HAVE_SYS_SELECT_H 1
| #define HAVE_UNISTD_H 1
| #define HAVE_SYS_TIME_H 1
| #define HAVE_TIME_H 1
| #define HAVE_SIGNAL_H 1
| #define HAVE_SYS_SOCKET_H 1
| /* end confdefs.h.  */
| 
| /* Override any GCC internal prototype to avoid an error.
|    Use char because int might match the return type of a GCC
|    builtin and then its argument prototype would still apply.  */
| #ifdef __cplusplus
| extern "C"
| #endif
| char pthread_detach ();
| int
| main ()
| {
| return pthread_detach ();
|   ;
|   return 0;
| }
configure:13399: m68k-atari-mint-gcc -o conftest -m68020-60 -O2 -fomit-frame-pointer  -m68020-60 -O2 -fomit-frame-pointer conftest.c -lpthread   >&5
/home/sebilla/mintstd/binary7-package/usr/bin/../lib64/gcc/m68k-atari-mint/7/../../../../m68k-atari-mint/bin/ld: cannot find -lpthread
collect2: error: ld returned 1 exit status
configure:13399: $? = 1
configure: failed program was:
| /* confdefs.h */
| #define PACKAGE_NAME "npth"
| #define PACKAGE_TARNAME "npth"
| #define PACKAGE_VERSION "1.5"
| #define PACKAGE_STRING "npth 1.5"
| #define PACKAGE_BUGREPORT "gnupg-devel@gnupg.org"
| #define PACKAGE_URL ""
| #define PACKAGE "npth"
| #define VERSION "1.5"
| #define STDC_HEADERS 1
| #define HAVE_SYS_TYPES_H 1
| #define HAVE_SYS_STAT_H 1
| #define HAVE_STDLIB_H 1
| #define HAVE_STRING_H 1
| #define HAVE_MEMORY_H 1
| #define HAVE_STRINGS_H 1
| #define HAVE_INTTYPES_H 1
| #define HAVE_STDINT_H 1
| #define HAVE_UNISTD_H 1
| #define __EXTENSIONS__ 1
| #define _ALL_SOURCE 1
| #define _GNU_SOURCE 1
| #define _POSIX_PTHREAD_SEMANTICS 1
| #define _TANDEM_SOURCE 1
| #define PACKAGE "npth"
| #define VERSION "1.5"
| #define LT_OBJDIR ".libs/"
| #define BUILD_TIMESTAMP "<none>"
| #define HAVE_SYS_SOCKET_H 1
| #define HAVE_SYS_SELECT_H 1
| #define HAVE_UNISTD_H 1
| #define HAVE_SYS_TIME_H 1
| #define HAVE_TIME_H 1
| #define HAVE_SIGNAL_H 1
| #define HAVE_SYS_SOCKET_H 1
| /* end confdefs.h.  */
| 
| /* Override any GCC internal prototype to avoid an error.
|    Use char because int might match the return type of a GCC
|    builtin and then its argument prototype would still apply.  */
| #ifdef __cplusplus
| extern "C"
| #endif
| char pthread_detach ();
| int
| main ()
| {
| return pthread_detach ();
|   ;
|   return 0;
| }
configure:13416: result: no
configure:13516: checking for select
configure:13516: m68k-atari-mint-gcc -o conftest -m68020-60 -O2 -fomit-frame-pointer  -m68020-60 -O2 -fomit-frame-pointer conftest.c  >&5
configure:13516: $? = 0
configure:13516: result: yes
configure:13516: checking for pselect
configure:13516: m68k-atari-mint-gcc -o conftest -m68020-60 -O2 -fomit-frame-pointer  -m68020-60 -O2 -fomit-frame-pointer conftest.c  >&5
configure:13516: $? = 0
configure:13516: result: yes
configure:13516: checking for gettimeofday
configure:13516: m68k-atari-mint-gcc -o conftest -m68020-60 -O2 -fomit-frame-pointer  -m68020-60 -O2 -fomit-frame-pointer conftest.c  >&5
configure:13516: $? = 0
configure:13516: result: yes
configure:13528: checking for library containing setsockopt
configure:13550: m68k-atari-mint-gcc -o conftest -m68020-60 -O2 -fomit-frame-pointer  -m68020-60 -O2 -fomit-frame-pointer conftest.c  >&5
configure:13550: $? = 0
configure:13631: result: none needed
configure:13646: checking for library containing clock_gettime
configure:13677: m68k-atari-mint-gcc -o conftest -m68020-60 -O2 -fomit-frame-pointer  -m68020-60 -O2 -fomit-frame-pointer conftest.c  >&5
/tmp/ccSw4eXx.o:/tmp/ccSw4eXx.o:(.text+0x8): undefined reference to `clock_gettime'
collect2: error: ld returned 1 exit status
configure:13677: $? = 1
configure: failed program was:
| /* confdefs.h */
| #define PACKAGE_NAME "npth"
| #define PACKAGE_TARNAME "npth"
| #define PACKAGE_VERSION "1.5"
| #define PACKAGE_STRING "npth 1.5"
| #define PACKAGE_BUGREPORT "gnupg-devel@gnupg.org"
| #define PACKAGE_URL ""
| #define PACKAGE "npth"
| #define VERSION "1.5"
| #define STDC_HEADERS 1
| #define HAVE_SYS_TYPES_H 1
| #define HAVE_SYS_STAT_H 1
| #define HAVE_STDLIB_H 1
| #define HAVE_STRING_H 1
| #define HAVE_MEMORY_H 1
| #define HAVE_STRINGS_H 1
| #define HAVE_INTTYPES_H 1
| #define HAVE_STDINT_H 1
| #define HAVE_UNISTD_H 1
| #define __EXTENSIONS__ 1
| #define _ALL_SOURCE 1
| #define _GNU_SOURCE 1
| #define _POSIX_PTHREAD_SEMANTICS 1
| #define _TANDEM_SOURCE 1
| #define PACKAGE "npth"
| #define VERSION "1.5"
| #define LT_OBJDIR ".libs/"
| #define BUILD_TIMESTAMP "<none>"
| #define HAVE_SYS_SOCKET_H 1
| #define HAVE_SYS_SELECT_H 1
| #define HAVE_UNISTD_H 1
| #define HAVE_SYS_TIME_H 1
| #define HAVE_TIME_H 1
| #define HAVE_SIGNAL_H 1
| #define HAVE_SYS_SOCKET_H 1
| #define HAVE_SELECT 1
| #define HAVE_PSELECT 1
| #define HAVE_GETTIMEOFDAY 1
| /* end confdefs.h.  */
| 
| /* Override any GCC internal prototype to avoid an error.
|    Use char because int might match the return type of a GCC
|    builtin and then its argument prototype would still apply.  */
| #ifdef __cplusplus
| extern "C"
| #endif
| char clock_gettime ();
| int
| main ()
| {
| return clock_gettime ();
|   ;
|   return 0;
| }
configure:13677: m68k-atari-mint-gcc -o conftest -m68020-60 -O2 -fomit-frame-pointer  -m68020-60 -O2 -fomit-frame-pointer conftest.c -lrt   >&5
/home/sebilla/mintstd/binary7-package/usr/bin/../lib64/gcc/m68k-atari-mint/7/../../../../m68k-atari-mint/bin/ld: cannot find -lrt
collect2: error: ld returned 1 exit status
configure:13677: $? = 1
configure: failed program was:
| /* confdefs.h */
| #define PACKAGE_NAME "npth"
| #define PACKAGE_TARNAME "npth"
| #define PACKAGE_VERSION "1.5"
| #define PACKAGE_STRING "npth 1.5"
| #define PACKAGE_BUGREPORT "gnupg-devel@gnupg.org"
| #define PACKAGE_URL ""
| #define PACKAGE "npth"
| #define VERSION "1.5"
| #define STDC_HEADERS 1
| #define HAVE_SYS_TYPES_H 1
| #define HAVE_SYS_STAT_H 1
| #define HAVE_STDLIB_H 1
| #define HAVE_STRING_H 1
| #define HAVE_MEMORY_H 1
| #define HAVE_STRINGS_H 1
| #define HAVE_INTTYPES_H 1
| #define HAVE_STDINT_H 1
| #define HAVE_UNISTD_H 1
| #define __EXTENSIONS__ 1
| #define _ALL_SOURCE 1
| #define _GNU_SOURCE 1
| #define _POSIX_PTHREAD_SEMANTICS 1
| #define _TANDEM_SOURCE 1
| #define PACKAGE "npth"
| #define VERSION "1.5"
| #define LT_OBJDIR ".libs/"
| #define BUILD_TIMESTAMP "<none>"
| #define HAVE_SYS_SOCKET_H 1
| #define HAVE_SYS_SELECT_H 1
| #define HAVE_UNISTD_H 1
| #define HAVE_SYS_TIME_H 1
| #define HAVE_TIME_H 1
| #define HAVE_SIGNAL_H 1
| #define HAVE_SYS_SOCKET_H 1
| #define HAVE_SELECT 1
| #define HAVE_PSELECT 1
| #define HAVE_GETTIMEOFDAY 1
| /* end confdefs.h.  */
| 
| /* Override any GCC internal prototype to avoid an error.
|    Use char because int might match the return type of a GCC
|    builtin and then its argument prototype would still apply.  */
| #ifdef __cplusplus
| extern "C"
| #endif
| char clock_gettime ();
| int
| main ()
| {
| return clock_gettime ();
|   ;
|   return 0;
| }
configure:13677: m68k-atari-mint-gcc -o conftest -m68020-60 -O2 -fomit-frame-pointer  -m68020-60 -O2 -fomit-frame-pointer conftest.c -lposix4   >&5
/home/sebilla/mintstd/binary7-package/usr/bin/../lib64/gcc/m68k-atari-mint/7/../../../../m68k-atari-mint/bin/ld: cannot find -lposix4
collect2: error: ld returned 1 exit status
configure:13677: $? = 1
configure: failed program was:
| /* confdefs.h */
| #define PACKAGE_NAME "npth"
| #define PACKAGE_TARNAME "npth"
| #define PACKAGE_VERSION "1.5"
| #define PACKAGE_STRING "npth 1.5"
| #define PACKAGE_BUGREPORT "gnupg-devel@gnupg.org"
| #define PACKAGE_URL ""
| #define PACKAGE "npth"
| #define VERSION "1.5"
| #define STDC_HEADERS 1
| #define HAVE_SYS_TYPES_H 1
| #define HAVE_SYS_STAT_H 1
| #define HAVE_STDLIB_H 1
| #define HAVE_STRING_H 1
| #define HAVE_MEMORY_H 1
| #define HAVE_STRINGS_H 1
| #define HAVE_INTTYPES_H 1
| #define HAVE_STDINT_H 1
| #define HAVE_UNISTD_H 1
| #define __EXTENSIONS__ 1
| #define _ALL_SOURCE 1
| #define _GNU_SOURCE 1
| #define _POSIX_PTHREAD_SEMANTICS 1
| #define _TANDEM_SOURCE 1
| #define PACKAGE "npth"
| #define VERSION "1.5"
| #define LT_OBJDIR ".libs/"
| #define BUILD_TIMESTAMP "<none>"
| #define HAVE_SYS_SOCKET_H 1
| #define HAVE_SYS_SELECT_H 1
| #define HAVE_UNISTD_H 1
| #define HAVE_SYS_TIME_H 1
| #define HAVE_TIME_H 1
| #define HAVE_SIGNAL_H 1
| #define HAVE_SYS_SOCKET_H 1
| #define HAVE_SELECT 1
| #define HAVE_PSELECT 1
| #define HAVE_GETTIMEOFDAY 1
| /* end confdefs.h.  */
| 
| /* Override any GCC internal prototype to avoid an error.
|    Use char because int might match the return type of a GCC
|    builtin and then its argument prototype would still apply.  */
| #ifdef __cplusplus
| extern "C"
| #endif
| char clock_gettime ();
| int
| main ()
| {
| return clock_gettime ();
|   ;
|   return 0;
| }
configure:13694: result: no
configure:13757:
***
*** You need Pthread to build this program.
*** Normally, this library comes with your system.  On Windows, you can use:
***   http://sourceware.org/pthreads-win32/
***
configure:13768: error: 
***
*** Required libraries not found. Please consult the above messages
*** and install them before running configure again.
***

## ---------------- ##
## Cache variables. ##
## ---------------- ##

ac_cv_build=x86_64-pc-linux-gnu
ac_cv_c_compiler_gnu=yes
ac_cv_env_CC_set=
ac_cv_env_CC_value=
ac_cv_env_CFLAGS_set=set
ac_cv_env_CFLAGS_value='-m68020-60 -O2 -fomit-frame-pointer'
ac_cv_env_CPPFLAGS_set=
ac_cv_env_CPPFLAGS_value=
ac_cv_env_CPP_set=
ac_cv_env_CPP_value=
ac_cv_env_LDFLAGS_set=set
ac_cv_env_LDFLAGS_value='-m68020-60 -O2 -fomit-frame-pointer'
ac_cv_env_LIBS_set=
ac_cv_env_LIBS_value=
ac_cv_env_build_alias_set=
ac_cv_env_build_alias_value=
ac_cv_env_host_alias_set=set
ac_cv_env_host_alias_value=m68k-atari-mint
ac_cv_env_target_alias_set=
ac_cv_env_target_alias_value=
ac_cv_func_gettimeofday=yes
ac_cv_func_pselect=yes
ac_cv_func_select=yes
ac_cv_header_dlfcn_h=no
ac_cv_header_inttypes_h=yes
ac_cv_header_memory_h=yes
ac_cv_header_minix_config_h=no
ac_cv_header_signal_h=yes
ac_cv_header_stdc=yes
ac_cv_header_stdint_h=yes
ac_cv_header_stdlib_h=yes
ac_cv_header_string_h=yes
ac_cv_header_strings_h=yes
ac_cv_header_sys_select_h=yes
ac_cv_header_sys_socket_h=yes
ac_cv_header_sys_stat_h=yes
ac_cv_header_sys_time_h=yes
ac_cv_header_sys_types_h=yes
ac_cv_header_time_h=yes
ac_cv_header_unistd_h=yes
ac_cv_host=m68k-atari-mint
ac_cv_objext=o
ac_cv_path_EGREP='/usr/bin/grep -E'
ac_cv_path_FGREP='/usr/bin/grep -F'
ac_cv_path_GREP=/usr/bin/grep
ac_cv_path_SED=/usr/bin/sed
ac_cv_path_install='/usr/bin/install -c'
ac_cv_path_mkdir=/usr/bin/mkdir
ac_cv_prog_AR=m68k-atari-mint-ar
ac_cv_prog_AWK=gawk
ac_cv_prog_CC=m68k-atari-mint-gcc
ac_cv_prog_CPP='m68k-atari-mint-gcc -E'
ac_cv_prog_OBJDUMP=m68k-atari-mint-objdump
ac_cv_prog_RANLIB=m68k-atari-mint-ranlib
ac_cv_prog_STRIP=m68k-atari-mint-strip
ac_cv_prog_ac_ct_MANIFEST_TOOL=mt
ac_cv_prog_cc_c89=
ac_cv_prog_cc_g=yes
ac_cv_prog_make_make_set=yes
ac_cv_safe_to_define___extensions__=yes
ac_cv_search_clock_gettime=no
ac_cv_search_pthread_detach=no
ac_cv_type_pid_t=yes
ac_cv_type_size_t=yes
ac_cv_type_socklen_t=yes
ac_cv_type_ssize_t=yes
am_cv_CC_dependencies_compiler_type=gcc3
am_cv_make_support_nested_variables=yes
am_cv_prog_cc_c_o=yes
lt_cv_ar_at_file=@
lt_cv_deplibs_check_method=unknown
lt_cv_file_magic_cmd='$MAGIC_CMD'
lt_cv_file_magic_test_file=
lt_cv_ld_reload_flag=-r
lt_cv_nm_interface='BSD nm'
lt_cv_objdir=.libs
lt_cv_path_LD=/home/sebilla/mintstd/binary7-package/usr/m68k-atari-mint/bin/ld
lt_cv_path_NM='/home/sebilla/mintstd/binary7-package/usr/bin/m68k-atari-mint-nm -B'
lt_cv_path_mainfest_tool=no
lt_cv_prog_compiler_c_o=yes
lt_cv_prog_compiler_c_o_RC=yes
lt_cv_prog_compiler_pic='-fPIC -DPIC'
lt_cv_prog_compiler_pic_works=no
lt_cv_prog_compiler_rtti_exceptions=no
lt_cv_prog_compiler_static_works=yes
lt_cv_prog_gnu_ld=yes
lt_cv_sharedlib_from_linklib_cmd='printf %s\n'
lt_cv_sys_global_symbol_pipe='sed -n -e '\''s/^.*[	 ]\([ABCDGIRSTW][ABCDGIRSTW]*\)[	 ][	 ]*_\([_A-Za-z][_A-Za-z0-9]*\)$/\1 _\2 \2/p'\'' | sed '\''/ __gnu_lto/d'\'''
lt_cv_sys_global_symbol_to_c_name_address='sed -n -e '\''s/^: \([^ ]*\)[ ]*$/  {\"\1\", (void *) 0},/p'\'' -e '\''s/^[ABCDGIRSTW]* \([^ ]*\) \([^ ]*\)$/  {"\2", (void *) \&\2},/p'\'''
lt_cv_sys_global_symbol_to_c_name_address_lib_prefix='sed -n -e '\''s/^: \([^ ]*\)[ ]*$/  {\"\1\", (void *) 0},/p'\'' -e '\''s/^[ABCDGIRSTW]* \([^ ]*\) \(lib[^ ]*\)$/  {"\2", (void *) \&\2},/p'\'' -e '\''s/^[ABCDGIRSTW]* \([^ ]*\) \([^ ]*\)$/  {"lib\2", (void *) \&\2},/p'\'''
lt_cv_sys_global_symbol_to_cdecl='sed -n -e '\''s/^T .* \(.*\)$/extern int \1();/p'\'' -e '\''s/^[ABCDGIRSTW]* .* \(.*\)$/extern char \1;/p'\'''
lt_cv_sys_max_cmd_len=1572864
lt_cv_to_host_file_cmd=func_convert_file_noop
lt_cv_to_tool_file_cmd=func_convert_file_noop
npth_cv_lib_socket='none needed'

## ----------------- ##
## Output variables. ##
## ----------------- ##

ACLOCAL='${SHELL} /home/sebilla/mintstd/npth-1.5/build-aux/missing aclocal-1.16'
AMDEPBACKSLASH='\'
AMDEP_FALSE='#'
AMDEP_TRUE=''
AMTAR='$${TAR-tar}'
AM_BACKSLASH='\'
AM_DEFAULT_V='$(AM_DEFAULT_VERBOSITY)'
AM_DEFAULT_VERBOSITY='1'
AM_V='$(V)'
AR='m68k-atari-mint-ar'
AS='as'
AUTOCONF='${SHELL} /home/sebilla/mintstd/npth-1.5/build-aux/missing autoconf'
AUTOHEADER='${SHELL} /home/sebilla/mintstd/npth-1.5/build-aux/missing autoheader'
AUTOMAKE='${SHELL} /home/sebilla/mintstd/npth-1.5/build-aux/missing automake-1.16'
AWK='gawk'
BUILD_FILEVERSION=''
BUILD_ISODATE=''
BUILD_TIMESTAMP='<none>'
CC='m68k-atari-mint-gcc'
CCDEPMODE='depmode=gcc3'
CFLAGS='-m68020-60 -O2 -fomit-frame-pointer'
CPP='m68k-atari-mint-gcc -E'
CPPFLAGS=''
CYGPATH_W='echo'
DEFS=''
DEPDIR='.deps'
DLLTOOL='false'
DSYMUTIL=''
DUMPBIN=''
ECHO_C=''
ECHO_N='-n'
ECHO_T=''
EGREP='/usr/bin/grep -E'
EXEEXT=''
FGREP='/usr/bin/grep -F'
GREP='/usr/bin/grep'
HAVE_LD_VERSION_SCRIPT_FALSE=''
HAVE_LD_VERSION_SCRIPT_TRUE='#'
HAVE_W32_SYSTEM_FALSE=''
HAVE_W32_SYSTEM_TRUE='#'
HAVE_W64_SYSTEM_FALSE=''
HAVE_W64_SYSTEM_TRUE='#'
INSERT_SIGNAL_H='include <signal.h>'
INSERT_SOCKLEN_T='define _npth_socklen_t socklen_t'
INSERT_SYS_SELECT_H='include <sys/select.h>'
INSERT_SYS_TIME_H='include <sys/time.h>'
INSERT_TIME_H='include <time.h>'
INSTALL_DATA='${INSTALL} -m 644'
INSTALL_PROGRAM='${INSTALL}'
INSTALL_SCRIPT='${INSTALL}'
INSTALL_STRIP_PROGRAM='$(install_sh) -c -s'
LD='/home/sebilla/mintstd/binary7-package/usr/m68k-atari-mint/bin/ld'
LDFLAGS='-m68020-60 -O2 -fomit-frame-pointer'
LIBNPTH_LT_AGE='1'
LIBNPTH_LT_CURRENT='1'
LIBNPTH_LT_REVISION='1'
LIBOBJS=''
LIBS=''
LIBSOCKET=''
LIBTOOL='$(SHELL) $(top_builddir)/libtool'
LIB_CLOCK_GETTIME=''
LIPO=''
LN_S='ln -s'
LTLIBOBJS=''
MAINT='#'
MAINTAINER_MODE_FALSE=''
MAINTAINER_MODE_TRUE='#'
MAKEINFO='${SHELL} /home/sebilla/mintstd/npth-1.5/build-aux/missing makeinfo'
MANIFEST_TOOL=':'
MKDIR_P='/usr/bin/mkdir -p'
NETLIBS=''
NM='/home/sebilla/mintstd/binary7-package/usr/bin/m68k-atari-mint-nm -B'
NMEDIT=''
NPTH_CONFIG_API_VERSION='1'
NPTH_CONFIG_CFLAGS=''
NPTH_CONFIG_HOST='m68k-atari-mint'
NPTH_CONFIG_LIBS='-lnpth  '
OBJDUMP='m68k-atari-mint-objdump'
OBJEXT='o'
OTOOL64=''
OTOOL=''
PACKAGE='npth'
PACKAGE_BUGREPORT='gnupg-devel@gnupg.org'
PACKAGE_NAME='npth'
PACKAGE_STRING='npth 1.5'
PACKAGE_TARNAME='npth'
PACKAGE_URL=''
PACKAGE_VERSION='1.5'
PATH_SEPARATOR=':'
RANLIB='m68k-atari-mint-ranlib'
RC=''
RUN_TESTS_FALSE='#'
RUN_TESTS_TRUE=''
SED='/usr/bin/sed'
SET_MAKE=''
SHELL='/bin/sh'
STRIP='m68k-atari-mint-strip'
SYS_SOCKET_H=''
VERSION='1.5'
ac_ct_AR=''
ac_ct_CC=''
ac_ct_DUMPBIN=''
am__EXEEXT_FALSE=''
am__EXEEXT_TRUE=''
am__fastdepCC_FALSE='#'
am__fastdepCC_TRUE=''
am__include='-include'
am__isrc=''
am__leading_dot='.'
am__nodep='_no'
am__quote=''
am__tar='$${TAR-tar} chof - "$$tardir"'
am__untar='$${TAR-tar} xf -'
bindir='${exec_prefix}/bin'
build='x86_64-pc-linux-gnu'
build_alias=''
build_cpu='x86_64'
build_os='linux-gnu'
build_vendor='pc'
datadir='${datarootdir}'
datarootdir='${prefix}/share'
docdir='${datarootdir}/doc/${PACKAGE_TARNAME}'
dvidir='${docdir}'
emacs_local_vars_begin='Local Variables:'
emacs_local_vars_end='End:'
emacs_local_vars_read_only='buffer-read-only: t'
exec_prefix='NONE'
host='m68k-atari-mint'
host_alias='m68k-atari-mint'
host_cpu='m68k'
host_os='mint'
host_vendor='atari'
htmldir='${docdir}'
includedir='${prefix}/include'
infodir='${datarootdir}/info'
install_sh='${SHELL} /home/sebilla/mintstd/npth-1.5/build-aux/install-sh'
libdir='${exec_prefix}/lib/m68020-60'
libexecdir='${exec_prefix}/libexec'
localedir='${datarootdir}/locale'
localstatedir='${prefix}/var'
mandir='${datarootdir}/man'
mkdir_p='$(MKDIR_P)'
oldincludedir='/usr/include'
pdfdir='${docdir}'
prefix='/usr'
program_transform_name='s,x,x,'
psdir='${docdir}'
sbindir='${exec_prefix}/sbin'
sharedstatedir='${prefix}/com'
sysconfdir='${prefix}/etc'
target_alias=''

## ----------- ##
## confdefs.h. ##
## ----------- ##

/* confdefs.h */
#define PACKAGE_NAME "npth"
#define PACKAGE_TARNAME "npth"
#define PACKAGE_VERSION "1.5"
#define PACKAGE_STRING "npth 1.5"
#define PACKAGE_BUGREPORT "gnupg-devel@gnupg.org"
#define PACKAGE_URL ""
#define PACKAGE "npth"
#define VERSION "1.5"
#define STDC_HEADERS 1
#define HAVE_SYS_TYPES_H 1
#define HAVE_SYS_STAT_H 1
#define HAVE_STDLIB_H 1
#define HAVE_STRING_H 1
#define HAVE_MEMORY_H 1
#define HAVE_STRINGS_H 1
#define HAVE_INTTYPES_H 1
#define HAVE_STDINT_H 1
#define HAVE_UNISTD_H 1
#define __EXTENSIONS__ 1
#define _ALL_SOURCE 1
#define _GNU_SOURCE 1
#define _POSIX_PTHREAD_SEMANTICS 1
#define _TANDEM_SOURCE 1
#define PACKAGE "npth"
#define VERSION "1.5"
#define LT_OBJDIR ".libs/"
#define BUILD_TIMESTAMP "<none>"
#define HAVE_SYS_SOCKET_H 1
#define HAVE_SYS_SELECT_H 1
#define HAVE_UNISTD_H 1
#define HAVE_SYS_TIME_H 1
#define HAVE_TIME_H 1
#define HAVE_SIGNAL_H 1
#define HAVE_SYS_SOCKET_H 1
#define HAVE_SELECT 1
#define HAVE_PSELECT 1
#define HAVE_GETTIMEOFDAY 1

configure: exit 1
