Performing C SOURCE FILE Test CC_FORMAT_SECURITY failed with the following output:
Change Dir: /home/sebilla/mintstd/libzypp-17.2.2/build/CMakeFiles/CMakeTmp

Run Build Command:"/usr/bin/gmake" "cmTC_3a8b6/fast"
/usr/bin/gmake -f CMakeFiles/cmTC_3a8b6.dir/build.make CMakeFiles/cmTC_3a8b6.dir/build
gmake[1]: Entering directory '/home/sebilla/mintstd/libzypp-17.2.2/build/CMakeFiles/CMakeTmp'
Building C object CMakeFiles/cmTC_3a8b6.dir/src.c.o
/home/sebilla/mintstd/binary7-package/usr/bin/m68k-atari-mint-gcc --sysroot=/usr/m68k-atari-mint/sys-root   -m68020-60 -O2 -fomit-frame-pointer -DCC_FORMAT_SECURITY   -Werror=format-security -o CMakeFiles/cmTC_3a8b6.dir/src.c.o   -c /home/sebilla/mintstd/libzypp-17.2.2/build/CMakeFiles/CMakeTmp/src.c
cc1: error: -Wformat-security ignored without -Wformat [-Werror=format-security]
cc1: some warnings being treated as errors
gmake[1]: *** [CMakeFiles/cmTC_3a8b6.dir/build.make:66: CMakeFiles/cmTC_3a8b6.dir/src.c.o] Error 1
gmake[1]: Leaving directory '/home/sebilla/mintstd/libzypp-17.2.2/build/CMakeFiles/CMakeTmp'
gmake: *** [Makefile:126: cmTC_3a8b6/fast] Error 2

Source file was:
int main(void) { return 0; }
Performing C++ SOURCE FILE Test CXX_FORMAT_SECURITY failed with the following output:
Change Dir: /home/sebilla/mintstd/libzypp-17.2.2/build/CMakeFiles/CMakeTmp

Run Build Command:"/usr/bin/gmake" "cmTC_c772a/fast"
/usr/bin/gmake -f CMakeFiles/cmTC_c772a.dir/build.make CMakeFiles/cmTC_c772a.dir/build
gmake[1]: Entering directory '/home/sebilla/mintstd/libzypp-17.2.2/build/CMakeFiles/CMakeTmp'
Building CXX object CMakeFiles/cmTC_c772a.dir/src.cxx.o
/home/sebilla/mintstd/binary7-package/usr/bin/m68k-atari-mint-g++ --sysroot=/usr/m68k-atari-mint/sys-root    -m68020-60 -O2 -fomit-frame-pointer -DCXX_FORMAT_SECURITY   -Werror=format-security -o CMakeFiles/cmTC_c772a.dir/src.cxx.o -c /home/sebilla/mintstd/libzypp-17.2.2/build/CMakeFiles/CMakeTmp/src.cxx
cc1plus: error: -Wformat-security ignored without -Wformat [-Werror=format-security]
cc1plus: some warnings being treated as errors
gmake[1]: *** [CMakeFiles/cmTC_c772a.dir/build.make:66: CMakeFiles/cmTC_c772a.dir/src.cxx.o] Error 1
gmake[1]: Leaving directory '/home/sebilla/mintstd/libzypp-17.2.2/build/CMakeFiles/CMakeTmp'
gmake: *** [Makefile:126: cmTC_c772a/fast] Error 2

Source file was:
int main() { return 0; }
Determining if the function pipe2 exists failed with the following output:
Change Dir: /home/sebilla/mintstd/libzypp-17.2.2/build/CMakeFiles/CMakeTmp

Run Build Command:"/usr/bin/gmake" "cmTC_65ef3/fast"
/usr/bin/gmake -f CMakeFiles/cmTC_65ef3.dir/build.make CMakeFiles/cmTC_65ef3.dir/build
gmake[1]: Entering directory '/home/sebilla/mintstd/libzypp-17.2.2/build/CMakeFiles/CMakeTmp'
Building C object CMakeFiles/cmTC_65ef3.dir/CheckFunctionExists.c.o
/home/sebilla/mintstd/binary7-package/usr/bin/m68k-atari-mint-gcc --sysroot=/usr/m68k-atari-mint/sys-root   -m68020-60 -O2 -fomit-frame-pointer -fno-strict-aliasing -fPIC -g -rdynamic -Wall -Wl,-as-needed -Wp,-D_GLIBCXX_ASSERTIONS -DCHECK_FUNCTION_EXISTS=pipe2   -o CMakeFiles/cmTC_65ef3.dir/CheckFunctionExists.c.o   -c /usr/share/cmake/Modules/CheckFunctionExists.c
m68k-atari-mint-gcc: error: unrecognized command line option '-rdynamic'
gmake[1]: *** [CMakeFiles/cmTC_65ef3.dir/build.make:66: CMakeFiles/cmTC_65ef3.dir/CheckFunctionExists.c.o] Error 1
gmake[1]: Leaving directory '/home/sebilla/mintstd/libzypp-17.2.2/build/CMakeFiles/CMakeTmp'
gmake: *** [Makefile:126: cmTC_65ef3/fast] Error 2


Determining if the include file pthread.h exists failed with the following output:
Change Dir: /home/sebilla/mintstd/libzypp-17.2.2/build/CMakeFiles/CMakeTmp

Run Build Command:"/usr/bin/gmake" "cmTC_7f417/fast"
/usr/bin/gmake -f CMakeFiles/cmTC_7f417.dir/build.make CMakeFiles/cmTC_7f417.dir/build
gmake[1]: Entering directory '/home/sebilla/mintstd/libzypp-17.2.2/build/CMakeFiles/CMakeTmp'
Building C object CMakeFiles/cmTC_7f417.dir/CheckIncludeFile.c.o
/home/sebilla/mintstd/binary7-package/usr/bin/m68k-atari-mint-gcc --sysroot=/usr/m68k-atari-mint/sys-root   -m68020-60 -O2 -fomit-frame-pointer -fno-strict-aliasing -fPIC -g -rdynamic -Wall -Wl,-as-needed -Wp,-D_GLIBCXX_ASSERTIONS    -o CMakeFiles/cmTC_7f417.dir/CheckIncludeFile.c.o   -c /home/sebilla/mintstd/libzypp-17.2.2/build/CMakeFiles/CMakeTmp/CheckIncludeFile.c
m68k-atari-mint-gcc: error: unrecognized command line option '-rdynamic'
gmake[1]: *** [CMakeFiles/cmTC_7f417.dir/build.make:66: CMakeFiles/cmTC_7f417.dir/CheckIncludeFile.c.o] Error 1
gmake[1]: Leaving directory '/home/sebilla/mintstd/libzypp-17.2.2/build/CMakeFiles/CMakeTmp'
gmake: *** [Makefile:126: cmTC_7f417/fast] Error 2


