The target system is: mint -  - 
The host system is: Linux - 4.15.7-1-default - x86_64
Compiling the C compiler identification source file "CMakeCCompilerId.c" succeeded.
Compiler: /home/sebilla/mintstd/binary7-package/usr/bin/m68k-atari-mint-gcc 
Build flags: 
Id flags:  

The output was:
0


Compilation of the C compiler identification source "CMakeCCompilerId.c" produced "a.out"

The C compiler identification is GNU, found in "/home/sebilla/mintstd/libzypp-17.2.2/CMakeFiles/3.10.2/CompilerIdC/a.out"

Compiling the CXX compiler identification source file "CMakeCXXCompilerId.cpp" succeeded.
Compiler: /home/sebilla/mintstd/binary7-package/usr/bin/m68k-atari-mint-g++ 
Build flags: 
Id flags:  

The output was:
0


Compilation of the CXX compiler identification source "CMakeCXXCompilerId.cpp" produced "a.out"

The CXX compiler identification is GNU, found in "/home/sebilla/mintstd/libzypp-17.2.2/CMakeFiles/3.10.2/CompilerIdCXX/a.out"

Determining if the C compiler works passed with the following output:
Change Dir: /home/sebilla/mintstd/libzypp-17.2.2/CMakeFiles/CMakeTmp

Run Build Command:"/usr/bin/gmake" "cmTC_5961d/fast"
/usr/bin/gmake -f CMakeFiles/cmTC_5961d.dir/build.make CMakeFiles/cmTC_5961d.dir/build
gmake[1]: Entering directory '/home/sebilla/mintstd/libzypp-17.2.2/CMakeFiles/CMakeTmp'
Building C object CMakeFiles/cmTC_5961d.dir/testCCompiler.c.o
/home/sebilla/mintstd/binary7-package/usr/bin/m68k-atari-mint-gcc --sysroot=/usr/m68k-atari-mint/sys-root    -o CMakeFiles/cmTC_5961d.dir/testCCompiler.c.o   -c /home/sebilla/mintstd/libzypp-17.2.2/CMakeFiles/CMakeTmp/testCCompiler.c
Linking C executable cmTC_5961d
/usr/bin/cmake -E cmake_link_script CMakeFiles/cmTC_5961d.dir/link.txt --verbose=1
/home/sebilla/mintstd/binary7-package/usr/bin/m68k-atari-mint-gcc --sysroot=/usr/m68k-atari-mint/sys-root      CMakeFiles/cmTC_5961d.dir/testCCompiler.c.o  -o cmTC_5961d 
gmake[1]: Leaving directory '/home/sebilla/mintstd/libzypp-17.2.2/CMakeFiles/CMakeTmp'


Detecting C compiler ABI info compiled with the following output:
Change Dir: /home/sebilla/mintstd/libzypp-17.2.2/CMakeFiles/CMakeTmp

Run Build Command:"/usr/bin/gmake" "cmTC_096a4/fast"
/usr/bin/gmake -f CMakeFiles/cmTC_096a4.dir/build.make CMakeFiles/cmTC_096a4.dir/build
gmake[1]: Entering directory '/home/sebilla/mintstd/libzypp-17.2.2/CMakeFiles/CMakeTmp'
Building C object CMakeFiles/cmTC_096a4.dir/CMakeCCompilerABI.c.o
/home/sebilla/mintstd/binary7-package/usr/bin/m68k-atari-mint-gcc --sysroot=/usr/m68k-atari-mint/sys-root    -o CMakeFiles/cmTC_096a4.dir/CMakeCCompilerABI.c.o   -c /usr/share/cmake/Modules/CMakeCCompilerABI.c
Linking C executable cmTC_096a4
/usr/bin/cmake -E cmake_link_script CMakeFiles/cmTC_096a4.dir/link.txt --verbose=1
/home/sebilla/mintstd/binary7-package/usr/bin/m68k-atari-mint-gcc --sysroot=/usr/m68k-atari-mint/sys-root     -v CMakeFiles/cmTC_096a4.dir/CMakeCCompilerABI.c.o  -o cmTC_096a4 
Using built-in specs.
COLLECT_GCC=/home/sebilla/mintstd/binary7-package/usr/bin/m68k-atari-mint-gcc
COLLECT_LTO_WRAPPER=/home/sebilla/mintstd/binary7-package/usr/bin/../lib64/gcc/m68k-atari-mint/7/lto-wrapper
Target: m68k-atari-mint
Configured with: /home/sebilla/m68k-atari-mint-gcc/configure --target=m68k-atari-mint --build=x86_64-pc-linux-gnu --prefix=/usr --libdir=/usr/lib64 --bindir=/usr/bin --libexecdir='' 'CFLAGS_FOR_BUILD=-O2 -fomit-frame-pointer' CFLAGS='-O2 -fomit-frame-pointer' 'CXXFLAGS_FOR_BUILD=-O2 -fomit-frame-pointer' CXXFLAGS='-O2 -fomit-frame-pointer' 'BOOT_CFLAGS=-O2 -fomit-frame-pointer' 'CFLAGS_FOR_TARGET=-O2 -fomit-frame-pointer' 'CXXFLAGS_FOR_TARGET=-O2 -fomit-frame-pointer' LDFLAGS_FOR_BUILD= LDFLAGS= --with-pkgversion='MiNT 20180215' --disable-libvtv --disable-libmpx --disable-libcc1 --disable-werror --with-gxx-include-dir=/usr/m68k-atari-mint/sys-root/usr/include/c++/7 --with-gcc-major-version-only --with-gcc --with-gnu-as --with-gnu-ld --with-system-zlib --disable-libgomp --without-newlib --disable-libstdcxx-pch --disable-threads --disable-win32-registry --disable-lto --enable-ssp --enable-libssp --disable-plugin --enable-decimal-float --disable-nls --with-libiconv-prefix=/usr --with-libintl-prefix=/usr --with-sysroot=/usr/m68k-atari-mint/sys-root --enable-languages=c,c++
Thread model: single
gcc version 7.3.0 (MiNT 20180215) 
COMPILER_PATH=/home/sebilla/mintstd/binary7-package/usr/bin/../lib64/gcc/m68k-atari-mint/7/:/home/sebilla/mintstd/binary7-package/usr/bin/../lib64/gcc/:/home/sebilla/mintstd/binary7-package/usr/bin/../lib64/gcc/m68k-atari-mint/7/../../../../m68k-atari-mint/bin/
LIBRARY_PATH=/home/sebilla/mintstd/binary7-package/usr/bin/../lib64/gcc/m68k-atari-mint/7/:/home/sebilla/mintstd/binary7-package/usr/bin/../lib64/gcc/:/home/sebilla/mintstd/binary7-package/usr/bin/../lib64/gcc/m68k-atari-mint/7/../../../../m68k-atari-mint/lib/:/usr/m68k-atari-mint/sys-root/usr/lib/
COLLECT_GCC_OPTIONS='-v' '-o' 'cmTC_096a4' '-mcpu=68000'
 /home/sebilla/mintstd/binary7-package/usr/bin/../lib64/gcc/m68k-atari-mint/7/collect2 --sysroot=/usr/m68k-atari-mint/sys-root -o cmTC_096a4 /usr/m68k-atari-mint/sys-root/usr/lib/crt0.o -L/home/sebilla/mintstd/binary7-package/usr/bin/../lib64/gcc/m68k-atari-mint/7 -L/home/sebilla/mintstd/binary7-package/usr/bin/../lib64/gcc -L/home/sebilla/mintstd/binary7-package/usr/bin/../lib64/gcc/m68k-atari-mint/7/../../../../m68k-atari-mint/lib -L/usr/m68k-atari-mint/sys-root/usr/lib CMakeFiles/cmTC_096a4.dir/CMakeCCompilerABI.c.o -lgcc -lc -lgcc
COLLECT_GCC_OPTIONS='-v' '-o' 'cmTC_096a4' '-mcpu=68000'
gmake[1]: Leaving directory '/home/sebilla/mintstd/libzypp-17.2.2/CMakeFiles/CMakeTmp'


Parsed C implicit link information from above output:
  link line regex: [^( *|.*[/\])(m68k-atari-mint-ld|CMAKE_LINK_STARTFILE-NOTFOUND|([^/\]+-)?ld|collect2)[^/\]*( |$)]
  ignore line: [Change Dir: /home/sebilla/mintstd/libzypp-17.2.2/CMakeFiles/CMakeTmp]
  ignore line: []
  ignore line: [Run Build Command:"/usr/bin/gmake" "cmTC_096a4/fast"]
  ignore line: [/usr/bin/gmake -f CMakeFiles/cmTC_096a4.dir/build.make CMakeFiles/cmTC_096a4.dir/build]
  ignore line: [gmake[1]: Entering directory '/home/sebilla/mintstd/libzypp-17.2.2/CMakeFiles/CMakeTmp']
  ignore line: [Building C object CMakeFiles/cmTC_096a4.dir/CMakeCCompilerABI.c.o]
  ignore line: [/home/sebilla/mintstd/binary7-package/usr/bin/m68k-atari-mint-gcc --sysroot=/usr/m68k-atari-mint/sys-root    -o CMakeFiles/cmTC_096a4.dir/CMakeCCompilerABI.c.o   -c /usr/share/cmake/Modules/CMakeCCompilerABI.c]
  ignore line: [Linking C executable cmTC_096a4]
  ignore line: [/usr/bin/cmake -E cmake_link_script CMakeFiles/cmTC_096a4.dir/link.txt --verbose=1]
  ignore line: [/home/sebilla/mintstd/binary7-package/usr/bin/m68k-atari-mint-gcc --sysroot=/usr/m68k-atari-mint/sys-root     -v CMakeFiles/cmTC_096a4.dir/CMakeCCompilerABI.c.o  -o cmTC_096a4 ]
  ignore line: [Using built-in specs.]
  ignore line: [COLLECT_GCC=/home/sebilla/mintstd/binary7-package/usr/bin/m68k-atari-mint-gcc]
  ignore line: [COLLECT_LTO_WRAPPER=/home/sebilla/mintstd/binary7-package/usr/bin/../lib64/gcc/m68k-atari-mint/7/lto-wrapper]
  ignore line: [Target: m68k-atari-mint]
  ignore line: [Configured with: /home/sebilla/m68k-atari-mint-gcc/configure --target=m68k-atari-mint --build=x86_64-pc-linux-gnu --prefix=/usr --libdir=/usr/lib64 --bindir=/usr/bin --libexecdir='' 'CFLAGS_FOR_BUILD=-O2 -fomit-frame-pointer' CFLAGS='-O2 -fomit-frame-pointer' 'CXXFLAGS_FOR_BUILD=-O2 -fomit-frame-pointer' CXXFLAGS='-O2 -fomit-frame-pointer' 'BOOT_CFLAGS=-O2 -fomit-frame-pointer' 'CFLAGS_FOR_TARGET=-O2 -fomit-frame-pointer' 'CXXFLAGS_FOR_TARGET=-O2 -fomit-frame-pointer' LDFLAGS_FOR_BUILD= LDFLAGS= --with-pkgversion='MiNT 20180215' --disable-libvtv --disable-libmpx --disable-libcc1 --disable-werror --with-gxx-include-dir=/usr/m68k-atari-mint/sys-root/usr/include/c++/7 --with-gcc-major-version-only --with-gcc --with-gnu-as --with-gnu-ld --with-system-zlib --disable-libgomp --without-newlib --disable-libstdcxx-pch --disable-threads --disable-win32-registry --disable-lto --enable-ssp --enable-libssp --disable-plugin --enable-decimal-float --disable-nls --with-libiconv-prefix=/usr --with-libintl-prefix=/usr --with-sysroot=/usr/m68k-atari-mint/sys-root --enable-languages=c,c++]
  ignore line: [Thread model: single]
  ignore line: [gcc version 7.3.0 (MiNT 20180215) ]
  ignore line: [COMPILER_PATH=/home/sebilla/mintstd/binary7-package/usr/bin/../lib64/gcc/m68k-atari-mint/7/:/home/sebilla/mintstd/binary7-package/usr/bin/../lib64/gcc/:/home/sebilla/mintstd/binary7-package/usr/bin/../lib64/gcc/m68k-atari-mint/7/../../../../m68k-atari-mint/bin/]
  ignore line: [LIBRARY_PATH=/home/sebilla/mintstd/binary7-package/usr/bin/../lib64/gcc/m68k-atari-mint/7/:/home/sebilla/mintstd/binary7-package/usr/bin/../lib64/gcc/:/home/sebilla/mintstd/binary7-package/usr/bin/../lib64/gcc/m68k-atari-mint/7/../../../../m68k-atari-mint/lib/:/usr/m68k-atari-mint/sys-root/usr/lib/]
  ignore line: [COLLECT_GCC_OPTIONS='-v' '-o' 'cmTC_096a4' '-mcpu=68000']
  link line: [ /home/sebilla/mintstd/binary7-package/usr/bin/../lib64/gcc/m68k-atari-mint/7/collect2 --sysroot=/usr/m68k-atari-mint/sys-root -o cmTC_096a4 /usr/m68k-atari-mint/sys-root/usr/lib/crt0.o -L/home/sebilla/mintstd/binary7-package/usr/bin/../lib64/gcc/m68k-atari-mint/7 -L/home/sebilla/mintstd/binary7-package/usr/bin/../lib64/gcc -L/home/sebilla/mintstd/binary7-package/usr/bin/../lib64/gcc/m68k-atari-mint/7/../../../../m68k-atari-mint/lib -L/usr/m68k-atari-mint/sys-root/usr/lib CMakeFiles/cmTC_096a4.dir/CMakeCCompilerABI.c.o -lgcc -lc -lgcc]
    arg [/home/sebilla/mintstd/binary7-package/usr/bin/../lib64/gcc/m68k-atari-mint/7/collect2] ==> ignore
    arg [--sysroot=/usr/m68k-atari-mint/sys-root] ==> ignore
    arg [-o] ==> ignore
    arg [cmTC_096a4] ==> ignore
    arg [/usr/m68k-atari-mint/sys-root/usr/lib/crt0.o] ==> ignore
    arg [-L/home/sebilla/mintstd/binary7-package/usr/bin/../lib64/gcc/m68k-atari-mint/7] ==> dir [/home/sebilla/mintstd/binary7-package/usr/bin/../lib64/gcc/m68k-atari-mint/7]
    arg [-L/home/sebilla/mintstd/binary7-package/usr/bin/../lib64/gcc] ==> dir [/home/sebilla/mintstd/binary7-package/usr/bin/../lib64/gcc]
    arg [-L/home/sebilla/mintstd/binary7-package/usr/bin/../lib64/gcc/m68k-atari-mint/7/../../../../m68k-atari-mint/lib] ==> dir [/home/sebilla/mintstd/binary7-package/usr/bin/../lib64/gcc/m68k-atari-mint/7/../../../../m68k-atari-mint/lib]
    arg [-L/usr/m68k-atari-mint/sys-root/usr/lib] ==> dir [/usr/m68k-atari-mint/sys-root/usr/lib]
    arg [CMakeFiles/cmTC_096a4.dir/CMakeCCompilerABI.c.o] ==> ignore
    arg [-lgcc] ==> lib [gcc]
    arg [-lc] ==> lib [c]
    arg [-lgcc] ==> lib [gcc]
  collapse library dir [/home/sebilla/mintstd/binary7-package/usr/bin/../lib64/gcc/m68k-atari-mint/7] ==> [/home/sebilla/mintstd/binary7-package/usr/lib64/gcc/m68k-atari-mint/7]
  collapse library dir [/home/sebilla/mintstd/binary7-package/usr/bin/../lib64/gcc] ==> [/home/sebilla/mintstd/binary7-package/usr/lib64/gcc]
  collapse library dir [/home/sebilla/mintstd/binary7-package/usr/bin/../lib64/gcc/m68k-atari-mint/7/../../../../m68k-atari-mint/lib] ==> [/home/sebilla/mintstd/binary7-package/usr/m68k-atari-mint/lib]
  collapse library dir [/usr/m68k-atari-mint/sys-root/usr/lib] ==> [/usr/m68k-atari-mint/sys-root/usr/lib]
  implicit libs: [gcc;c;gcc]
  implicit dirs: [/home/sebilla/mintstd/binary7-package/usr/lib64/gcc/m68k-atari-mint/7;/home/sebilla/mintstd/binary7-package/usr/lib64/gcc;/home/sebilla/mintstd/binary7-package/usr/m68k-atari-mint/lib;/usr/m68k-atari-mint/sys-root/usr/lib]
  implicit fwks: []




Detecting C [-std=c11] compiler features compiled with the following output:
Change Dir: /home/sebilla/mintstd/libzypp-17.2.2/CMakeFiles/CMakeTmp

Run Build Command:"/usr/bin/gmake" "cmTC_6bd39/fast"
/usr/bin/gmake -f CMakeFiles/cmTC_6bd39.dir/build.make CMakeFiles/cmTC_6bd39.dir/build
gmake[1]: Entering directory '/home/sebilla/mintstd/libzypp-17.2.2/CMakeFiles/CMakeTmp'
Building C object CMakeFiles/cmTC_6bd39.dir/feature_tests.c.o
/home/sebilla/mintstd/binary7-package/usr/bin/m68k-atari-mint-gcc --sysroot=/usr/m68k-atari-mint/sys-root   -std=c11 -o CMakeFiles/cmTC_6bd39.dir/feature_tests.c.o   -c /home/sebilla/mintstd/libzypp-17.2.2/CMakeFiles/feature_tests.c
Linking C executable cmTC_6bd39
/usr/bin/cmake -E cmake_link_script CMakeFiles/cmTC_6bd39.dir/link.txt --verbose=1
/home/sebilla/mintstd/binary7-package/usr/bin/m68k-atari-mint-gcc --sysroot=/usr/m68k-atari-mint/sys-root      CMakeFiles/cmTC_6bd39.dir/feature_tests.c.o  -o cmTC_6bd39 
gmake[1]: Leaving directory '/home/sebilla/mintstd/libzypp-17.2.2/CMakeFiles/CMakeTmp'


    Feature record: C_FEATURE:1c_function_prototypes
    Feature record: C_FEATURE:1c_restrict
    Feature record: C_FEATURE:1c_static_assert
    Feature record: C_FEATURE:1c_variadic_macros


Detecting C [-std=c99] compiler features compiled with the following output:
Change Dir: /home/sebilla/mintstd/libzypp-17.2.2/CMakeFiles/CMakeTmp

Run Build Command:"/usr/bin/gmake" "cmTC_0197e/fast"
/usr/bin/gmake -f CMakeFiles/cmTC_0197e.dir/build.make CMakeFiles/cmTC_0197e.dir/build
gmake[1]: Entering directory '/home/sebilla/mintstd/libzypp-17.2.2/CMakeFiles/CMakeTmp'
Building C object CMakeFiles/cmTC_0197e.dir/feature_tests.c.o
/home/sebilla/mintstd/binary7-package/usr/bin/m68k-atari-mint-gcc --sysroot=/usr/m68k-atari-mint/sys-root   -std=c99 -o CMakeFiles/cmTC_0197e.dir/feature_tests.c.o   -c /home/sebilla/mintstd/libzypp-17.2.2/CMakeFiles/feature_tests.c
Linking C executable cmTC_0197e
/usr/bin/cmake -E cmake_link_script CMakeFiles/cmTC_0197e.dir/link.txt --verbose=1
/home/sebilla/mintstd/binary7-package/usr/bin/m68k-atari-mint-gcc --sysroot=/usr/m68k-atari-mint/sys-root      CMakeFiles/cmTC_0197e.dir/feature_tests.c.o  -o cmTC_0197e 
gmake[1]: Leaving directory '/home/sebilla/mintstd/libzypp-17.2.2/CMakeFiles/CMakeTmp'


    Feature record: C_FEATURE:1c_function_prototypes
    Feature record: C_FEATURE:1c_restrict
    Feature record: C_FEATURE:0c_static_assert
    Feature record: C_FEATURE:1c_variadic_macros


Detecting C [-std=c90] compiler features compiled with the following output:
Change Dir: /home/sebilla/mintstd/libzypp-17.2.2/CMakeFiles/CMakeTmp

Run Build Command:"/usr/bin/gmake" "cmTC_ef190/fast"
/usr/bin/gmake -f CMakeFiles/cmTC_ef190.dir/build.make CMakeFiles/cmTC_ef190.dir/build
gmake[1]: Entering directory '/home/sebilla/mintstd/libzypp-17.2.2/CMakeFiles/CMakeTmp'
Building C object CMakeFiles/cmTC_ef190.dir/feature_tests.c.o
/home/sebilla/mintstd/binary7-package/usr/bin/m68k-atari-mint-gcc --sysroot=/usr/m68k-atari-mint/sys-root   -std=c90 -o CMakeFiles/cmTC_ef190.dir/feature_tests.c.o   -c /home/sebilla/mintstd/libzypp-17.2.2/CMakeFiles/feature_tests.c
Linking C executable cmTC_ef190
/usr/bin/cmake -E cmake_link_script CMakeFiles/cmTC_ef190.dir/link.txt --verbose=1
/home/sebilla/mintstd/binary7-package/usr/bin/m68k-atari-mint-gcc --sysroot=/usr/m68k-atari-mint/sys-root      CMakeFiles/cmTC_ef190.dir/feature_tests.c.o  -o cmTC_ef190 
gmake[1]: Leaving directory '/home/sebilla/mintstd/libzypp-17.2.2/CMakeFiles/CMakeTmp'


    Feature record: C_FEATURE:1c_function_prototypes
    Feature record: C_FEATURE:0c_restrict
    Feature record: C_FEATURE:0c_static_assert
    Feature record: C_FEATURE:0c_variadic_macros
Determining if the CXX compiler works passed with the following output:
Change Dir: /home/sebilla/mintstd/libzypp-17.2.2/CMakeFiles/CMakeTmp

Run Build Command:"/usr/bin/gmake" "cmTC_1d8db/fast"
/usr/bin/gmake -f CMakeFiles/cmTC_1d8db.dir/build.make CMakeFiles/cmTC_1d8db.dir/build
gmake[1]: Entering directory '/home/sebilla/mintstd/libzypp-17.2.2/CMakeFiles/CMakeTmp'
Building CXX object CMakeFiles/cmTC_1d8db.dir/testCXXCompiler.cxx.o
/home/sebilla/mintstd/binary7-package/usr/bin/m68k-atari-mint-g++ --sysroot=/usr/m68k-atari-mint/sys-root     -o CMakeFiles/cmTC_1d8db.dir/testCXXCompiler.cxx.o -c /home/sebilla/mintstd/libzypp-17.2.2/CMakeFiles/CMakeTmp/testCXXCompiler.cxx
Linking CXX executable cmTC_1d8db
/usr/bin/cmake -E cmake_link_script CMakeFiles/cmTC_1d8db.dir/link.txt --verbose=1
/home/sebilla/mintstd/binary7-package/usr/bin/m68k-atari-mint-g++ --sysroot=/usr/m68k-atari-mint/sys-root       CMakeFiles/cmTC_1d8db.dir/testCXXCompiler.cxx.o  -o cmTC_1d8db 
gmake[1]: Leaving directory '/home/sebilla/mintstd/libzypp-17.2.2/CMakeFiles/CMakeTmp'


Detecting CXX compiler ABI info compiled with the following output:
Change Dir: /home/sebilla/mintstd/libzypp-17.2.2/CMakeFiles/CMakeTmp

Run Build Command:"/usr/bin/gmake" "cmTC_0234c/fast"
/usr/bin/gmake -f CMakeFiles/cmTC_0234c.dir/build.make CMakeFiles/cmTC_0234c.dir/build
gmake[1]: Entering directory '/home/sebilla/mintstd/libzypp-17.2.2/CMakeFiles/CMakeTmp'
Building CXX object CMakeFiles/cmTC_0234c.dir/CMakeCXXCompilerABI.cpp.o
/home/sebilla/mintstd/binary7-package/usr/bin/m68k-atari-mint-g++ --sysroot=/usr/m68k-atari-mint/sys-root     -o CMakeFiles/cmTC_0234c.dir/CMakeCXXCompilerABI.cpp.o -c /usr/share/cmake/Modules/CMakeCXXCompilerABI.cpp
Linking CXX executable cmTC_0234c
/usr/bin/cmake -E cmake_link_script CMakeFiles/cmTC_0234c.dir/link.txt --verbose=1
/home/sebilla/mintstd/binary7-package/usr/bin/m68k-atari-mint-g++ --sysroot=/usr/m68k-atari-mint/sys-root      -v CMakeFiles/cmTC_0234c.dir/CMakeCXXCompilerABI.cpp.o  -o cmTC_0234c 
Using built-in specs.
COLLECT_GCC=/home/sebilla/mintstd/binary7-package/usr/bin/m68k-atari-mint-g++
COLLECT_LTO_WRAPPER=/home/sebilla/mintstd/binary7-package/usr/bin/../lib64/gcc/m68k-atari-mint/7/lto-wrapper
Target: m68k-atari-mint
Configured with: /home/sebilla/m68k-atari-mint-gcc/configure --target=m68k-atari-mint --build=x86_64-pc-linux-gnu --prefix=/usr --libdir=/usr/lib64 --bindir=/usr/bin --libexecdir='' 'CFLAGS_FOR_BUILD=-O2 -fomit-frame-pointer' CFLAGS='-O2 -fomit-frame-pointer' 'CXXFLAGS_FOR_BUILD=-O2 -fomit-frame-pointer' CXXFLAGS='-O2 -fomit-frame-pointer' 'BOOT_CFLAGS=-O2 -fomit-frame-pointer' 'CFLAGS_FOR_TARGET=-O2 -fomit-frame-pointer' 'CXXFLAGS_FOR_TARGET=-O2 -fomit-frame-pointer' LDFLAGS_FOR_BUILD= LDFLAGS= --with-pkgversion='MiNT 20180215' --disable-libvtv --disable-libmpx --disable-libcc1 --disable-werror --with-gxx-include-dir=/usr/m68k-atari-mint/sys-root/usr/include/c++/7 --with-gcc-major-version-only --with-gcc --with-gnu-as --with-gnu-ld --with-system-zlib --disable-libgomp --without-newlib --disable-libstdcxx-pch --disable-threads --disable-win32-registry --disable-lto --enable-ssp --enable-libssp --disable-plugin --enable-decimal-float --disable-nls --with-libiconv-prefix=/usr --with-libintl-prefix=/usr --with-sysroot=/usr/m68k-atari-mint/sys-root --enable-languages=c,c++
Thread model: single
gcc version 7.3.0 (MiNT 20180215) 
COMPILER_PATH=/home/sebilla/mintstd/binary7-package/usr/bin/../lib64/gcc/m68k-atari-mint/7/:/home/sebilla/mintstd/binary7-package/usr/bin/../lib64/gcc/:/home/sebilla/mintstd/binary7-package/usr/bin/../lib64/gcc/m68k-atari-mint/7/../../../../m68k-atari-mint/bin/
LIBRARY_PATH=/home/sebilla/mintstd/binary7-package/usr/bin/../lib64/gcc/m68k-atari-mint/7/:/home/sebilla/mintstd/binary7-package/usr/bin/../lib64/gcc/:/home/sebilla/mintstd/binary7-package/usr/bin/../lib64/gcc/m68k-atari-mint/7/../../../../m68k-atari-mint/lib/:/usr/m68k-atari-mint/sys-root/usr/lib/
COLLECT_GCC_OPTIONS='-v' '-o' 'cmTC_0234c' '-mcpu=68000'
 /home/sebilla/mintstd/binary7-package/usr/bin/../lib64/gcc/m68k-atari-mint/7/collect2 --sysroot=/usr/m68k-atari-mint/sys-root -o cmTC_0234c /usr/m68k-atari-mint/sys-root/usr/lib/crt0.o -L/home/sebilla/mintstd/binary7-package/usr/bin/../lib64/gcc/m68k-atari-mint/7 -L/home/sebilla/mintstd/binary7-package/usr/bin/../lib64/gcc -L/home/sebilla/mintstd/binary7-package/usr/bin/../lib64/gcc/m68k-atari-mint/7/../../../../m68k-atari-mint/lib -L/usr/m68k-atari-mint/sys-root/usr/lib CMakeFiles/cmTC_0234c.dir/CMakeCXXCompilerABI.cpp.o -lstdc++ -lm -lgcc -lc -lgcc
COLLECT_GCC_OPTIONS='-v' '-o' 'cmTC_0234c' '-mcpu=68000'
gmake[1]: Leaving directory '/home/sebilla/mintstd/libzypp-17.2.2/CMakeFiles/CMakeTmp'


Parsed CXX implicit link information from above output:
  link line regex: [^( *|.*[/\])(m68k-atari-mint-ld|CMAKE_LINK_STARTFILE-NOTFOUND|([^/\]+-)?ld|collect2)[^/\]*( |$)]
  ignore line: [Change Dir: /home/sebilla/mintstd/libzypp-17.2.2/CMakeFiles/CMakeTmp]
  ignore line: []
  ignore line: [Run Build Command:"/usr/bin/gmake" "cmTC_0234c/fast"]
  ignore line: [/usr/bin/gmake -f CMakeFiles/cmTC_0234c.dir/build.make CMakeFiles/cmTC_0234c.dir/build]
  ignore line: [gmake[1]: Entering directory '/home/sebilla/mintstd/libzypp-17.2.2/CMakeFiles/CMakeTmp']
  ignore line: [Building CXX object CMakeFiles/cmTC_0234c.dir/CMakeCXXCompilerABI.cpp.o]
  ignore line: [/home/sebilla/mintstd/binary7-package/usr/bin/m68k-atari-mint-g++ --sysroot=/usr/m68k-atari-mint/sys-root     -o CMakeFiles/cmTC_0234c.dir/CMakeCXXCompilerABI.cpp.o -c /usr/share/cmake/Modules/CMakeCXXCompilerABI.cpp]
  ignore line: [Linking CXX executable cmTC_0234c]
  ignore line: [/usr/bin/cmake -E cmake_link_script CMakeFiles/cmTC_0234c.dir/link.txt --verbose=1]
  ignore line: [/home/sebilla/mintstd/binary7-package/usr/bin/m68k-atari-mint-g++ --sysroot=/usr/m68k-atari-mint/sys-root      -v CMakeFiles/cmTC_0234c.dir/CMakeCXXCompilerABI.cpp.o  -o cmTC_0234c ]
  ignore line: [Using built-in specs.]
  ignore line: [COLLECT_GCC=/home/sebilla/mintstd/binary7-package/usr/bin/m68k-atari-mint-g++]
  ignore line: [COLLECT_LTO_WRAPPER=/home/sebilla/mintstd/binary7-package/usr/bin/../lib64/gcc/m68k-atari-mint/7/lto-wrapper]
  ignore line: [Target: m68k-atari-mint]
  ignore line: [Configured with: /home/sebilla/m68k-atari-mint-gcc/configure --target=m68k-atari-mint --build=x86_64-pc-linux-gnu --prefix=/usr --libdir=/usr/lib64 --bindir=/usr/bin --libexecdir='' 'CFLAGS_FOR_BUILD=-O2 -fomit-frame-pointer' CFLAGS='-O2 -fomit-frame-pointer' 'CXXFLAGS_FOR_BUILD=-O2 -fomit-frame-pointer' CXXFLAGS='-O2 -fomit-frame-pointer' 'BOOT_CFLAGS=-O2 -fomit-frame-pointer' 'CFLAGS_FOR_TARGET=-O2 -fomit-frame-pointer' 'CXXFLAGS_FOR_TARGET=-O2 -fomit-frame-pointer' LDFLAGS_FOR_BUILD= LDFLAGS= --with-pkgversion='MiNT 20180215' --disable-libvtv --disable-libmpx --disable-libcc1 --disable-werror --with-gxx-include-dir=/usr/m68k-atari-mint/sys-root/usr/include/c++/7 --with-gcc-major-version-only --with-gcc --with-gnu-as --with-gnu-ld --with-system-zlib --disable-libgomp --without-newlib --disable-libstdcxx-pch --disable-threads --disable-win32-registry --disable-lto --enable-ssp --enable-libssp --disable-plugin --enable-decimal-float --disable-nls --with-libiconv-prefix=/usr --with-libintl-prefix=/usr --with-sysroot=/usr/m68k-atari-mint/sys-root --enable-languages=c,c++]
  ignore line: [Thread model: single]
  ignore line: [gcc version 7.3.0 (MiNT 20180215) ]
  ignore line: [COMPILER_PATH=/home/sebilla/mintstd/binary7-package/usr/bin/../lib64/gcc/m68k-atari-mint/7/:/home/sebilla/mintstd/binary7-package/usr/bin/../lib64/gcc/:/home/sebilla/mintstd/binary7-package/usr/bin/../lib64/gcc/m68k-atari-mint/7/../../../../m68k-atari-mint/bin/]
  ignore line: [LIBRARY_PATH=/home/sebilla/mintstd/binary7-package/usr/bin/../lib64/gcc/m68k-atari-mint/7/:/home/sebilla/mintstd/binary7-package/usr/bin/../lib64/gcc/:/home/sebilla/mintstd/binary7-package/usr/bin/../lib64/gcc/m68k-atari-mint/7/../../../../m68k-atari-mint/lib/:/usr/m68k-atari-mint/sys-root/usr/lib/]
  ignore line: [COLLECT_GCC_OPTIONS='-v' '-o' 'cmTC_0234c' '-mcpu=68000']
  link line: [ /home/sebilla/mintstd/binary7-package/usr/bin/../lib64/gcc/m68k-atari-mint/7/collect2 --sysroot=/usr/m68k-atari-mint/sys-root -o cmTC_0234c /usr/m68k-atari-mint/sys-root/usr/lib/crt0.o -L/home/sebilla/mintstd/binary7-package/usr/bin/../lib64/gcc/m68k-atari-mint/7 -L/home/sebilla/mintstd/binary7-package/usr/bin/../lib64/gcc -L/home/sebilla/mintstd/binary7-package/usr/bin/../lib64/gcc/m68k-atari-mint/7/../../../../m68k-atari-mint/lib -L/usr/m68k-atari-mint/sys-root/usr/lib CMakeFiles/cmTC_0234c.dir/CMakeCXXCompilerABI.cpp.o -lstdc++ -lm -lgcc -lc -lgcc]
    arg [/home/sebilla/mintstd/binary7-package/usr/bin/../lib64/gcc/m68k-atari-mint/7/collect2] ==> ignore
    arg [--sysroot=/usr/m68k-atari-mint/sys-root] ==> ignore
    arg [-o] ==> ignore
    arg [cmTC_0234c] ==> ignore
    arg [/usr/m68k-atari-mint/sys-root/usr/lib/crt0.o] ==> ignore
    arg [-L/home/sebilla/mintstd/binary7-package/usr/bin/../lib64/gcc/m68k-atari-mint/7] ==> dir [/home/sebilla/mintstd/binary7-package/usr/bin/../lib64/gcc/m68k-atari-mint/7]
    arg [-L/home/sebilla/mintstd/binary7-package/usr/bin/../lib64/gcc] ==> dir [/home/sebilla/mintstd/binary7-package/usr/bin/../lib64/gcc]
    arg [-L/home/sebilla/mintstd/binary7-package/usr/bin/../lib64/gcc/m68k-atari-mint/7/../../../../m68k-atari-mint/lib] ==> dir [/home/sebilla/mintstd/binary7-package/usr/bin/../lib64/gcc/m68k-atari-mint/7/../../../../m68k-atari-mint/lib]
    arg [-L/usr/m68k-atari-mint/sys-root/usr/lib] ==> dir [/usr/m68k-atari-mint/sys-root/usr/lib]
    arg [CMakeFiles/cmTC_0234c.dir/CMakeCXXCompilerABI.cpp.o] ==> ignore
    arg [-lstdc++] ==> lib [stdc++]
    arg [-lm] ==> lib [m]
    arg [-lgcc] ==> lib [gcc]
    arg [-lc] ==> lib [c]
    arg [-lgcc] ==> lib [gcc]
  collapse library dir [/home/sebilla/mintstd/binary7-package/usr/bin/../lib64/gcc/m68k-atari-mint/7] ==> [/home/sebilla/mintstd/binary7-package/usr/lib64/gcc/m68k-atari-mint/7]
  collapse library dir [/home/sebilla/mintstd/binary7-package/usr/bin/../lib64/gcc] ==> [/home/sebilla/mintstd/binary7-package/usr/lib64/gcc]
  collapse library dir [/home/sebilla/mintstd/binary7-package/usr/bin/../lib64/gcc/m68k-atari-mint/7/../../../../m68k-atari-mint/lib] ==> [/home/sebilla/mintstd/binary7-package/usr/m68k-atari-mint/lib]
  collapse library dir [/usr/m68k-atari-mint/sys-root/usr/lib] ==> [/usr/m68k-atari-mint/sys-root/usr/lib]
  implicit libs: [stdc++;m;gcc;c;gcc]
  implicit dirs: [/home/sebilla/mintstd/binary7-package/usr/lib64/gcc/m68k-atari-mint/7;/home/sebilla/mintstd/binary7-package/usr/lib64/gcc;/home/sebilla/mintstd/binary7-package/usr/m68k-atari-mint/lib;/usr/m68k-atari-mint/sys-root/usr/lib]
  implicit fwks: []




Detecting CXX [-std=c++1z] compiler features compiled with the following output:
Change Dir: /home/sebilla/mintstd/libzypp-17.2.2/CMakeFiles/CMakeTmp

Run Build Command:"/usr/bin/gmake" "cmTC_316ca/fast"
/usr/bin/gmake -f CMakeFiles/cmTC_316ca.dir/build.make CMakeFiles/cmTC_316ca.dir/build
gmake[1]: Entering directory '/home/sebilla/mintstd/libzypp-17.2.2/CMakeFiles/CMakeTmp'
Building CXX object CMakeFiles/cmTC_316ca.dir/feature_tests.cxx.o
/home/sebilla/mintstd/binary7-package/usr/bin/m68k-atari-mint-g++ --sysroot=/usr/m68k-atari-mint/sys-root    -std=c++1z -o CMakeFiles/cmTC_316ca.dir/feature_tests.cxx.o -c /home/sebilla/mintstd/libzypp-17.2.2/CMakeFiles/feature_tests.cxx
Linking CXX executable cmTC_316ca
/usr/bin/cmake -E cmake_link_script CMakeFiles/cmTC_316ca.dir/link.txt --verbose=1
/home/sebilla/mintstd/binary7-package/usr/bin/m68k-atari-mint-g++ --sysroot=/usr/m68k-atari-mint/sys-root       CMakeFiles/cmTC_316ca.dir/feature_tests.cxx.o  -o cmTC_316ca 
gmake[1]: Leaving directory '/home/sebilla/mintstd/libzypp-17.2.2/CMakeFiles/CMakeTmp'


    Feature record: CXX_FEATURE:1cxx_aggregate_default_initializers
    Feature record: CXX_FEATURE:1cxx_alias_templates
    Feature record: CXX_FEATURE:1cxx_alignas
    Feature record: CXX_FEATURE:1cxx_alignof
    Feature record: CXX_FEATURE:1cxx_attributes
    Feature record: CXX_FEATURE:1cxx_attribute_deprecated
    Feature record: CXX_FEATURE:1cxx_auto_type
    Feature record: CXX_FEATURE:1cxx_binary_literals
    Feature record: CXX_FEATURE:1cxx_constexpr
    Feature record: CXX_FEATURE:1cxx_contextual_conversions
    Feature record: CXX_FEATURE:1cxx_decltype
    Feature record: CXX_FEATURE:1cxx_decltype_auto
    Feature record: CXX_FEATURE:1cxx_decltype_incomplete_return_types
    Feature record: CXX_FEATURE:1cxx_default_function_template_args
    Feature record: CXX_FEATURE:1cxx_defaulted_functions
    Feature record: CXX_FEATURE:1cxx_defaulted_move_initializers
    Feature record: CXX_FEATURE:1cxx_delegating_constructors
    Feature record: CXX_FEATURE:1cxx_deleted_functions
    Feature record: CXX_FEATURE:1cxx_digit_separators
    Feature record: CXX_FEATURE:1cxx_enum_forward_declarations
    Feature record: CXX_FEATURE:1cxx_explicit_conversions
    Feature record: CXX_FEATURE:1cxx_extended_friend_declarations
    Feature record: CXX_FEATURE:1cxx_extern_templates
    Feature record: CXX_FEATURE:1cxx_final
    Feature record: CXX_FEATURE:1cxx_func_identifier
    Feature record: CXX_FEATURE:1cxx_generalized_initializers
    Feature record: CXX_FEATURE:1cxx_generic_lambdas
    Feature record: CXX_FEATURE:1cxx_inheriting_constructors
    Feature record: CXX_FEATURE:1cxx_inline_namespaces
    Feature record: CXX_FEATURE:1cxx_lambdas
    Feature record: CXX_FEATURE:1cxx_lambda_init_captures
    Feature record: CXX_FEATURE:1cxx_local_type_template_args
    Feature record: CXX_FEATURE:1cxx_long_long_type
    Feature record: CXX_FEATURE:1cxx_noexcept
    Feature record: CXX_FEATURE:1cxx_nonstatic_member_init
    Feature record: CXX_FEATURE:1cxx_nullptr
    Feature record: CXX_FEATURE:1cxx_override
    Feature record: CXX_FEATURE:1cxx_range_for
    Feature record: CXX_FEATURE:1cxx_raw_string_literals
    Feature record: CXX_FEATURE:1cxx_reference_qualified_functions
    Feature record: CXX_FEATURE:1cxx_relaxed_constexpr
    Feature record: CXX_FEATURE:1cxx_return_type_deduction
    Feature record: CXX_FEATURE:1cxx_right_angle_brackets
    Feature record: CXX_FEATURE:1cxx_rvalue_references
    Feature record: CXX_FEATURE:1cxx_sizeof_member
    Feature record: CXX_FEATURE:1cxx_static_assert
    Feature record: CXX_FEATURE:1cxx_strong_enums
    Feature record: CXX_FEATURE:1cxx_template_template_parameters
    Feature record: CXX_FEATURE:1cxx_thread_local
    Feature record: CXX_FEATURE:1cxx_trailing_return_types
    Feature record: CXX_FEATURE:1cxx_unicode_literals
    Feature record: CXX_FEATURE:1cxx_uniform_initialization
    Feature record: CXX_FEATURE:1cxx_unrestricted_unions
    Feature record: CXX_FEATURE:1cxx_user_literals
    Feature record: CXX_FEATURE:1cxx_variable_templates
    Feature record: CXX_FEATURE:1cxx_variadic_macros
    Feature record: CXX_FEATURE:1cxx_variadic_templates


Detecting CXX [-std=c++14] compiler features compiled with the following output:
Change Dir: /home/sebilla/mintstd/libzypp-17.2.2/CMakeFiles/CMakeTmp

Run Build Command:"/usr/bin/gmake" "cmTC_57c2e/fast"
/usr/bin/gmake -f CMakeFiles/cmTC_57c2e.dir/build.make CMakeFiles/cmTC_57c2e.dir/build
gmake[1]: Entering directory '/home/sebilla/mintstd/libzypp-17.2.2/CMakeFiles/CMakeTmp'
Building CXX object CMakeFiles/cmTC_57c2e.dir/feature_tests.cxx.o
/home/sebilla/mintstd/binary7-package/usr/bin/m68k-atari-mint-g++ --sysroot=/usr/m68k-atari-mint/sys-root    -std=c++14 -o CMakeFiles/cmTC_57c2e.dir/feature_tests.cxx.o -c /home/sebilla/mintstd/libzypp-17.2.2/CMakeFiles/feature_tests.cxx
Linking CXX executable cmTC_57c2e
/usr/bin/cmake -E cmake_link_script CMakeFiles/cmTC_57c2e.dir/link.txt --verbose=1
/home/sebilla/mintstd/binary7-package/usr/bin/m68k-atari-mint-g++ --sysroot=/usr/m68k-atari-mint/sys-root       CMakeFiles/cmTC_57c2e.dir/feature_tests.cxx.o  -o cmTC_57c2e 
gmake[1]: Leaving directory '/home/sebilla/mintstd/libzypp-17.2.2/CMakeFiles/CMakeTmp'


    Feature record: CXX_FEATURE:1cxx_aggregate_default_initializers
    Feature record: CXX_FEATURE:1cxx_alias_templates
    Feature record: CXX_FEATURE:1cxx_alignas
    Feature record: CXX_FEATURE:1cxx_alignof
    Feature record: CXX_FEATURE:1cxx_attributes
    Feature record: CXX_FEATURE:1cxx_attribute_deprecated
    Feature record: CXX_FEATURE:1cxx_auto_type
    Feature record: CXX_FEATURE:1cxx_binary_literals
    Feature record: CXX_FEATURE:1cxx_constexpr
    Feature record: CXX_FEATURE:1cxx_contextual_conversions
    Feature record: CXX_FEATURE:1cxx_decltype
    Feature record: CXX_FEATURE:1cxx_decltype_auto
    Feature record: CXX_FEATURE:1cxx_decltype_incomplete_return_types
    Feature record: CXX_FEATURE:1cxx_default_function_template_args
    Feature record: CXX_FEATURE:1cxx_defaulted_functions
    Feature record: CXX_FEATURE:1cxx_defaulted_move_initializers
    Feature record: CXX_FEATURE:1cxx_delegating_constructors
    Feature record: CXX_FEATURE:1cxx_deleted_functions
    Feature record: CXX_FEATURE:1cxx_digit_separators
    Feature record: CXX_FEATURE:1cxx_enum_forward_declarations
    Feature record: CXX_FEATURE:1cxx_explicit_conversions
    Feature record: CXX_FEATURE:1cxx_extended_friend_declarations
    Feature record: CXX_FEATURE:1cxx_extern_templates
    Feature record: CXX_FEATURE:1cxx_final
    Feature record: CXX_FEATURE:1cxx_func_identifier
    Feature record: CXX_FEATURE:1cxx_generalized_initializers
    Feature record: CXX_FEATURE:1cxx_generic_lambdas
    Feature record: CXX_FEATURE:1cxx_inheriting_constructors
    Feature record: CXX_FEATURE:1cxx_inline_namespaces
    Feature record: CXX_FEATURE:1cxx_lambdas
    Feature record: CXX_FEATURE:1cxx_lambda_init_captures
    Feature record: CXX_FEATURE:1cxx_local_type_template_args
    Feature record: CXX_FEATURE:1cxx_long_long_type
    Feature record: CXX_FEATURE:1cxx_noexcept
    Feature record: CXX_FEATURE:1cxx_nonstatic_member_init
    Feature record: CXX_FEATURE:1cxx_nullptr
    Feature record: CXX_FEATURE:1cxx_override
    Feature record: CXX_FEATURE:1cxx_range_for
    Feature record: CXX_FEATURE:1cxx_raw_string_literals
    Feature record: CXX_FEATURE:1cxx_reference_qualified_functions
    Feature record: CXX_FEATURE:1cxx_relaxed_constexpr
    Feature record: CXX_FEATURE:1cxx_return_type_deduction
    Feature record: CXX_FEATURE:1cxx_right_angle_brackets
    Feature record: CXX_FEATURE:1cxx_rvalue_references
    Feature record: CXX_FEATURE:1cxx_sizeof_member
    Feature record: CXX_FEATURE:1cxx_static_assert
    Feature record: CXX_FEATURE:1cxx_strong_enums
    Feature record: CXX_FEATURE:1cxx_template_template_parameters
    Feature record: CXX_FEATURE:1cxx_thread_local
    Feature record: CXX_FEATURE:1cxx_trailing_return_types
    Feature record: CXX_FEATURE:1cxx_unicode_literals
    Feature record: CXX_FEATURE:1cxx_uniform_initialization
    Feature record: CXX_FEATURE:1cxx_unrestricted_unions
    Feature record: CXX_FEATURE:1cxx_user_literals
    Feature record: CXX_FEATURE:1cxx_variable_templates
    Feature record: CXX_FEATURE:1cxx_variadic_macros
    Feature record: CXX_FEATURE:1cxx_variadic_templates


Detecting CXX [-std=c++11] compiler features compiled with the following output:
Change Dir: /home/sebilla/mintstd/libzypp-17.2.2/CMakeFiles/CMakeTmp

Run Build Command:"/usr/bin/gmake" "cmTC_35a8e/fast"
/usr/bin/gmake -f CMakeFiles/cmTC_35a8e.dir/build.make CMakeFiles/cmTC_35a8e.dir/build
gmake[1]: Entering directory '/home/sebilla/mintstd/libzypp-17.2.2/CMakeFiles/CMakeTmp'
Building CXX object CMakeFiles/cmTC_35a8e.dir/feature_tests.cxx.o
/home/sebilla/mintstd/binary7-package/usr/bin/m68k-atari-mint-g++ --sysroot=/usr/m68k-atari-mint/sys-root    -std=c++11 -o CMakeFiles/cmTC_35a8e.dir/feature_tests.cxx.o -c /home/sebilla/mintstd/libzypp-17.2.2/CMakeFiles/feature_tests.cxx
Linking CXX executable cmTC_35a8e
/usr/bin/cmake -E cmake_link_script CMakeFiles/cmTC_35a8e.dir/link.txt --verbose=1
/home/sebilla/mintstd/binary7-package/usr/bin/m68k-atari-mint-g++ --sysroot=/usr/m68k-atari-mint/sys-root       CMakeFiles/cmTC_35a8e.dir/feature_tests.cxx.o  -o cmTC_35a8e 
gmake[1]: Leaving directory '/home/sebilla/mintstd/libzypp-17.2.2/CMakeFiles/CMakeTmp'


    Feature record: CXX_FEATURE:0cxx_aggregate_default_initializers
    Feature record: CXX_FEATURE:1cxx_alias_templates
    Feature record: CXX_FEATURE:1cxx_alignas
    Feature record: CXX_FEATURE:1cxx_alignof
    Feature record: CXX_FEATURE:1cxx_attributes
    Feature record: CXX_FEATURE:0cxx_attribute_deprecated
    Feature record: CXX_FEATURE:1cxx_auto_type
    Feature record: CXX_FEATURE:0cxx_binary_literals
    Feature record: CXX_FEATURE:1cxx_constexpr
    Feature record: CXX_FEATURE:0cxx_contextual_conversions
    Feature record: CXX_FEATURE:1cxx_decltype
    Feature record: CXX_FEATURE:0cxx_decltype_auto
    Feature record: CXX_FEATURE:1cxx_decltype_incomplete_return_types
    Feature record: CXX_FEATURE:1cxx_default_function_template_args
    Feature record: CXX_FEATURE:1cxx_defaulted_functions
    Feature record: CXX_FEATURE:1cxx_defaulted_move_initializers
    Feature record: CXX_FEATURE:1cxx_delegating_constructors
    Feature record: CXX_FEATURE:1cxx_deleted_functions
    Feature record: CXX_FEATURE:0cxx_digit_separators
    Feature record: CXX_FEATURE:1cxx_enum_forward_declarations
    Feature record: CXX_FEATURE:1cxx_explicit_conversions
    Feature record: CXX_FEATURE:1cxx_extended_friend_declarations
    Feature record: CXX_FEATURE:1cxx_extern_templates
    Feature record: CXX_FEATURE:1cxx_final
    Feature record: CXX_FEATURE:1cxx_func_identifier
    Feature record: CXX_FEATURE:1cxx_generalized_initializers
    Feature record: CXX_FEATURE:0cxx_generic_lambdas
    Feature record: CXX_FEATURE:1cxx_inheriting_constructors
    Feature record: CXX_FEATURE:1cxx_inline_namespaces
    Feature record: CXX_FEATURE:1cxx_lambdas
    Feature record: CXX_FEATURE:0cxx_lambda_init_captures
    Feature record: CXX_FEATURE:1cxx_local_type_template_args
    Feature record: CXX_FEATURE:1cxx_long_long_type
    Feature record: CXX_FEATURE:1cxx_noexcept
    Feature record: CXX_FEATURE:1cxx_nonstatic_member_init
    Feature record: CXX_FEATURE:1cxx_nullptr
    Feature record: CXX_FEATURE:1cxx_override
    Feature record: CXX_FEATURE:1cxx_range_for
    Feature record: CXX_FEATURE:1cxx_raw_string_literals
    Feature record: CXX_FEATURE:1cxx_reference_qualified_functions
    Feature record: CXX_FEATURE:0cxx_relaxed_constexpr
    Feature record: CXX_FEATURE:0cxx_return_type_deduction
    Feature record: CXX_FEATURE:1cxx_right_angle_brackets
    Feature record: CXX_FEATURE:1cxx_rvalue_references
    Feature record: CXX_FEATURE:1cxx_sizeof_member
    Feature record: CXX_FEATURE:1cxx_static_assert
    Feature record: CXX_FEATURE:1cxx_strong_enums
    Feature record: CXX_FEATURE:1cxx_template_template_parameters
    Feature record: CXX_FEATURE:1cxx_thread_local
    Feature record: CXX_FEATURE:1cxx_trailing_return_types
    Feature record: CXX_FEATURE:1cxx_unicode_literals
    Feature record: CXX_FEATURE:1cxx_uniform_initialization
    Feature record: CXX_FEATURE:1cxx_unrestricted_unions
    Feature record: CXX_FEATURE:1cxx_user_literals
    Feature record: CXX_FEATURE:0cxx_variable_templates
    Feature record: CXX_FEATURE:1cxx_variadic_macros
    Feature record: CXX_FEATURE:1cxx_variadic_templates


Detecting CXX [-std=c++98] compiler features compiled with the following output:
Change Dir: /home/sebilla/mintstd/libzypp-17.2.2/CMakeFiles/CMakeTmp

Run Build Command:"/usr/bin/gmake" "cmTC_0cf85/fast"
/usr/bin/gmake -f CMakeFiles/cmTC_0cf85.dir/build.make CMakeFiles/cmTC_0cf85.dir/build
gmake[1]: Entering directory '/home/sebilla/mintstd/libzypp-17.2.2/CMakeFiles/CMakeTmp'
Building CXX object CMakeFiles/cmTC_0cf85.dir/feature_tests.cxx.o
/home/sebilla/mintstd/binary7-package/usr/bin/m68k-atari-mint-g++ --sysroot=/usr/m68k-atari-mint/sys-root    -std=c++98 -o CMakeFiles/cmTC_0cf85.dir/feature_tests.cxx.o -c /home/sebilla/mintstd/libzypp-17.2.2/CMakeFiles/feature_tests.cxx
Linking CXX executable cmTC_0cf85
/usr/bin/cmake -E cmake_link_script CMakeFiles/cmTC_0cf85.dir/link.txt --verbose=1
/home/sebilla/mintstd/binary7-package/usr/bin/m68k-atari-mint-g++ --sysroot=/usr/m68k-atari-mint/sys-root       CMakeFiles/cmTC_0cf85.dir/feature_tests.cxx.o  -o cmTC_0cf85 
gmake[1]: Leaving directory '/home/sebilla/mintstd/libzypp-17.2.2/CMakeFiles/CMakeTmp'


    Feature record: CXX_FEATURE:0cxx_aggregate_default_initializers
    Feature record: CXX_FEATURE:0cxx_alias_templates
    Feature record: CXX_FEATURE:0cxx_alignas
    Feature record: CXX_FEATURE:0cxx_alignof
    Feature record: CXX_FEATURE:0cxx_attributes
    Feature record: CXX_FEATURE:0cxx_attribute_deprecated
    Feature record: CXX_FEATURE:0cxx_auto_type
    Feature record: CXX_FEATURE:0cxx_binary_literals
    Feature record: CXX_FEATURE:0cxx_constexpr
    Feature record: CXX_FEATURE:0cxx_contextual_conversions
    Feature record: CXX_FEATURE:0cxx_decltype
    Feature record: CXX_FEATURE:0cxx_decltype_auto
    Feature record: CXX_FEATURE:0cxx_decltype_incomplete_return_types
    Feature record: CXX_FEATURE:0cxx_default_function_template_args
    Feature record: CXX_FEATURE:0cxx_defaulted_functions
    Feature record: CXX_FEATURE:0cxx_defaulted_move_initializers
    Feature record: CXX_FEATURE:0cxx_delegating_constructors
    Feature record: CXX_FEATURE:0cxx_deleted_functions
    Feature record: CXX_FEATURE:0cxx_digit_separators
    Feature record: CXX_FEATURE:0cxx_enum_forward_declarations
    Feature record: CXX_FEATURE:0cxx_explicit_conversions
    Feature record: CXX_FEATURE:0cxx_extended_friend_declarations
    Feature record: CXX_FEATURE:0cxx_extern_templates
    Feature record: CXX_FEATURE:0cxx_final
    Feature record: CXX_FEATURE:0cxx_func_identifier
    Feature record: CXX_FEATURE:0cxx_generalized_initializers
    Feature record: CXX_FEATURE:0cxx_generic_lambdas
    Feature record: CXX_FEATURE:0cxx_inheriting_constructors
    Feature record: CXX_FEATURE:0cxx_inline_namespaces
    Feature record: CXX_FEATURE:0cxx_lambdas
    Feature record: CXX_FEATURE:0cxx_lambda_init_captures
    Feature record: CXX_FEATURE:0cxx_local_type_template_args
    Feature record: CXX_FEATURE:0cxx_long_long_type
    Feature record: CXX_FEATURE:0cxx_noexcept
    Feature record: CXX_FEATURE:0cxx_nonstatic_member_init
    Feature record: CXX_FEATURE:0cxx_nullptr
    Feature record: CXX_FEATURE:0cxx_override
    Feature record: CXX_FEATURE:0cxx_range_for
    Feature record: CXX_FEATURE:0cxx_raw_string_literals
    Feature record: CXX_FEATURE:0cxx_reference_qualified_functions
    Feature record: CXX_FEATURE:0cxx_relaxed_constexpr
    Feature record: CXX_FEATURE:0cxx_return_type_deduction
    Feature record: CXX_FEATURE:0cxx_right_angle_brackets
    Feature record: CXX_FEATURE:0cxx_rvalue_references
    Feature record: CXX_FEATURE:0cxx_sizeof_member
    Feature record: CXX_FEATURE:0cxx_static_assert
    Feature record: CXX_FEATURE:0cxx_strong_enums
    Feature record: CXX_FEATURE:1cxx_template_template_parameters
    Feature record: CXX_FEATURE:0cxx_thread_local
    Feature record: CXX_FEATURE:0cxx_trailing_return_types
    Feature record: CXX_FEATURE:0cxx_unicode_literals
    Feature record: CXX_FEATURE:0cxx_uniform_initialization
    Feature record: CXX_FEATURE:0cxx_unrestricted_unions
    Feature record: CXX_FEATURE:0cxx_user_literals
    Feature record: CXX_FEATURE:0cxx_variable_templates
    Feature record: CXX_FEATURE:0cxx_variadic_macros
    Feature record: CXX_FEATURE:0cxx_variadic_templates
