The target system is: mint -  - 
The host system is: Linux - 4.15.7-1-default - x86_64
Compiling the C compiler identification source file "CMakeCCompilerId.c" succeeded.
Compiler: /home/sebilla/mintstd/binary7-package/usr/bin/m68k-atari-mint-gcc 
Build flags: -m68020-60;-O2;-fomit-frame-pointer
Id flags:  

The output was:
0


Compilation of the C compiler identification source "CMakeCCompilerId.c" produced "a.out"

The C compiler identification is GNU, found in "/home/sebilla/mintstd/libzypp-17.2.2/build/CMakeFiles/3.10.2/CompilerIdC/a.out"

Compiling the CXX compiler identification source file "CMakeCXXCompilerId.cpp" succeeded.
Compiler: /home/sebilla/mintstd/binary7-package/usr/bin/m68k-atari-mint-g++ 
Build flags: -m68020-60;-O2;-fomit-frame-pointer
Id flags:  

The output was:
0


Compilation of the CXX compiler identification source "CMakeCXXCompilerId.cpp" produced "a.out"

The CXX compiler identification is GNU, found in "/home/sebilla/mintstd/libzypp-17.2.2/build/CMakeFiles/3.10.2/CompilerIdCXX/a.out"

Determining if the C compiler works passed with the following output:
Change Dir: /home/sebilla/mintstd/libzypp-17.2.2/build/CMakeFiles/CMakeTmp

Run Build Command:"/usr/bin/gmake" "cmTC_93e7f/fast"
/usr/bin/gmake -f CMakeFiles/cmTC_93e7f.dir/build.make CMakeFiles/cmTC_93e7f.dir/build
gmake[1]: Entering directory '/home/sebilla/mintstd/libzypp-17.2.2/build/CMakeFiles/CMakeTmp'
Building C object CMakeFiles/cmTC_93e7f.dir/testCCompiler.c.o
/home/sebilla/mintstd/binary7-package/usr/bin/m68k-atari-mint-gcc --sysroot=/usr/m68k-atari-mint/sys-root   -m68020-60 -O2 -fomit-frame-pointer    -o CMakeFiles/cmTC_93e7f.dir/testCCompiler.c.o   -c /home/sebilla/mintstd/libzypp-17.2.2/build/CMakeFiles/CMakeTmp/testCCompiler.c
Linking C executable cmTC_93e7f
/usr/bin/cmake -E cmake_link_script CMakeFiles/cmTC_93e7f.dir/link.txt --verbose=1
/home/sebilla/mintstd/binary7-package/usr/bin/m68k-atari-mint-gcc --sysroot=/usr/m68k-atari-mint/sys-root -m68020-60 -O2 -fomit-frame-pointer     CMakeFiles/cmTC_93e7f.dir/testCCompiler.c.o  -o cmTC_93e7f 
gmake[1]: Leaving directory '/home/sebilla/mintstd/libzypp-17.2.2/build/CMakeFiles/CMakeTmp'


Detecting C compiler ABI info compiled with the following output:
Change Dir: /home/sebilla/mintstd/libzypp-17.2.2/build/CMakeFiles/CMakeTmp

Run Build Command:"/usr/bin/gmake" "cmTC_ee14c/fast"
/usr/bin/gmake -f CMakeFiles/cmTC_ee14c.dir/build.make CMakeFiles/cmTC_ee14c.dir/build
gmake[1]: Entering directory '/home/sebilla/mintstd/libzypp-17.2.2/build/CMakeFiles/CMakeTmp'
Building C object CMakeFiles/cmTC_ee14c.dir/CMakeCCompilerABI.c.o
/home/sebilla/mintstd/binary7-package/usr/bin/m68k-atari-mint-gcc --sysroot=/usr/m68k-atari-mint/sys-root   -m68020-60 -O2 -fomit-frame-pointer    -o CMakeFiles/cmTC_ee14c.dir/CMakeCCompilerABI.c.o   -c /usr/share/cmake/Modules/CMakeCCompilerABI.c
Linking C executable cmTC_ee14c
/usr/bin/cmake -E cmake_link_script CMakeFiles/cmTC_ee14c.dir/link.txt --verbose=1
/home/sebilla/mintstd/binary7-package/usr/bin/m68k-atari-mint-gcc --sysroot=/usr/m68k-atari-mint/sys-root -m68020-60 -O2 -fomit-frame-pointer    -v CMakeFiles/cmTC_ee14c.dir/CMakeCCompilerABI.c.o  -o cmTC_ee14c 
Using built-in specs.
COLLECT_GCC=/home/sebilla/mintstd/binary7-package/usr/bin/m68k-atari-mint-gcc
COLLECT_LTO_WRAPPER=/home/sebilla/mintstd/binary7-package/usr/bin/../lib64/gcc/m68k-atari-mint/7/lto-wrapper
Target: m68k-atari-mint
Configured with: /home/sebilla/m68k-atari-mint-gcc/configure --target=m68k-atari-mint --build=x86_64-pc-linux-gnu --prefix=/usr --libdir=/usr/lib64 --bindir=/usr/bin --libexecdir='' 'CFLAGS_FOR_BUILD=-O2 -fomit-frame-pointer' CFLAGS='-O2 -fomit-frame-pointer' 'CXXFLAGS_FOR_BUILD=-O2 -fomit-frame-pointer' CXXFLAGS='-O2 -fomit-frame-pointer' 'BOOT_CFLAGS=-O2 -fomit-frame-pointer' 'CFLAGS_FOR_TARGET=-O2 -fomit-frame-pointer' 'CXXFLAGS_FOR_TARGET=-O2 -fomit-frame-pointer' LDFLAGS_FOR_BUILD= LDFLAGS= --with-pkgversion='MiNT 20180215' --disable-libvtv --disable-libmpx --disable-libcc1 --disable-werror --with-gxx-include-dir=/usr/m68k-atari-mint/sys-root/usr/include/c++/7 --with-gcc-major-version-only --with-gcc --with-gnu-as --with-gnu-ld --with-system-zlib --disable-libgomp --without-newlib --disable-libstdcxx-pch --disable-threads --disable-win32-registry --disable-lto --enable-ssp --enable-libssp --disable-plugin --enable-decimal-float --disable-nls --with-libiconv-prefix=/usr --with-libintl-prefix=/usr --with-sysroot=/usr/m68k-atari-mint/sys-root --enable-languages=c,c++
Thread model: single
gcc version 7.3.0 (MiNT 20180215) 
COMPILER_PATH=/home/sebilla/mintstd/binary7-package/usr/bin/../lib64/gcc/m68k-atari-mint/7/:/home/sebilla/mintstd/binary7-package/usr/bin/../lib64/gcc/:/home/sebilla/mintstd/binary7-package/usr/bin/../lib64/gcc/m68k-atari-mint/7/../../../../m68k-atari-mint/bin/
LIBRARY_PATH=/home/sebilla/mintstd/binary7-package/usr/bin/../lib64/gcc/m68k-atari-mint/7/m68020-60/:/home/sebilla/mintstd/binary7-package/usr/bin/../lib64/gcc/m68k-atari-mint/7/../../../../m68k-atari-mint/lib/m68020-60/:/usr/m68k-atari-mint/sys-root/usr/lib/m68020-60/:/home/sebilla/mintstd/binary7-package/usr/bin/../lib64/gcc/m68k-atari-mint/7/:/home/sebilla/mintstd/binary7-package/usr/bin/../lib64/gcc/:/home/sebilla/mintstd/binary7-package/usr/bin/../lib64/gcc/m68k-atari-mint/7/../../../../m68k-atari-mint/lib/:/usr/m68k-atari-mint/sys-root/usr/lib/
COLLECT_GCC_OPTIONS='-m68020-60' '-O2' '-fomit-frame-pointer' '-v' '-o' 'cmTC_ee14c'
 /home/sebilla/mintstd/binary7-package/usr/bin/../lib64/gcc/m68k-atari-mint/7/collect2 --sysroot=/usr/m68k-atari-mint/sys-root -o cmTC_ee14c /usr/m68k-atari-mint/sys-root/usr/lib/crt0.o -L/home/sebilla/mintstd/binary7-package/usr/bin/../lib64/gcc/m68k-atari-mint/7/m68020-60 -L/home/sebilla/mintstd/binary7-package/usr/bin/../lib64/gcc/m68k-atari-mint/7/../../../../m68k-atari-mint/lib/m68020-60 -L/usr/m68k-atari-mint/sys-root/usr/lib/m68020-60 -L/home/sebilla/mintstd/binary7-package/usr/bin/../lib64/gcc/m68k-atari-mint/7 -L/home/sebilla/mintstd/binary7-package/usr/bin/../lib64/gcc -L/home/sebilla/mintstd/binary7-package/usr/bin/../lib64/gcc/m68k-atari-mint/7/../../../../m68k-atari-mint/lib -L/usr/m68k-atari-mint/sys-root/usr/lib CMakeFiles/cmTC_ee14c.dir/CMakeCCompilerABI.c.o -lgcc -lc -lgcc
COLLECT_GCC_OPTIONS='-m68020-60' '-O2' '-fomit-frame-pointer' '-v' '-o' 'cmTC_ee14c'
gmake[1]: Leaving directory '/home/sebilla/mintstd/libzypp-17.2.2/build/CMakeFiles/CMakeTmp'


Parsed C implicit link information from above output:
  link line regex: [^( *|.*[/\])(m68k-atari-mint-ld|CMAKE_LINK_STARTFILE-NOTFOUND|([^/\]+-)?ld|collect2)[^/\]*( |$)]
  ignore line: [Change Dir: /home/sebilla/mintstd/libzypp-17.2.2/build/CMakeFiles/CMakeTmp]
  ignore line: []
  ignore line: [Run Build Command:"/usr/bin/gmake" "cmTC_ee14c/fast"]
  ignore line: [/usr/bin/gmake -f CMakeFiles/cmTC_ee14c.dir/build.make CMakeFiles/cmTC_ee14c.dir/build]
  ignore line: [gmake[1]: Entering directory '/home/sebilla/mintstd/libzypp-17.2.2/build/CMakeFiles/CMakeTmp']
  ignore line: [Building C object CMakeFiles/cmTC_ee14c.dir/CMakeCCompilerABI.c.o]
  ignore line: [/home/sebilla/mintstd/binary7-package/usr/bin/m68k-atari-mint-gcc --sysroot=/usr/m68k-atari-mint/sys-root   -m68020-60 -O2 -fomit-frame-pointer    -o CMakeFiles/cmTC_ee14c.dir/CMakeCCompilerABI.c.o   -c /usr/share/cmake/Modules/CMakeCCompilerABI.c]
  ignore line: [Linking C executable cmTC_ee14c]
  ignore line: [/usr/bin/cmake -E cmake_link_script CMakeFiles/cmTC_ee14c.dir/link.txt --verbose=1]
  ignore line: [/home/sebilla/mintstd/binary7-package/usr/bin/m68k-atari-mint-gcc --sysroot=/usr/m68k-atari-mint/sys-root -m68020-60 -O2 -fomit-frame-pointer    -v CMakeFiles/cmTC_ee14c.dir/CMakeCCompilerABI.c.o  -o cmTC_ee14c ]
  ignore line: [Using built-in specs.]
  ignore line: [COLLECT_GCC=/home/sebilla/mintstd/binary7-package/usr/bin/m68k-atari-mint-gcc]
  ignore line: [COLLECT_LTO_WRAPPER=/home/sebilla/mintstd/binary7-package/usr/bin/../lib64/gcc/m68k-atari-mint/7/lto-wrapper]
  ignore line: [Target: m68k-atari-mint]
  ignore line: [Configured with: /home/sebilla/m68k-atari-mint-gcc/configure --target=m68k-atari-mint --build=x86_64-pc-linux-gnu --prefix=/usr --libdir=/usr/lib64 --bindir=/usr/bin --libexecdir='' 'CFLAGS_FOR_BUILD=-O2 -fomit-frame-pointer' CFLAGS='-O2 -fomit-frame-pointer' 'CXXFLAGS_FOR_BUILD=-O2 -fomit-frame-pointer' CXXFLAGS='-O2 -fomit-frame-pointer' 'BOOT_CFLAGS=-O2 -fomit-frame-pointer' 'CFLAGS_FOR_TARGET=-O2 -fomit-frame-pointer' 'CXXFLAGS_FOR_TARGET=-O2 -fomit-frame-pointer' LDFLAGS_FOR_BUILD= LDFLAGS= --with-pkgversion='MiNT 20180215' --disable-libvtv --disable-libmpx --disable-libcc1 --disable-werror --with-gxx-include-dir=/usr/m68k-atari-mint/sys-root/usr/include/c++/7 --with-gcc-major-version-only --with-gcc --with-gnu-as --with-gnu-ld --with-system-zlib --disable-libgomp --without-newlib --disable-libstdcxx-pch --disable-threads --disable-win32-registry --disable-lto --enable-ssp --enable-libssp --disable-plugin --enable-decimal-float --disable-nls --with-libiconv-prefix=/usr --with-libintl-prefix=/usr --with-sysroot=/usr/m68k-atari-mint/sys-root --enable-languages=c,c++]
  ignore line: [Thread model: single]
  ignore line: [gcc version 7.3.0 (MiNT 20180215) ]
  ignore line: [COMPILER_PATH=/home/sebilla/mintstd/binary7-package/usr/bin/../lib64/gcc/m68k-atari-mint/7/:/home/sebilla/mintstd/binary7-package/usr/bin/../lib64/gcc/:/home/sebilla/mintstd/binary7-package/usr/bin/../lib64/gcc/m68k-atari-mint/7/../../../../m68k-atari-mint/bin/]
  ignore line: [LIBRARY_PATH=/home/sebilla/mintstd/binary7-package/usr/bin/../lib64/gcc/m68k-atari-mint/7/m68020-60/:/home/sebilla/mintstd/binary7-package/usr/bin/../lib64/gcc/m68k-atari-mint/7/../../../../m68k-atari-mint/lib/m68020-60/:/usr/m68k-atari-mint/sys-root/usr/lib/m68020-60/:/home/sebilla/mintstd/binary7-package/usr/bin/../lib64/gcc/m68k-atari-mint/7/:/home/sebilla/mintstd/binary7-package/usr/bin/../lib64/gcc/:/home/sebilla/mintstd/binary7-package/usr/bin/../lib64/gcc/m68k-atari-mint/7/../../../../m68k-atari-mint/lib/:/usr/m68k-atari-mint/sys-root/usr/lib/]
  ignore line: [COLLECT_GCC_OPTIONS='-m68020-60' '-O2' '-fomit-frame-pointer' '-v' '-o' 'cmTC_ee14c']
  link line: [ /home/sebilla/mintstd/binary7-package/usr/bin/../lib64/gcc/m68k-atari-mint/7/collect2 --sysroot=/usr/m68k-atari-mint/sys-root -o cmTC_ee14c /usr/m68k-atari-mint/sys-root/usr/lib/crt0.o -L/home/sebilla/mintstd/binary7-package/usr/bin/../lib64/gcc/m68k-atari-mint/7/m68020-60 -L/home/sebilla/mintstd/binary7-package/usr/bin/../lib64/gcc/m68k-atari-mint/7/../../../../m68k-atari-mint/lib/m68020-60 -L/usr/m68k-atari-mint/sys-root/usr/lib/m68020-60 -L/home/sebilla/mintstd/binary7-package/usr/bin/../lib64/gcc/m68k-atari-mint/7 -L/home/sebilla/mintstd/binary7-package/usr/bin/../lib64/gcc -L/home/sebilla/mintstd/binary7-package/usr/bin/../lib64/gcc/m68k-atari-mint/7/../../../../m68k-atari-mint/lib -L/usr/m68k-atari-mint/sys-root/usr/lib CMakeFiles/cmTC_ee14c.dir/CMakeCCompilerABI.c.o -lgcc -lc -lgcc]
    arg [/home/sebilla/mintstd/binary7-package/usr/bin/../lib64/gcc/m68k-atari-mint/7/collect2] ==> ignore
    arg [--sysroot=/usr/m68k-atari-mint/sys-root] ==> ignore
    arg [-o] ==> ignore
    arg [cmTC_ee14c] ==> ignore
    arg [/usr/m68k-atari-mint/sys-root/usr/lib/crt0.o] ==> ignore
    arg [-L/home/sebilla/mintstd/binary7-package/usr/bin/../lib64/gcc/m68k-atari-mint/7/m68020-60] ==> dir [/home/sebilla/mintstd/binary7-package/usr/bin/../lib64/gcc/m68k-atari-mint/7/m68020-60]
    arg [-L/home/sebilla/mintstd/binary7-package/usr/bin/../lib64/gcc/m68k-atari-mint/7/../../../../m68k-atari-mint/lib/m68020-60] ==> dir [/home/sebilla/mintstd/binary7-package/usr/bin/../lib64/gcc/m68k-atari-mint/7/../../../../m68k-atari-mint/lib/m68020-60]
    arg [-L/usr/m68k-atari-mint/sys-root/usr/lib/m68020-60] ==> dir [/usr/m68k-atari-mint/sys-root/usr/lib/m68020-60]
    arg [-L/home/sebilla/mintstd/binary7-package/usr/bin/../lib64/gcc/m68k-atari-mint/7] ==> dir [/home/sebilla/mintstd/binary7-package/usr/bin/../lib64/gcc/m68k-atari-mint/7]
    arg [-L/home/sebilla/mintstd/binary7-package/usr/bin/../lib64/gcc] ==> dir [/home/sebilla/mintstd/binary7-package/usr/bin/../lib64/gcc]
    arg [-L/home/sebilla/mintstd/binary7-package/usr/bin/../lib64/gcc/m68k-atari-mint/7/../../../../m68k-atari-mint/lib] ==> dir [/home/sebilla/mintstd/binary7-package/usr/bin/../lib64/gcc/m68k-atari-mint/7/../../../../m68k-atari-mint/lib]
    arg [-L/usr/m68k-atari-mint/sys-root/usr/lib] ==> dir [/usr/m68k-atari-mint/sys-root/usr/lib]
    arg [CMakeFiles/cmTC_ee14c.dir/CMakeCCompilerABI.c.o] ==> ignore
    arg [-lgcc] ==> lib [gcc]
    arg [-lc] ==> lib [c]
    arg [-lgcc] ==> lib [gcc]
  collapse library dir [/home/sebilla/mintstd/binary7-package/usr/bin/../lib64/gcc/m68k-atari-mint/7/m68020-60] ==> [/home/sebilla/mintstd/binary7-package/usr/lib64/gcc/m68k-atari-mint/7/m68020-60]
  collapse library dir [/home/sebilla/mintstd/binary7-package/usr/bin/../lib64/gcc/m68k-atari-mint/7/../../../../m68k-atari-mint/lib/m68020-60] ==> [/home/sebilla/mintstd/binary7-package/usr/m68k-atari-mint/lib/m68020-60]
  collapse library dir [/usr/m68k-atari-mint/sys-root/usr/lib/m68020-60] ==> [/usr/m68k-atari-mint/sys-root/usr/lib/m68020-60]
  collapse library dir [/home/sebilla/mintstd/binary7-package/usr/bin/../lib64/gcc/m68k-atari-mint/7] ==> [/home/sebilla/mintstd/binary7-package/usr/lib64/gcc/m68k-atari-mint/7]
  collapse library dir [/home/sebilla/mintstd/binary7-package/usr/bin/../lib64/gcc] ==> [/home/sebilla/mintstd/binary7-package/usr/lib64/gcc]
  collapse library dir [/home/sebilla/mintstd/binary7-package/usr/bin/../lib64/gcc/m68k-atari-mint/7/../../../../m68k-atari-mint/lib] ==> [/home/sebilla/mintstd/binary7-package/usr/m68k-atari-mint/lib]
  collapse library dir [/usr/m68k-atari-mint/sys-root/usr/lib] ==> [/usr/m68k-atari-mint/sys-root/usr/lib]
  implicit libs: [gcc;c;gcc]
  implicit dirs: [/home/sebilla/mintstd/binary7-package/usr/lib64/gcc/m68k-atari-mint/7/m68020-60;/home/sebilla/mintstd/binary7-package/usr/m68k-atari-mint/lib/m68020-60;/usr/m68k-atari-mint/sys-root/usr/lib/m68020-60;/home/sebilla/mintstd/binary7-package/usr/lib64/gcc/m68k-atari-mint/7;/home/sebilla/mintstd/binary7-package/usr/lib64/gcc;/home/sebilla/mintstd/binary7-package/usr/m68k-atari-mint/lib;/usr/m68k-atari-mint/sys-root/usr/lib]
  implicit fwks: []




Detecting C [-std=c11] compiler features compiled with the following output:
Change Dir: /home/sebilla/mintstd/libzypp-17.2.2/build/CMakeFiles/CMakeTmp

Run Build Command:"/usr/bin/gmake" "cmTC_eb89a/fast"
/usr/bin/gmake -f CMakeFiles/cmTC_eb89a.dir/build.make CMakeFiles/cmTC_eb89a.dir/build
gmake[1]: Entering directory '/home/sebilla/mintstd/libzypp-17.2.2/build/CMakeFiles/CMakeTmp'
Building C object CMakeFiles/cmTC_eb89a.dir/feature_tests.c.o
/home/sebilla/mintstd/binary7-package/usr/bin/m68k-atari-mint-gcc --sysroot=/usr/m68k-atari-mint/sys-root   -m68020-60 -O2 -fomit-frame-pointer    -std=c11 -o CMakeFiles/cmTC_eb89a.dir/feature_tests.c.o   -c /home/sebilla/mintstd/libzypp-17.2.2/build/CMakeFiles/feature_tests.c
Linking C executable cmTC_eb89a
/usr/bin/cmake -E cmake_link_script CMakeFiles/cmTC_eb89a.dir/link.txt --verbose=1
/home/sebilla/mintstd/binary7-package/usr/bin/m68k-atari-mint-gcc --sysroot=/usr/m68k-atari-mint/sys-root -m68020-60 -O2 -fomit-frame-pointer     CMakeFiles/cmTC_eb89a.dir/feature_tests.c.o  -o cmTC_eb89a 
gmake[1]: Leaving directory '/home/sebilla/mintstd/libzypp-17.2.2/build/CMakeFiles/CMakeTmp'


    Feature record: C_FEATURE:1c_function_prototypes
    Feature record: C_FEATURE:1c_restrict
    Feature record: C_FEATURE:1c_static_assert
    Feature record: C_FEATURE:1c_variadic_macros


Detecting C [-std=c99] compiler features compiled with the following output:
Change Dir: /home/sebilla/mintstd/libzypp-17.2.2/build/CMakeFiles/CMakeTmp

Run Build Command:"/usr/bin/gmake" "cmTC_55adf/fast"
/usr/bin/gmake -f CMakeFiles/cmTC_55adf.dir/build.make CMakeFiles/cmTC_55adf.dir/build
gmake[1]: Entering directory '/home/sebilla/mintstd/libzypp-17.2.2/build/CMakeFiles/CMakeTmp'
Building C object CMakeFiles/cmTC_55adf.dir/feature_tests.c.o
/home/sebilla/mintstd/binary7-package/usr/bin/m68k-atari-mint-gcc --sysroot=/usr/m68k-atari-mint/sys-root   -m68020-60 -O2 -fomit-frame-pointer    -std=c99 -o CMakeFiles/cmTC_55adf.dir/feature_tests.c.o   -c /home/sebilla/mintstd/libzypp-17.2.2/build/CMakeFiles/feature_tests.c
Linking C executable cmTC_55adf
/usr/bin/cmake -E cmake_link_script CMakeFiles/cmTC_55adf.dir/link.txt --verbose=1
/home/sebilla/mintstd/binary7-package/usr/bin/m68k-atari-mint-gcc --sysroot=/usr/m68k-atari-mint/sys-root -m68020-60 -O2 -fomit-frame-pointer     CMakeFiles/cmTC_55adf.dir/feature_tests.c.o  -o cmTC_55adf 
gmake[1]: Leaving directory '/home/sebilla/mintstd/libzypp-17.2.2/build/CMakeFiles/CMakeTmp'


    Feature record: C_FEATURE:1c_function_prototypes
    Feature record: C_FEATURE:1c_restrict
    Feature record: C_FEATURE:0c_static_assert
    Feature record: C_FEATURE:1c_variadic_macros


Detecting C [-std=c90] compiler features compiled with the following output:
Change Dir: /home/sebilla/mintstd/libzypp-17.2.2/build/CMakeFiles/CMakeTmp

Run Build Command:"/usr/bin/gmake" "cmTC_c1f37/fast"
/usr/bin/gmake -f CMakeFiles/cmTC_c1f37.dir/build.make CMakeFiles/cmTC_c1f37.dir/build
gmake[1]: Entering directory '/home/sebilla/mintstd/libzypp-17.2.2/build/CMakeFiles/CMakeTmp'
Building C object CMakeFiles/cmTC_c1f37.dir/feature_tests.c.o
/home/sebilla/mintstd/binary7-package/usr/bin/m68k-atari-mint-gcc --sysroot=/usr/m68k-atari-mint/sys-root   -m68020-60 -O2 -fomit-frame-pointer    -std=c90 -o CMakeFiles/cmTC_c1f37.dir/feature_tests.c.o   -c /home/sebilla/mintstd/libzypp-17.2.2/build/CMakeFiles/feature_tests.c
Linking C executable cmTC_c1f37
/usr/bin/cmake -E cmake_link_script CMakeFiles/cmTC_c1f37.dir/link.txt --verbose=1
/home/sebilla/mintstd/binary7-package/usr/bin/m68k-atari-mint-gcc --sysroot=/usr/m68k-atari-mint/sys-root -m68020-60 -O2 -fomit-frame-pointer     CMakeFiles/cmTC_c1f37.dir/feature_tests.c.o  -o cmTC_c1f37 
gmake[1]: Leaving directory '/home/sebilla/mintstd/libzypp-17.2.2/build/CMakeFiles/CMakeTmp'


    Feature record: C_FEATURE:1c_function_prototypes
    Feature record: C_FEATURE:0c_restrict
    Feature record: C_FEATURE:0c_static_assert
    Feature record: C_FEATURE:0c_variadic_macros
Determining if the CXX compiler works passed with the following output:
Change Dir: /home/sebilla/mintstd/libzypp-17.2.2/build/CMakeFiles/CMakeTmp

Run Build Command:"/usr/bin/gmake" "cmTC_fe14d/fast"
/usr/bin/gmake -f CMakeFiles/cmTC_fe14d.dir/build.make CMakeFiles/cmTC_fe14d.dir/build
gmake[1]: Entering directory '/home/sebilla/mintstd/libzypp-17.2.2/build/CMakeFiles/CMakeTmp'
Building CXX object CMakeFiles/cmTC_fe14d.dir/testCXXCompiler.cxx.o
/home/sebilla/mintstd/binary7-package/usr/bin/m68k-atari-mint-g++ --sysroot=/usr/m68k-atari-mint/sys-root    -m68020-60 -O2 -fomit-frame-pointer    -o CMakeFiles/cmTC_fe14d.dir/testCXXCompiler.cxx.o -c /home/sebilla/mintstd/libzypp-17.2.2/build/CMakeFiles/CMakeTmp/testCXXCompiler.cxx
Linking CXX executable cmTC_fe14d
/usr/bin/cmake -E cmake_link_script CMakeFiles/cmTC_fe14d.dir/link.txt --verbose=1
/home/sebilla/mintstd/binary7-package/usr/bin/m68k-atari-mint-g++ --sysroot=/usr/m68k-atari-mint/sys-root  -m68020-60 -O2 -fomit-frame-pointer     CMakeFiles/cmTC_fe14d.dir/testCXXCompiler.cxx.o  -o cmTC_fe14d 
gmake[1]: Leaving directory '/home/sebilla/mintstd/libzypp-17.2.2/build/CMakeFiles/CMakeTmp'


Detecting CXX compiler ABI info compiled with the following output:
Change Dir: /home/sebilla/mintstd/libzypp-17.2.2/build/CMakeFiles/CMakeTmp

Run Build Command:"/usr/bin/gmake" "cmTC_e039e/fast"
/usr/bin/gmake -f CMakeFiles/cmTC_e039e.dir/build.make CMakeFiles/cmTC_e039e.dir/build
gmake[1]: Entering directory '/home/sebilla/mintstd/libzypp-17.2.2/build/CMakeFiles/CMakeTmp'
Building CXX object CMakeFiles/cmTC_e039e.dir/CMakeCXXCompilerABI.cpp.o
/home/sebilla/mintstd/binary7-package/usr/bin/m68k-atari-mint-g++ --sysroot=/usr/m68k-atari-mint/sys-root    -m68020-60 -O2 -fomit-frame-pointer    -o CMakeFiles/cmTC_e039e.dir/CMakeCXXCompilerABI.cpp.o -c /usr/share/cmake/Modules/CMakeCXXCompilerABI.cpp
Linking CXX executable cmTC_e039e
/usr/bin/cmake -E cmake_link_script CMakeFiles/cmTC_e039e.dir/link.txt --verbose=1
/home/sebilla/mintstd/binary7-package/usr/bin/m68k-atari-mint-g++ --sysroot=/usr/m68k-atari-mint/sys-root  -m68020-60 -O2 -fomit-frame-pointer    -v CMakeFiles/cmTC_e039e.dir/CMakeCXXCompilerABI.cpp.o  -o cmTC_e039e 
Using built-in specs.
COLLECT_GCC=/home/sebilla/mintstd/binary7-package/usr/bin/m68k-atari-mint-g++
COLLECT_LTO_WRAPPER=/home/sebilla/mintstd/binary7-package/usr/bin/../lib64/gcc/m68k-atari-mint/7/lto-wrapper
Target: m68k-atari-mint
Configured with: /home/sebilla/m68k-atari-mint-gcc/configure --target=m68k-atari-mint --build=x86_64-pc-linux-gnu --prefix=/usr --libdir=/usr/lib64 --bindir=/usr/bin --libexecdir='' 'CFLAGS_FOR_BUILD=-O2 -fomit-frame-pointer' CFLAGS='-O2 -fomit-frame-pointer' 'CXXFLAGS_FOR_BUILD=-O2 -fomit-frame-pointer' CXXFLAGS='-O2 -fomit-frame-pointer' 'BOOT_CFLAGS=-O2 -fomit-frame-pointer' 'CFLAGS_FOR_TARGET=-O2 -fomit-frame-pointer' 'CXXFLAGS_FOR_TARGET=-O2 -fomit-frame-pointer' LDFLAGS_FOR_BUILD= LDFLAGS= --with-pkgversion='MiNT 20180215' --disable-libvtv --disable-libmpx --disable-libcc1 --disable-werror --with-gxx-include-dir=/usr/m68k-atari-mint/sys-root/usr/include/c++/7 --with-gcc-major-version-only --with-gcc --with-gnu-as --with-gnu-ld --with-system-zlib --disable-libgomp --without-newlib --disable-libstdcxx-pch --disable-threads --disable-win32-registry --disable-lto --enable-ssp --enable-libssp --disable-plugin --enable-decimal-float --disable-nls --with-libiconv-prefix=/usr --with-libintl-prefix=/usr --with-sysroot=/usr/m68k-atari-mint/sys-root --enable-languages=c,c++
Thread model: single
gcc version 7.3.0 (MiNT 20180215) 
COMPILER_PATH=/home/sebilla/mintstd/binary7-package/usr/bin/../lib64/gcc/m68k-atari-mint/7/:/home/sebilla/mintstd/binary7-package/usr/bin/../lib64/gcc/:/home/sebilla/mintstd/binary7-package/usr/bin/../lib64/gcc/m68k-atari-mint/7/../../../../m68k-atari-mint/bin/
LIBRARY_PATH=/home/sebilla/mintstd/binary7-package/usr/bin/../lib64/gcc/m68k-atari-mint/7/m68020-60/:/home/sebilla/mintstd/binary7-package/usr/bin/../lib64/gcc/m68k-atari-mint/7/../../../../m68k-atari-mint/lib/m68020-60/:/usr/m68k-atari-mint/sys-root/usr/lib/m68020-60/:/home/sebilla/mintstd/binary7-package/usr/bin/../lib64/gcc/m68k-atari-mint/7/:/home/sebilla/mintstd/binary7-package/usr/bin/../lib64/gcc/:/home/sebilla/mintstd/binary7-package/usr/bin/../lib64/gcc/m68k-atari-mint/7/../../../../m68k-atari-mint/lib/:/usr/m68k-atari-mint/sys-root/usr/lib/
COLLECT_GCC_OPTIONS='-m68020-60' '-O2' '-fomit-frame-pointer' '-v' '-o' 'cmTC_e039e'
 /home/sebilla/mintstd/binary7-package/usr/bin/../lib64/gcc/m68k-atari-mint/7/collect2 --sysroot=/usr/m68k-atari-mint/sys-root -o cmTC_e039e /usr/m68k-atari-mint/sys-root/usr/lib/crt0.o -L/home/sebilla/mintstd/binary7-package/usr/bin/../lib64/gcc/m68k-atari-mint/7/m68020-60 -L/home/sebilla/mintstd/binary7-package/usr/bin/../lib64/gcc/m68k-atari-mint/7/../../../../m68k-atari-mint/lib/m68020-60 -L/usr/m68k-atari-mint/sys-root/usr/lib/m68020-60 -L/home/sebilla/mintstd/binary7-package/usr/bin/../lib64/gcc/m68k-atari-mint/7 -L/home/sebilla/mintstd/binary7-package/usr/bin/../lib64/gcc -L/home/sebilla/mintstd/binary7-package/usr/bin/../lib64/gcc/m68k-atari-mint/7/../../../../m68k-atari-mint/lib -L/usr/m68k-atari-mint/sys-root/usr/lib CMakeFiles/cmTC_e039e.dir/CMakeCXXCompilerABI.cpp.o -lstdc++ -lm -lgcc -lc -lgcc
COLLECT_GCC_OPTIONS='-m68020-60' '-O2' '-fomit-frame-pointer' '-v' '-o' 'cmTC_e039e'
gmake[1]: Leaving directory '/home/sebilla/mintstd/libzypp-17.2.2/build/CMakeFiles/CMakeTmp'


Parsed CXX implicit link information from above output:
  link line regex: [^( *|.*[/\])(m68k-atari-mint-ld|CMAKE_LINK_STARTFILE-NOTFOUND|([^/\]+-)?ld|collect2)[^/\]*( |$)]
  ignore line: [Change Dir: /home/sebilla/mintstd/libzypp-17.2.2/build/CMakeFiles/CMakeTmp]
  ignore line: []
  ignore line: [Run Build Command:"/usr/bin/gmake" "cmTC_e039e/fast"]
  ignore line: [/usr/bin/gmake -f CMakeFiles/cmTC_e039e.dir/build.make CMakeFiles/cmTC_e039e.dir/build]
  ignore line: [gmake[1]: Entering directory '/home/sebilla/mintstd/libzypp-17.2.2/build/CMakeFiles/CMakeTmp']
  ignore line: [Building CXX object CMakeFiles/cmTC_e039e.dir/CMakeCXXCompilerABI.cpp.o]
  ignore line: [/home/sebilla/mintstd/binary7-package/usr/bin/m68k-atari-mint-g++ --sysroot=/usr/m68k-atari-mint/sys-root    -m68020-60 -O2 -fomit-frame-pointer    -o CMakeFiles/cmTC_e039e.dir/CMakeCXXCompilerABI.cpp.o -c /usr/share/cmake/Modules/CMakeCXXCompilerABI.cpp]
  ignore line: [Linking CXX executable cmTC_e039e]
  ignore line: [/usr/bin/cmake -E cmake_link_script CMakeFiles/cmTC_e039e.dir/link.txt --verbose=1]
  ignore line: [/home/sebilla/mintstd/binary7-package/usr/bin/m68k-atari-mint-g++ --sysroot=/usr/m68k-atari-mint/sys-root  -m68020-60 -O2 -fomit-frame-pointer    -v CMakeFiles/cmTC_e039e.dir/CMakeCXXCompilerABI.cpp.o  -o cmTC_e039e ]
  ignore line: [Using built-in specs.]
  ignore line: [COLLECT_GCC=/home/sebilla/mintstd/binary7-package/usr/bin/m68k-atari-mint-g++]
  ignore line: [COLLECT_LTO_WRAPPER=/home/sebilla/mintstd/binary7-package/usr/bin/../lib64/gcc/m68k-atari-mint/7/lto-wrapper]
  ignore line: [Target: m68k-atari-mint]
  ignore line: [Configured with: /home/sebilla/m68k-atari-mint-gcc/configure --target=m68k-atari-mint --build=x86_64-pc-linux-gnu --prefix=/usr --libdir=/usr/lib64 --bindir=/usr/bin --libexecdir='' 'CFLAGS_FOR_BUILD=-O2 -fomit-frame-pointer' CFLAGS='-O2 -fomit-frame-pointer' 'CXXFLAGS_FOR_BUILD=-O2 -fomit-frame-pointer' CXXFLAGS='-O2 -fomit-frame-pointer' 'BOOT_CFLAGS=-O2 -fomit-frame-pointer' 'CFLAGS_FOR_TARGET=-O2 -fomit-frame-pointer' 'CXXFLAGS_FOR_TARGET=-O2 -fomit-frame-pointer' LDFLAGS_FOR_BUILD= LDFLAGS= --with-pkgversion='MiNT 20180215' --disable-libvtv --disable-libmpx --disable-libcc1 --disable-werror --with-gxx-include-dir=/usr/m68k-atari-mint/sys-root/usr/include/c++/7 --with-gcc-major-version-only --with-gcc --with-gnu-as --with-gnu-ld --with-system-zlib --disable-libgomp --without-newlib --disable-libstdcxx-pch --disable-threads --disable-win32-registry --disable-lto --enable-ssp --enable-libssp --disable-plugin --enable-decimal-float --disable-nls --with-libiconv-prefix=/usr --with-libintl-prefix=/usr --with-sysroot=/usr/m68k-atari-mint/sys-root --enable-languages=c,c++]
  ignore line: [Thread model: single]
  ignore line: [gcc version 7.3.0 (MiNT 20180215) ]
  ignore line: [COMPILER_PATH=/home/sebilla/mintstd/binary7-package/usr/bin/../lib64/gcc/m68k-atari-mint/7/:/home/sebilla/mintstd/binary7-package/usr/bin/../lib64/gcc/:/home/sebilla/mintstd/binary7-package/usr/bin/../lib64/gcc/m68k-atari-mint/7/../../../../m68k-atari-mint/bin/]
  ignore line: [LIBRARY_PATH=/home/sebilla/mintstd/binary7-package/usr/bin/../lib64/gcc/m68k-atari-mint/7/m68020-60/:/home/sebilla/mintstd/binary7-package/usr/bin/../lib64/gcc/m68k-atari-mint/7/../../../../m68k-atari-mint/lib/m68020-60/:/usr/m68k-atari-mint/sys-root/usr/lib/m68020-60/:/home/sebilla/mintstd/binary7-package/usr/bin/../lib64/gcc/m68k-atari-mint/7/:/home/sebilla/mintstd/binary7-package/usr/bin/../lib64/gcc/:/home/sebilla/mintstd/binary7-package/usr/bin/../lib64/gcc/m68k-atari-mint/7/../../../../m68k-atari-mint/lib/:/usr/m68k-atari-mint/sys-root/usr/lib/]
  ignore line: [COLLECT_GCC_OPTIONS='-m68020-60' '-O2' '-fomit-frame-pointer' '-v' '-o' 'cmTC_e039e']
  link line: [ /home/sebilla/mintstd/binary7-package/usr/bin/../lib64/gcc/m68k-atari-mint/7/collect2 --sysroot=/usr/m68k-atari-mint/sys-root -o cmTC_e039e /usr/m68k-atari-mint/sys-root/usr/lib/crt0.o -L/home/sebilla/mintstd/binary7-package/usr/bin/../lib64/gcc/m68k-atari-mint/7/m68020-60 -L/home/sebilla/mintstd/binary7-package/usr/bin/../lib64/gcc/m68k-atari-mint/7/../../../../m68k-atari-mint/lib/m68020-60 -L/usr/m68k-atari-mint/sys-root/usr/lib/m68020-60 -L/home/sebilla/mintstd/binary7-package/usr/bin/../lib64/gcc/m68k-atari-mint/7 -L/home/sebilla/mintstd/binary7-package/usr/bin/../lib64/gcc -L/home/sebilla/mintstd/binary7-package/usr/bin/../lib64/gcc/m68k-atari-mint/7/../../../../m68k-atari-mint/lib -L/usr/m68k-atari-mint/sys-root/usr/lib CMakeFiles/cmTC_e039e.dir/CMakeCXXCompilerABI.cpp.o -lstdc++ -lm -lgcc -lc -lgcc]
    arg [/home/sebilla/mintstd/binary7-package/usr/bin/../lib64/gcc/m68k-atari-mint/7/collect2] ==> ignore
    arg [--sysroot=/usr/m68k-atari-mint/sys-root] ==> ignore
    arg [-o] ==> ignore
    arg [cmTC_e039e] ==> ignore
    arg [/usr/m68k-atari-mint/sys-root/usr/lib/crt0.o] ==> ignore
    arg [-L/home/sebilla/mintstd/binary7-package/usr/bin/../lib64/gcc/m68k-atari-mint/7/m68020-60] ==> dir [/home/sebilla/mintstd/binary7-package/usr/bin/../lib64/gcc/m68k-atari-mint/7/m68020-60]
    arg [-L/home/sebilla/mintstd/binary7-package/usr/bin/../lib64/gcc/m68k-atari-mint/7/../../../../m68k-atari-mint/lib/m68020-60] ==> dir [/home/sebilla/mintstd/binary7-package/usr/bin/../lib64/gcc/m68k-atari-mint/7/../../../../m68k-atari-mint/lib/m68020-60]
    arg [-L/usr/m68k-atari-mint/sys-root/usr/lib/m68020-60] ==> dir [/usr/m68k-atari-mint/sys-root/usr/lib/m68020-60]
    arg [-L/home/sebilla/mintstd/binary7-package/usr/bin/../lib64/gcc/m68k-atari-mint/7] ==> dir [/home/sebilla/mintstd/binary7-package/usr/bin/../lib64/gcc/m68k-atari-mint/7]
    arg [-L/home/sebilla/mintstd/binary7-package/usr/bin/../lib64/gcc] ==> dir [/home/sebilla/mintstd/binary7-package/usr/bin/../lib64/gcc]
    arg [-L/home/sebilla/mintstd/binary7-package/usr/bin/../lib64/gcc/m68k-atari-mint/7/../../../../m68k-atari-mint/lib] ==> dir [/home/sebilla/mintstd/binary7-package/usr/bin/../lib64/gcc/m68k-atari-mint/7/../../../../m68k-atari-mint/lib]
    arg [-L/usr/m68k-atari-mint/sys-root/usr/lib] ==> dir [/usr/m68k-atari-mint/sys-root/usr/lib]
    arg [CMakeFiles/cmTC_e039e.dir/CMakeCXXCompilerABI.cpp.o] ==> ignore
    arg [-lstdc++] ==> lib [stdc++]
    arg [-lm] ==> lib [m]
    arg [-lgcc] ==> lib [gcc]
    arg [-lc] ==> lib [c]
    arg [-lgcc] ==> lib [gcc]
  collapse library dir [/home/sebilla/mintstd/binary7-package/usr/bin/../lib64/gcc/m68k-atari-mint/7/m68020-60] ==> [/home/sebilla/mintstd/binary7-package/usr/lib64/gcc/m68k-atari-mint/7/m68020-60]
  collapse library dir [/home/sebilla/mintstd/binary7-package/usr/bin/../lib64/gcc/m68k-atari-mint/7/../../../../m68k-atari-mint/lib/m68020-60] ==> [/home/sebilla/mintstd/binary7-package/usr/m68k-atari-mint/lib/m68020-60]
  collapse library dir [/usr/m68k-atari-mint/sys-root/usr/lib/m68020-60] ==> [/usr/m68k-atari-mint/sys-root/usr/lib/m68020-60]
  collapse library dir [/home/sebilla/mintstd/binary7-package/usr/bin/../lib64/gcc/m68k-atari-mint/7] ==> [/home/sebilla/mintstd/binary7-package/usr/lib64/gcc/m68k-atari-mint/7]
  collapse library dir [/home/sebilla/mintstd/binary7-package/usr/bin/../lib64/gcc] ==> [/home/sebilla/mintstd/binary7-package/usr/lib64/gcc]
  collapse library dir [/home/sebilla/mintstd/binary7-package/usr/bin/../lib64/gcc/m68k-atari-mint/7/../../../../m68k-atari-mint/lib] ==> [/home/sebilla/mintstd/binary7-package/usr/m68k-atari-mint/lib]
  collapse library dir [/usr/m68k-atari-mint/sys-root/usr/lib] ==> [/usr/m68k-atari-mint/sys-root/usr/lib]
  implicit libs: [stdc++;m;gcc;c;gcc]
  implicit dirs: [/home/sebilla/mintstd/binary7-package/usr/lib64/gcc/m68k-atari-mint/7/m68020-60;/home/sebilla/mintstd/binary7-package/usr/m68k-atari-mint/lib/m68020-60;/usr/m68k-atari-mint/sys-root/usr/lib/m68020-60;/home/sebilla/mintstd/binary7-package/usr/lib64/gcc/m68k-atari-mint/7;/home/sebilla/mintstd/binary7-package/usr/lib64/gcc;/home/sebilla/mintstd/binary7-package/usr/m68k-atari-mint/lib;/usr/m68k-atari-mint/sys-root/usr/lib]
  implicit fwks: []




Detecting CXX [-std=c++1z] compiler features compiled with the following output:
Change Dir: /home/sebilla/mintstd/libzypp-17.2.2/build/CMakeFiles/CMakeTmp

Run Build Command:"/usr/bin/gmake" "cmTC_735ff/fast"
/usr/bin/gmake -f CMakeFiles/cmTC_735ff.dir/build.make CMakeFiles/cmTC_735ff.dir/build
gmake[1]: Entering directory '/home/sebilla/mintstd/libzypp-17.2.2/build/CMakeFiles/CMakeTmp'
Building CXX object CMakeFiles/cmTC_735ff.dir/feature_tests.cxx.o
/home/sebilla/mintstd/binary7-package/usr/bin/m68k-atari-mint-g++ --sysroot=/usr/m68k-atari-mint/sys-root    -m68020-60 -O2 -fomit-frame-pointer    -std=c++1z -o CMakeFiles/cmTC_735ff.dir/feature_tests.cxx.o -c /home/sebilla/mintstd/libzypp-17.2.2/build/CMakeFiles/feature_tests.cxx
Linking CXX executable cmTC_735ff
/usr/bin/cmake -E cmake_link_script CMakeFiles/cmTC_735ff.dir/link.txt --verbose=1
/home/sebilla/mintstd/binary7-package/usr/bin/m68k-atari-mint-g++ --sysroot=/usr/m68k-atari-mint/sys-root  -m68020-60 -O2 -fomit-frame-pointer     CMakeFiles/cmTC_735ff.dir/feature_tests.cxx.o  -o cmTC_735ff 
gmake[1]: Leaving directory '/home/sebilla/mintstd/libzypp-17.2.2/build/CMakeFiles/CMakeTmp'


    Feature record: CXX_FEATURE:1cxx_aggregate_default_initializers
    Feature record: CXX_FEATURE:1cxx_alias_templates
    Feature record: CXX_FEATURE:1cxx_alignas
    Feature record: CXX_FEATURE:1cxx_alignof
    Feature record: CXX_FEATURE:1cxx_attributes
    Feature record: CXX_FEATURE:1cxx_attribute_deprecated
    Feature record: CXX_FEATURE:1cxx_auto_type
    Feature record: CXX_FEATURE:1cxx_binary_literals
    Feature record: CXX_FEATURE:1cxx_constexpr
    Feature record: CXX_FEATURE:1cxx_contextual_conversions
    Feature record: CXX_FEATURE:1cxx_decltype
    Feature record: CXX_FEATURE:1cxx_decltype_auto
    Feature record: CXX_FEATURE:1cxx_decltype_incomplete_return_types
    Feature record: CXX_FEATURE:1cxx_default_function_template_args
    Feature record: CXX_FEATURE:1cxx_defaulted_functions
    Feature record: CXX_FEATURE:1cxx_defaulted_move_initializers
    Feature record: CXX_FEATURE:1cxx_delegating_constructors
    Feature record: CXX_FEATURE:1cxx_deleted_functions
    Feature record: CXX_FEATURE:1cxx_digit_separators
    Feature record: CXX_FEATURE:1cxx_enum_forward_declarations
    Feature record: CXX_FEATURE:1cxx_explicit_conversions
    Feature record: CXX_FEATURE:1cxx_extended_friend_declarations
    Feature record: CXX_FEATURE:1cxx_extern_templates
    Feature record: CXX_FEATURE:1cxx_final
    Feature record: CXX_FEATURE:1cxx_func_identifier
    Feature record: CXX_FEATURE:1cxx_generalized_initializers
    Feature record: CXX_FEATURE:1cxx_generic_lambdas
    Feature record: CXX_FEATURE:1cxx_inheriting_constructors
    Feature record: CXX_FEATURE:1cxx_inline_namespaces
    Feature record: CXX_FEATURE:1cxx_lambdas
    Feature record: CXX_FEATURE:1cxx_lambda_init_captures
    Feature record: CXX_FEATURE:1cxx_local_type_template_args
    Feature record: CXX_FEATURE:1cxx_long_long_type
    Feature record: CXX_FEATURE:1cxx_noexcept
    Feature record: CXX_FEATURE:1cxx_nonstatic_member_init
    Feature record: CXX_FEATURE:1cxx_nullptr
    Feature record: CXX_FEATURE:1cxx_override
    Feature record: CXX_FEATURE:1cxx_range_for
    Feature record: CXX_FEATURE:1cxx_raw_string_literals
    Feature record: CXX_FEATURE:1cxx_reference_qualified_functions
    Feature record: CXX_FEATURE:1cxx_relaxed_constexpr
    Feature record: CXX_FEATURE:1cxx_return_type_deduction
    Feature record: CXX_FEATURE:1cxx_right_angle_brackets
    Feature record: CXX_FEATURE:1cxx_rvalue_references
    Feature record: CXX_FEATURE:1cxx_sizeof_member
    Feature record: CXX_FEATURE:1cxx_static_assert
    Feature record: CXX_FEATURE:1cxx_strong_enums
    Feature record: CXX_FEATURE:1cxx_template_template_parameters
    Feature record: CXX_FEATURE:1cxx_thread_local
    Feature record: CXX_FEATURE:1cxx_trailing_return_types
    Feature record: CXX_FEATURE:1cxx_unicode_literals
    Feature record: CXX_FEATURE:1cxx_uniform_initialization
    Feature record: CXX_FEATURE:1cxx_unrestricted_unions
    Feature record: CXX_FEATURE:1cxx_user_literals
    Feature record: CXX_FEATURE:1cxx_variable_templates
    Feature record: CXX_FEATURE:1cxx_variadic_macros
    Feature record: CXX_FEATURE:1cxx_variadic_templates


Detecting CXX [-std=c++14] compiler features compiled with the following output:
Change Dir: /home/sebilla/mintstd/libzypp-17.2.2/build/CMakeFiles/CMakeTmp

Run Build Command:"/usr/bin/gmake" "cmTC_a5905/fast"
/usr/bin/gmake -f CMakeFiles/cmTC_a5905.dir/build.make CMakeFiles/cmTC_a5905.dir/build
gmake[1]: Entering directory '/home/sebilla/mintstd/libzypp-17.2.2/build/CMakeFiles/CMakeTmp'
Building CXX object CMakeFiles/cmTC_a5905.dir/feature_tests.cxx.o
/home/sebilla/mintstd/binary7-package/usr/bin/m68k-atari-mint-g++ --sysroot=/usr/m68k-atari-mint/sys-root    -m68020-60 -O2 -fomit-frame-pointer    -std=c++14 -o CMakeFiles/cmTC_a5905.dir/feature_tests.cxx.o -c /home/sebilla/mintstd/libzypp-17.2.2/build/CMakeFiles/feature_tests.cxx
Linking CXX executable cmTC_a5905
/usr/bin/cmake -E cmake_link_script CMakeFiles/cmTC_a5905.dir/link.txt --verbose=1
/home/sebilla/mintstd/binary7-package/usr/bin/m68k-atari-mint-g++ --sysroot=/usr/m68k-atari-mint/sys-root  -m68020-60 -O2 -fomit-frame-pointer     CMakeFiles/cmTC_a5905.dir/feature_tests.cxx.o  -o cmTC_a5905 
gmake[1]: Leaving directory '/home/sebilla/mintstd/libzypp-17.2.2/build/CMakeFiles/CMakeTmp'


    Feature record: CXX_FEATURE:1cxx_aggregate_default_initializers
    Feature record: CXX_FEATURE:1cxx_alias_templates
    Feature record: CXX_FEATURE:1cxx_alignas
    Feature record: CXX_FEATURE:1cxx_alignof
    Feature record: CXX_FEATURE:1cxx_attributes
    Feature record: CXX_FEATURE:1cxx_attribute_deprecated
    Feature record: CXX_FEATURE:1cxx_auto_type
    Feature record: CXX_FEATURE:1cxx_binary_literals
    Feature record: CXX_FEATURE:1cxx_constexpr
    Feature record: CXX_FEATURE:1cxx_contextual_conversions
    Feature record: CXX_FEATURE:1cxx_decltype
    Feature record: CXX_FEATURE:1cxx_decltype_auto
    Feature record: CXX_FEATURE:1cxx_decltype_incomplete_return_types
    Feature record: CXX_FEATURE:1cxx_default_function_template_args
    Feature record: CXX_FEATURE:1cxx_defaulted_functions
    Feature record: CXX_FEATURE:1cxx_defaulted_move_initializers
    Feature record: CXX_FEATURE:1cxx_delegating_constructors
    Feature record: CXX_FEATURE:1cxx_deleted_functions
    Feature record: CXX_FEATURE:1cxx_digit_separators
    Feature record: CXX_FEATURE:1cxx_enum_forward_declarations
    Feature record: CXX_FEATURE:1cxx_explicit_conversions
    Feature record: CXX_FEATURE:1cxx_extended_friend_declarations
    Feature record: CXX_FEATURE:1cxx_extern_templates
    Feature record: CXX_FEATURE:1cxx_final
    Feature record: CXX_FEATURE:1cxx_func_identifier
    Feature record: CXX_FEATURE:1cxx_generalized_initializers
    Feature record: CXX_FEATURE:1cxx_generic_lambdas
    Feature record: CXX_FEATURE:1cxx_inheriting_constructors
    Feature record: CXX_FEATURE:1cxx_inline_namespaces
    Feature record: CXX_FEATURE:1cxx_lambdas
    Feature record: CXX_FEATURE:1cxx_lambda_init_captures
    Feature record: CXX_FEATURE:1cxx_local_type_template_args
    Feature record: CXX_FEATURE:1cxx_long_long_type
    Feature record: CXX_FEATURE:1cxx_noexcept
    Feature record: CXX_FEATURE:1cxx_nonstatic_member_init
    Feature record: CXX_FEATURE:1cxx_nullptr
    Feature record: CXX_FEATURE:1cxx_override
    Feature record: CXX_FEATURE:1cxx_range_for
    Feature record: CXX_FEATURE:1cxx_raw_string_literals
    Feature record: CXX_FEATURE:1cxx_reference_qualified_functions
    Feature record: CXX_FEATURE:1cxx_relaxed_constexpr
    Feature record: CXX_FEATURE:1cxx_return_type_deduction
    Feature record: CXX_FEATURE:1cxx_right_angle_brackets
    Feature record: CXX_FEATURE:1cxx_rvalue_references
    Feature record: CXX_FEATURE:1cxx_sizeof_member
    Feature record: CXX_FEATURE:1cxx_static_assert
    Feature record: CXX_FEATURE:1cxx_strong_enums
    Feature record: CXX_FEATURE:1cxx_template_template_parameters
    Feature record: CXX_FEATURE:1cxx_thread_local
    Feature record: CXX_FEATURE:1cxx_trailing_return_types
    Feature record: CXX_FEATURE:1cxx_unicode_literals
    Feature record: CXX_FEATURE:1cxx_uniform_initialization
    Feature record: CXX_FEATURE:1cxx_unrestricted_unions
    Feature record: CXX_FEATURE:1cxx_user_literals
    Feature record: CXX_FEATURE:1cxx_variable_templates
    Feature record: CXX_FEATURE:1cxx_variadic_macros
    Feature record: CXX_FEATURE:1cxx_variadic_templates


Detecting CXX [-std=c++11] compiler features compiled with the following output:
Change Dir: /home/sebilla/mintstd/libzypp-17.2.2/build/CMakeFiles/CMakeTmp

Run Build Command:"/usr/bin/gmake" "cmTC_b3756/fast"
/usr/bin/gmake -f CMakeFiles/cmTC_b3756.dir/build.make CMakeFiles/cmTC_b3756.dir/build
gmake[1]: Entering directory '/home/sebilla/mintstd/libzypp-17.2.2/build/CMakeFiles/CMakeTmp'
Building CXX object CMakeFiles/cmTC_b3756.dir/feature_tests.cxx.o
/home/sebilla/mintstd/binary7-package/usr/bin/m68k-atari-mint-g++ --sysroot=/usr/m68k-atari-mint/sys-root    -m68020-60 -O2 -fomit-frame-pointer    -std=c++11 -o CMakeFiles/cmTC_b3756.dir/feature_tests.cxx.o -c /home/sebilla/mintstd/libzypp-17.2.2/build/CMakeFiles/feature_tests.cxx
Linking CXX executable cmTC_b3756
/usr/bin/cmake -E cmake_link_script CMakeFiles/cmTC_b3756.dir/link.txt --verbose=1
/home/sebilla/mintstd/binary7-package/usr/bin/m68k-atari-mint-g++ --sysroot=/usr/m68k-atari-mint/sys-root  -m68020-60 -O2 -fomit-frame-pointer     CMakeFiles/cmTC_b3756.dir/feature_tests.cxx.o  -o cmTC_b3756 
gmake[1]: Leaving directory '/home/sebilla/mintstd/libzypp-17.2.2/build/CMakeFiles/CMakeTmp'


    Feature record: CXX_FEATURE:0cxx_aggregate_default_initializers
    Feature record: CXX_FEATURE:1cxx_alias_templates
    Feature record: CXX_FEATURE:1cxx_alignas
    Feature record: CXX_FEATURE:1cxx_alignof
    Feature record: CXX_FEATURE:1cxx_attributes
    Feature record: CXX_FEATURE:0cxx_attribute_deprecated
    Feature record: CXX_FEATURE:1cxx_auto_type
    Feature record: CXX_FEATURE:0cxx_binary_literals
    Feature record: CXX_FEATURE:1cxx_constexpr
    Feature record: CXX_FEATURE:0cxx_contextual_conversions
    Feature record: CXX_FEATURE:1cxx_decltype
    Feature record: CXX_FEATURE:0cxx_decltype_auto
    Feature record: CXX_FEATURE:1cxx_decltype_incomplete_return_types
    Feature record: CXX_FEATURE:1cxx_default_function_template_args
    Feature record: CXX_FEATURE:1cxx_defaulted_functions
    Feature record: CXX_FEATURE:1cxx_defaulted_move_initializers
    Feature record: CXX_FEATURE:1cxx_delegating_constructors
    Feature record: CXX_FEATURE:1cxx_deleted_functions
    Feature record: CXX_FEATURE:0cxx_digit_separators
    Feature record: CXX_FEATURE:1cxx_enum_forward_declarations
    Feature record: CXX_FEATURE:1cxx_explicit_conversions
    Feature record: CXX_FEATURE:1cxx_extended_friend_declarations
    Feature record: CXX_FEATURE:1cxx_extern_templates
    Feature record: CXX_FEATURE:1cxx_final
    Feature record: CXX_FEATURE:1cxx_func_identifier
    Feature record: CXX_FEATURE:1cxx_generalized_initializers
    Feature record: CXX_FEATURE:0cxx_generic_lambdas
    Feature record: CXX_FEATURE:1cxx_inheriting_constructors
    Feature record: CXX_FEATURE:1cxx_inline_namespaces
    Feature record: CXX_FEATURE:1cxx_lambdas
    Feature record: CXX_FEATURE:0cxx_lambda_init_captures
    Feature record: CXX_FEATURE:1cxx_local_type_template_args
    Feature record: CXX_FEATURE:1cxx_long_long_type
    Feature record: CXX_FEATURE:1cxx_noexcept
    Feature record: CXX_FEATURE:1cxx_nonstatic_member_init
    Feature record: CXX_FEATURE:1cxx_nullptr
    Feature record: CXX_FEATURE:1cxx_override
    Feature record: CXX_FEATURE:1cxx_range_for
    Feature record: CXX_FEATURE:1cxx_raw_string_literals
    Feature record: CXX_FEATURE:1cxx_reference_qualified_functions
    Feature record: CXX_FEATURE:0cxx_relaxed_constexpr
    Feature record: CXX_FEATURE:0cxx_return_type_deduction
    Feature record: CXX_FEATURE:1cxx_right_angle_brackets
    Feature record: CXX_FEATURE:1cxx_rvalue_references
    Feature record: CXX_FEATURE:1cxx_sizeof_member
    Feature record: CXX_FEATURE:1cxx_static_assert
    Feature record: CXX_FEATURE:1cxx_strong_enums
    Feature record: CXX_FEATURE:1cxx_template_template_parameters
    Feature record: CXX_FEATURE:1cxx_thread_local
    Feature record: CXX_FEATURE:1cxx_trailing_return_types
    Feature record: CXX_FEATURE:1cxx_unicode_literals
    Feature record: CXX_FEATURE:1cxx_uniform_initialization
    Feature record: CXX_FEATURE:1cxx_unrestricted_unions
    Feature record: CXX_FEATURE:1cxx_user_literals
    Feature record: CXX_FEATURE:0cxx_variable_templates
    Feature record: CXX_FEATURE:1cxx_variadic_macros
    Feature record: CXX_FEATURE:1cxx_variadic_templates


Detecting CXX [-std=c++98] compiler features compiled with the following output:
Change Dir: /home/sebilla/mintstd/libzypp-17.2.2/build/CMakeFiles/CMakeTmp

Run Build Command:"/usr/bin/gmake" "cmTC_1d6b4/fast"
/usr/bin/gmake -f CMakeFiles/cmTC_1d6b4.dir/build.make CMakeFiles/cmTC_1d6b4.dir/build
gmake[1]: Entering directory '/home/sebilla/mintstd/libzypp-17.2.2/build/CMakeFiles/CMakeTmp'
Building CXX object CMakeFiles/cmTC_1d6b4.dir/feature_tests.cxx.o
/home/sebilla/mintstd/binary7-package/usr/bin/m68k-atari-mint-g++ --sysroot=/usr/m68k-atari-mint/sys-root    -m68020-60 -O2 -fomit-frame-pointer    -std=c++98 -o CMakeFiles/cmTC_1d6b4.dir/feature_tests.cxx.o -c /home/sebilla/mintstd/libzypp-17.2.2/build/CMakeFiles/feature_tests.cxx
Linking CXX executable cmTC_1d6b4
/usr/bin/cmake -E cmake_link_script CMakeFiles/cmTC_1d6b4.dir/link.txt --verbose=1
/home/sebilla/mintstd/binary7-package/usr/bin/m68k-atari-mint-g++ --sysroot=/usr/m68k-atari-mint/sys-root  -m68020-60 -O2 -fomit-frame-pointer     CMakeFiles/cmTC_1d6b4.dir/feature_tests.cxx.o  -o cmTC_1d6b4 
gmake[1]: Leaving directory '/home/sebilla/mintstd/libzypp-17.2.2/build/CMakeFiles/CMakeTmp'


    Feature record: CXX_FEATURE:0cxx_aggregate_default_initializers
    Feature record: CXX_FEATURE:0cxx_alias_templates
    Feature record: CXX_FEATURE:0cxx_alignas
    Feature record: CXX_FEATURE:0cxx_alignof
    Feature record: CXX_FEATURE:0cxx_attributes
    Feature record: CXX_FEATURE:0cxx_attribute_deprecated
    Feature record: CXX_FEATURE:0cxx_auto_type
    Feature record: CXX_FEATURE:0cxx_binary_literals
    Feature record: CXX_FEATURE:0cxx_constexpr
    Feature record: CXX_FEATURE:0cxx_contextual_conversions
    Feature record: CXX_FEATURE:0cxx_decltype
    Feature record: CXX_FEATURE:0cxx_decltype_auto
    Feature record: CXX_FEATURE:0cxx_decltype_incomplete_return_types
    Feature record: CXX_FEATURE:0cxx_default_function_template_args
    Feature record: CXX_FEATURE:0cxx_defaulted_functions
    Feature record: CXX_FEATURE:0cxx_defaulted_move_initializers
    Feature record: CXX_FEATURE:0cxx_delegating_constructors
    Feature record: CXX_FEATURE:0cxx_deleted_functions
    Feature record: CXX_FEATURE:0cxx_digit_separators
    Feature record: CXX_FEATURE:0cxx_enum_forward_declarations
    Feature record: CXX_FEATURE:0cxx_explicit_conversions
    Feature record: CXX_FEATURE:0cxx_extended_friend_declarations
    Feature record: CXX_FEATURE:0cxx_extern_templates
    Feature record: CXX_FEATURE:0cxx_final
    Feature record: CXX_FEATURE:0cxx_func_identifier
    Feature record: CXX_FEATURE:0cxx_generalized_initializers
    Feature record: CXX_FEATURE:0cxx_generic_lambdas
    Feature record: CXX_FEATURE:0cxx_inheriting_constructors
    Feature record: CXX_FEATURE:0cxx_inline_namespaces
    Feature record: CXX_FEATURE:0cxx_lambdas
    Feature record: CXX_FEATURE:0cxx_lambda_init_captures
    Feature record: CXX_FEATURE:0cxx_local_type_template_args
    Feature record: CXX_FEATURE:0cxx_long_long_type
    Feature record: CXX_FEATURE:0cxx_noexcept
    Feature record: CXX_FEATURE:0cxx_nonstatic_member_init
    Feature record: CXX_FEATURE:0cxx_nullptr
    Feature record: CXX_FEATURE:0cxx_override
    Feature record: CXX_FEATURE:0cxx_range_for
    Feature record: CXX_FEATURE:0cxx_raw_string_literals
    Feature record: CXX_FEATURE:0cxx_reference_qualified_functions
    Feature record: CXX_FEATURE:0cxx_relaxed_constexpr
    Feature record: CXX_FEATURE:0cxx_return_type_deduction
    Feature record: CXX_FEATURE:0cxx_right_angle_brackets
    Feature record: CXX_FEATURE:0cxx_rvalue_references
    Feature record: CXX_FEATURE:0cxx_sizeof_member
    Feature record: CXX_FEATURE:0cxx_static_assert
    Feature record: CXX_FEATURE:0cxx_strong_enums
    Feature record: CXX_FEATURE:1cxx_template_template_parameters
    Feature record: CXX_FEATURE:0cxx_thread_local
    Feature record: CXX_FEATURE:0cxx_trailing_return_types
    Feature record: CXX_FEATURE:0cxx_unicode_literals
    Feature record: CXX_FEATURE:0cxx_uniform_initialization
    Feature record: CXX_FEATURE:0cxx_unrestricted_unions
    Feature record: CXX_FEATURE:0cxx_user_literals
    Feature record: CXX_FEATURE:0cxx_variable_templates
    Feature record: CXX_FEATURE:0cxx_variadic_macros
    Feature record: CXX_FEATURE:0cxx_variadic_templates
